#
# There is insufficient memory for the Java Runtime Environment to continue.
# Native memory allocation (malloc) failed to allocate 2555056 bytes for Chunk::new
# Possible reasons:
#   The system is out of physical RAM or swap space
#   The process is running with CompressedOops enabled, and the Java Heap may be blocking the growth of the native heap
# Possible solutions:
#   Reduce memory load on the system
#   Increase physical memory or swap space
#   Check if swap backing store is full
#   Decrease Java heap size (-Xmx/-Xms)
#   Decrease number of Java threads
#   Decrease Java thread stack sizes (-Xss)
#   Set larger code cache with -XX:ReservedCodeCacheSize=
#   JVM is running with Unscaled Compressed Oops mode in which the Java heap is
#     placed in the first 4GB address space. The Java Heap base address is the
#     maximum limit for the native heap growth. Please use -XX:HeapBaseMinAddress
#     to set the Java Heap base and to place the Java Heap above 4GB virtual address.
# This output file may be truncated or incomplete.
#
#  Out of Memory Error (allocation.cpp:389), pid=2804, tid=0x000000000000364c
#
# JRE version: OpenJDK Runtime Environment (8.0_212-b04) (build 1.8.0_212-release-1586-b04)
# Java VM: OpenJDK 64-Bit Server VM (25.212-b04 mixed mode windows-amd64 compressed oops)
# Failed to write core dump. Minidumps are not enabled by default on client versions of Windows
#

---------------  T H R E A D  ---------------

Current thread (0x000000001826e000):  JavaThread "C2 CompilerThread0" daemon [_thread_in_native, id=13900, stack(0x0000000018b40000,0x0000000018c40000)]

Stack: [0x0000000018b40000,0x0000000018c40000]
[error occurred during error reporting (printing stack bounds), id 0xc0000005]

Native frames: (J=compiled Java code, j=interpreted, Vv=VM code, C=native code)


Current CompileTask:
C2:   8160 2465   !   4       java.net.URLClassLoader$1::run (63 bytes)


---------------  P R O C E S S  ---------------

Java Threads: ( => current thread )
  0x000000001a275800 JavaThread "Cache worker for execution history cache (C:\Users\Aagam Shah\.gradle\caches\5.6.4\executionHistory)" [_thread_blocked, id=6484, stack(0x00000000212e0000,0x00000000213e0000)]
  0x000000001a274800 JavaThread "Cache worker for cache directory md-rule (C:\Users\Aagam Shah\.gradle\caches\5.6.4\md-rule)" [_thread_blocked, id=1180, stack(0x00000000211e0000,0x00000000212e0000)]
  0x000000001a274000 JavaThread "Cache worker for cache directory md-supplier (C:\Users\Aagam Shah\.gradle\caches\5.6.4\md-supplier)" [_thread_blocked, id=8692, stack(0x0000000020c70000,0x0000000020d70000)]
  0x000000001a276000 JavaThread "Cache worker for file hash cache (C:\Users\Aagam Shah\AndroidStudioProjects\BuyAndSell\.gradle\5.6.4\fileHashes)" [_thread_blocked, id=7784, stack(0x000000001f330000,0x000000001f430000)]
  0x000000001a277800 JavaThread "Cache worker for journal cache (C:\Users\Aagam Shah\.gradle\caches\journal-1)" [_thread_blocked, id=10676, stack(0x000000001d090000,0x000000001d190000)]
  0x000000001a279000 JavaThread "File lock request listener" [_thread_in_native, id=21752, stack(0x000000001cf90000,0x000000001d090000)]
  0x000000001abc9000 JavaThread "Cache worker for file hash cache (C:\Users\Aagam Shah\.gradle\caches\5.6.4\fileHashes)" [_thread_blocked, id=6312, stack(0x000000001cc90000,0x000000001cd90000)]
  0x000000001af32800 JavaThread "Thread-9" [_thread_blocked, id=19216, stack(0x000000001cb90000,0x000000001cc90000)]
  0x000000001af32000 JavaThread "Stdin handler" [_thread_blocked, id=15032, stack(0x000000001ca90000,0x000000001cb90000)]
  0x000000001af2c800 JavaThread "Asynchronous log dispatcher for DefaultDaemonConnection: socket connection from /127.0.0.1:62050 to /127.0.0.1:62051" [_thread_blocked, id=5388, stack(0x000000001c890000,0x000000001c990000)]
  0x000000001ab72000 JavaThread "Daemon worker" [_thread_in_Java, id=19280, stack(0x000000001c790000,0x000000001c890000)]
  0x000000001b009800 JavaThread "Cancel handler" [_thread_blocked, id=17880, stack(0x000000001c690000,0x000000001c790000)]
  0x000000001b01d800 JavaThread "Handler for socket connection from /127.0.0.1:62050 to /127.0.0.1:62051" [_thread_in_native, id=23288, stack(0x000000001c390000,0x000000001c490000)]
  0x000000001b01c800 JavaThread "Daemon" [_thread_blocked, id=20184, stack(0x000000001c290000,0x000000001c390000)]
  0x000000001ae0f800 JavaThread "Daemon periodic checks" [_thread_blocked, id=3040, stack(0x000000001c190000,0x000000001c290000)]
  0x000000001a89e800 JavaThread "Incoming local TCP Connector on port 62050" [_thread_in_native, id=23332, stack(0x000000001bf50000,0x000000001c050000)]
  0x000000001afaa800 JavaThread "Daemon health stats" [_thread_blocked, id=8788, stack(0x000000001a910000,0x000000001aa10000)]
  0x000000001830f800 JavaThread "Service Thread" daemon [_thread_blocked, id=23160, stack(0x0000000018f40000,0x0000000019040000)]
  0x000000001647e000 JavaThread "C1 CompilerThread3" daemon [_thread_blocked, id=6524, stack(0x0000000018e40000,0x0000000018f40000)]
  0x000000001647a000 JavaThread "C2 CompilerThread2" daemon [_thread_in_native, id=9944, stack(0x0000000018d40000,0x0000000018e40000)]
  0x0000000018271000 JavaThread "C2 CompilerThread1" daemon [_thread_blocked, id=18660, stack(0x0000000018c40000,0x0000000018d40000)]
=>0x000000001826e000 JavaThread "C2 CompilerThread0" daemon [_thread_in_native, id=13900, stack(0x0000000018b40000,0x0000000018c40000)]
  0x000000001826d000 JavaThread "Attach Listener" daemon [_thread_blocked, id=16680, stack(0x0000000018a40000,0x0000000018b40000)]
  0x000000001826a000 JavaThread "Signal Dispatcher" daemon [_thread_blocked, id=20604, stack(0x0000000018940000,0x0000000018a40000)]
  0x00000000026ad800 JavaThread "Finalizer" daemon [_thread_blocked, id=17188, stack(0x0000000018740000,0x0000000018840000)]
  0x0000000018260800 JavaThread "Reference Handler" daemon [_thread_blocked, id=21664, stack(0x0000000018640000,0x0000000018740000)]
  0x00000000025b2800 JavaThread "main" [_thread_blocked, id=17136, stack(0x0000000002450000,0x0000000002550000)]

Other Threads:
  0x0000000016466800 VMThread [stack: 0x0000000018140000,0x0000000018240000] [id=15652]
  0x0000000018310800 WatcherThread [stack: 0x0000000019040000,0x0000000019140000] [id=19384]

VM state:not at safepoint (normal execution)

VM Mutex/Monitor currently owned by a thread: None

heap address: 0x00000000a0000000, size: 1536 MB, Compressed Oops mode: 32-bit
Narrow klass base: 0x0000000000000000, Narrow klass shift: 3
Compressed class space size: 1073741824 Address: 0x0000000100000000

Heap:
 PSYoungGen      total 117760K, used 14482K [0x00000000e0000000, 0x00000000e8000000, 0x0000000100000000)
  eden space 105984K, 5% used [0x00000000e0000000,0x00000000e05fa8f8,0x00000000e6780000)
  from space 11776K, 70% used [0x00000000e7300000,0x00000000e7b2a1d0,0x00000000e7e80000)
  to   space 11776K, 0% used [0x00000000e6780000,0x00000000e6780000,0x00000000e7300000)
 ParOldGen       total 59392K, used 9632K [0x00000000a0000000, 0x00000000a3a00000, 0x00000000e0000000)
  object space 59392K, 16% used [0x00000000a0000000,0x00000000a0968290,0x00000000a3a00000)
 Metaspace       used 32180K, capacity 32756K, committed 33152K, reserved 1077248K
  class space    used 4416K, capacity 4619K, committed 4736K, reserved 1048576K

Card table byte_map: [0x0000000011a70000,0x0000000011d80000] byte_map_base: 0x0000000011570000

Marking Bits: (ParMarkBitMap*) 0x0000000059109f30
 Begin Bits: [0x0000000012780000, 0x0000000013f80000)
 End Bits:   [0x0000000013f80000, 0x0000000015780000)

Polling page: 0x00000000003f0000

CodeCache: size=245760Kb used=9901Kb max_used=9942Kb free=235858Kb
 bounds [0x00000000026b0000, 0x0000000003070000, 0x00000000116b0000]
 total_blobs=3182 nmethods=2500 adapters=595
 compilation: enabled

Compilation events (10 events):
Event: 8.056 Thread 0x000000001647a000 nmethod 2530 0x0000000003028d10 code [0x0000000003028e40, 0x0000000003028eb8]
Event: 8.056 Thread 0x000000001647e000 nmethod 2533 0x0000000003025110 code [0x0000000003025280, 0x0000000003025408]
Event: 8.056 Thread 0x000000001647a000 2529       4       java.util.zip.ZipFile$ZipFileInputStream::finalize (5 bytes)
Event: 8.056 Thread 0x000000001647e000 2534       3       java.lang.AbstractStringBuilder::getChars (64 bytes)
Event: 8.056 Thread 0x000000001647e000 nmethod 2534 0x000000000303ae50 code [0x000000000303b000, 0x000000000303b558]
Event: 8.056 Thread 0x000000001647e000 2535       3       org.objectweb.asm.FieldVisitor::<init> (66 bytes)
Event: 8.057 Thread 0x000000001647a000 nmethod 2529 0x0000000003024e10 code [0x0000000003024f60, 0x0000000003024fe8]
Event: 8.058 Thread 0x000000001647e000 nmethod 2535 0x0000000003042310 code [0x0000000003042500, 0x0000000003042e58]
Event: 8.058 Thread 0x000000001647a000 2536       4       org.objectweb.asm.Frame::execute (2318 bytes)
Event: 8.122 Thread 0x0000000018271000 nmethod 2433 0x000000000304d410 code [0x000000000304e080, 0x0000000003057818]

GC Heap History (10 events):
Event: 4.566 GC heap before
{Heap before GC invocations=5 (full 0):
 PSYoungGen      total 38400K, used 38384K [0x00000000e0000000, 0x00000000e4b00000, 0x0000000100000000)
  eden space 33280K, 100% used [0x00000000e0000000,0x00000000e2080000,0x00000000e2080000)
  from space 5120K, 99% used [0x00000000e2580000,0x00000000e2a7c030,0x00000000e2a80000)
  to   space 5120K, 0% used [0x00000000e2080000,0x00000000e2080000,0x00000000e2580000)
 ParOldGen       total 87552K, used 3888K [0x00000000a0000000, 0x00000000a5580000, 0x00000000e0000000)
  object space 87552K, 4% used [0x00000000a0000000,0x00000000a03cc220,0x00000000a5580000)
 Metaspace       used 17624K, capacity 18094K, committed 18432K, reserved 1064960K
  class space    used 2526K, capacity 2691K, committed 2816K, reserved 1048576K
Event: 4.579 GC heap after
Heap after GC invocations=5 (full 0):
 PSYoungGen      total 38400K, used 5088K [0x00000000e0000000, 0x00000000e5600000, 0x0000000100000000)
  eden space 33280K, 0% used [0x00000000e0000000,0x00000000e0000000,0x00000000e2080000)
  from space 5120K, 99% used [0x00000000e2080000,0x00000000e2578040,0x00000000e2580000)
  to   space 10752K, 0% used [0x00000000e4b80000,0x00000000e4b80000,0x00000000e5600000)
 ParOldGen       total 87552K, used 7455K [0x00000000a0000000, 0x00000000a5580000, 0x00000000e0000000)
  object space 87552K, 8% used [0x00000000a0000000,0x00000000a0747d28,0x00000000a5580000)
 Metaspace       used 17624K, capacity 18094K, committed 18432K, reserved 1064960K
  class space    used 2526K, capacity 2691K, committed 2816K, reserved 1048576K
}
Event: 5.190 GC heap before
{Heap before GC invocations=6 (full 0):
 PSYoungGen      total 38400K, used 34996K [0x00000000e0000000, 0x00000000e5600000, 0x0000000100000000)
  eden space 33280K, 89% used [0x00000000e0000000,0x00000000e1d35238,0x00000000e2080000)
  from space 5120K, 99% used [0x00000000e2080000,0x00000000e2578040,0x00000000e2580000)
  to   space 10752K, 0% used [0x00000000e4b80000,0x00000000e4b80000,0x00000000e5600000)
 ParOldGen       total 87552K, used 7455K [0x00000000a0000000, 0x00000000a5580000, 0x00000000e0000000)
  object space 87552K, 8% used [0x00000000a0000000,0x00000000a0747d28,0x00000000a5580000)
 Metaspace       used 20678K, capacity 21202K, committed 21296K, reserved 1067008K
  class space    used 2984K, capacity 3161K, committed 3200K, reserved 1048576K
Event: 5.205 GC heap after
Heap after GC invocations=6 (full 0):
 PSYoungGen      total 76288K, used 8943K [0x00000000e0000000, 0x00000000e5800000, 0x0000000100000000)
  eden space 65536K, 0% used [0x00000000e0000000,0x00000000e0000000,0x00000000e4000000)
  from space 10752K, 83% used [0x00000000e4b80000,0x00000000e543bff8,0x00000000e5600000)
  to   space 11776K, 0% used [0x00000000e4000000,0x00000000e4000000,0x00000000e4b80000)
 ParOldGen       total 87552K, used 7463K [0x00000000a0000000, 0x00000000a5580000, 0x00000000e0000000)
  object space 87552K, 8% used [0x00000000a0000000,0x00000000a0749d28,0x00000000a5580000)
 Metaspace       used 20678K, capacity 21202K, committed 21296K, reserved 1067008K
  class space    used 2984K, capacity 3161K, committed 3200K, reserved 1048576K
}
Event: 5.205 GC heap before
{Heap before GC invocations=7 (full 1):
 PSYoungGen      total 76288K, used 8943K [0x00000000e0000000, 0x00000000e5800000, 0x0000000100000000)
  eden space 65536K, 0% used [0x00000000e0000000,0x00000000e0000000,0x00000000e4000000)
  from space 10752K, 83% used [0x00000000e4b80000,0x00000000e543bff8,0x00000000e5600000)
  to   space 11776K, 0% used [0x00000000e4000000,0x00000000e4000000,0x00000000e4b80000)
 ParOldGen       total 87552K, used 7463K [0x00000000a0000000, 0x00000000a5580000, 0x00000000e0000000)
  object space 87552K, 8% used [0x00000000a0000000,0x00000000a0749d28,0x00000000a5580000)
 Metaspace       used 20678K, capacity 21202K, committed 21296K, reserved 1067008K
  class space    used 2984K, capacity 3161K, committed 3200K, reserved 1048576K
Event: 5.251 GC heap after
Heap after GC invocations=7 (full 1):
 PSYoungGen      total 76288K, used 0K [0x00000000e0000000, 0x00000000e5800000, 0x0000000100000000)
  eden space 65536K, 0% used [0x00000000e0000000,0x00000000e0000000,0x00000000e4000000)
  from space 10752K, 0% used [0x00000000e4b80000,0x00000000e4b80000,0x00000000e5600000)
  to   space 11776K, 0% used [0x00000000e4000000,0x00000000e4000000,0x00000000e4b80000)
 ParOldGen       total 59392K, used 9616K [0x00000000a0000000, 0x00000000a3a00000, 0x00000000e0000000)
  object space 59392K, 16% used [0x00000000a0000000,0x00000000a0964290,0x00000000a3a00000)
 Metaspace       used 20678K, capacity 21202K, committed 21296K, reserved 1067008K
  class space    used 2984K, capacity 3161K, committed 3200K, reserved 1048576K
}
Event: 6.601 GC heap before
{Heap before GC invocations=8 (full 1):
 PSYoungGen      total 76288K, used 65536K [0x00000000e0000000, 0x00000000e5800000, 0x0000000100000000)
  eden space 65536K, 100% used [0x00000000e0000000,0x00000000e4000000,0x00000000e4000000)
  from space 10752K, 0% used [0x00000000e4b80000,0x00000000e4b80000,0x00000000e5600000)
  to   space 11776K, 0% used [0x00000000e4000000,0x00000000e4000000,0x00000000e4b80000)
 ParOldGen       total 59392K, used 9616K [0x00000000a0000000, 0x00000000a3a00000, 0x00000000e0000000)
  object space 59392K, 16% used [0x00000000a0000000,0x00000000a0964290,0x00000000a3a00000)
 Metaspace       used 29061K, capacity 29562K, committed 29696K, reserved 1075200K
  class space    used 3912K, capacity 4065K, committed 4096K, reserved 1048576K
Event: 6.616 GC heap after
Heap after GC invocations=8 (full 1):
 PSYoungGen      total 77312K, used 8068K [0x00000000e0000000, 0x00000000e7e80000, 0x0000000100000000)
  eden space 65536K, 0% used [0x00000000e0000000,0x00000000e0000000,0x00000000e4000000)
  from space 11776K, 68% used [0x00000000e4000000,0x00000000e47e11d0,0x00000000e4b80000)
  to   space 11776K, 0% used [0x00000000e7300000,0x00000000e7300000,0x00000000e7e80000)
 ParOldGen       total 59392K, used 9624K [0x00000000a0000000, 0x00000000a3a00000, 0x00000000e0000000)
  object space 59392K, 16% used [0x00000000a0000000,0x00000000a0966290,0x00000000a3a00000)
 Metaspace       used 29061K, capacity 29562K, committed 29696K, reserved 1075200K
  class space    used 3912K, capacity 4065K, committed 4096K, reserved 1048576K
}
Event: 8.018 GC heap before
{Heap before GC invocations=9 (full 1):
 PSYoungGen      total 77312K, used 73604K [0x00000000e0000000, 0x00000000e7e80000, 0x0000000100000000)
  eden space 65536K, 100% used [0x00000000e0000000,0x00000000e4000000,0x00000000e4000000)
  from space 11776K, 68% used [0x00000000e4000000,0x00000000e47e11d0,0x00000000e4b80000)
  to   space 11776K, 0% used [0x00000000e7300000,0x00000000e7300000,0x00000000e7e80000)
 ParOldGen       total 59392K, used 9624K [0x00000000a0000000, 0x00000000a3a00000, 0x00000000e0000000)
  object space 59392K, 16% used [0x00000000a0000000,0x00000000a0966290,0x00000000a3a00000)
 Metaspace       used 32026K, capacity 32532K, committed 32768K, reserved 1077248K
  class space    used 4390K, capacity 4587K, committed 4608K, reserved 1048576K
Event: 8.045 GC heap after
Heap after GC invocations=9 (full 1):
 PSYoungGen      total 117760K, used 8360K [0x00000000e0000000, 0x00000000e8000000, 0x0000000100000000)
  eden space 105984K, 0% used [0x00000000e0000000,0x00000000e0000000,0x00000000e6780000)
  from space 11776K, 70% used [0x00000000e7300000,0x00000000e7b2a1d0,0x00000000e7e80000)
  to   space 11776K, 0% used [0x00000000e6780000,0x00000000e6780000,0x00000000e7300000)
 ParOldGen       total 59392K, used 9632K [0x00000000a0000000, 0x00000000a3a00000, 0x00000000e0000000)
  object space 59392K, 16% used [0x00000000a0000000,0x00000000a0968290,0x00000000a3a00000)
 Metaspace       used 32026K, capacity 32532K, committed 32768K, reserved 1077248K
  class space    used 4390K, capacity 4587K, committed 4608K, reserved 1048576K
}

Deoptimization events (10 events):
Event: 6.575 Thread 0x000000001ab72000 Uncommon trap: reason=class_check action=maybe_recompile pc=0x0000000002d09bb4 method=sun.misc.URLClassPath.getLoader(I)Lsun/misc/URLClassPath$Loader; @ 94
Event: 6.583 Thread 0x000000001ab72000 Uncommon trap: reason=class_check action=maybe_recompile pc=0x0000000002d0d5ec method=sun.misc.URLClassPath.getLoader(I)Lsun/misc/URLClassPath$Loader; @ 239
Event: 6.617 Thread 0x0000000018260800 Uncommon trap: reason=unstable_if action=reinterpret pc=0x0000000002be22fc method=java.lang.ref.Reference.tryHandlePending(Z)Z @ 104
Event: 6.749 Thread 0x000000001ab72000 Uncommon trap: reason=unstable_if action=reinterpret pc=0x000000000297614c method=java.io.WinNTFileSystem.resolve(Ljava/lang/String;Ljava/lang/String;)Ljava/lang/String; @ 49
Event: 6.927 Thread 0x000000001ab72000 Uncommon trap: reason=bimorphic action=maybe_recompile pc=0x0000000002f08434 method=java.util.WeakHashMap.eq(Ljava/lang/Object;Ljava/lang/Object;)Z @ 7
Event: 7.258 Thread 0x000000001ab72000 Uncommon trap: reason=class_check action=maybe_recompile pc=0x0000000002fb69a8 method=sun.reflect.generics.reflectiveObjects.TypeVariableImpl.getGenericDeclaration()Ljava/lang/reflect/GenericDeclaration; @ 4
Event: 7.258 Thread 0x000000001ab72000 Uncommon trap: reason=class_check action=maybe_recompile pc=0x0000000002fb69a8 method=sun.reflect.generics.reflectiveObjects.TypeVariableImpl.getGenericDeclaration()Ljava/lang/reflect/GenericDeclaration; @ 4
Event: 7.818 Thread 0x000000001ab72000 Uncommon trap: reason=unstable_if action=reinterpret pc=0x0000000002928f98 method=java.net.URI.match(CJJ)Z @ 45
Event: 7.821 Thread 0x000000001ab72000 Uncommon trap: reason=unstable_if action=reinterpret pc=0x0000000002822360 method=java.net.URI.match(CJJ)Z @ 45
Event: 8.057 Thread 0x000000001ab72000 Uncommon trap: reason=range_check action=make_not_entrant pc=0x0000000003031054 method=java.lang.String.charAt(I)C @ 27

Classes redefined (0 events):
No events

Internal exceptions (10 events):
Event: 6.926 Thread 0x000000001ab72000 Exception <a 'java/lang/ClassNotFoundException': org/gradle/api/internal/DefaultDomainObjectCollectionCustomizer> (0x00000000e0f48ec8) thrown at [D:\src\AOSP-openjdk-cygwin\jdk8u\hotspot\src\share\vm\classfile\systemDictionary.cpp, line 210]
Event: 6.934 Thread 0x000000001ab72000 Exception <a 'java/lang/ClassNotFoundException': org/gradle/api/internal/DefaultNamedDomainObjectCollectionCustomizer> (0x00000000e0fa6ef0) thrown at [D:\src\AOSP-openjdk-cygwin\jdk8u\hotspot\src\share\vm\classfile\systemDictionary.cpp, line 210]
Event: 6.953 Thread 0x000000001ab72000 Exception <a 'java/lang/ClassNotFoundException': org/gradle/api/internal/DefaultNamedDomainObjectListCustomizer> (0x00000000e101a988) thrown at [D:\src\AOSP-openjdk-cygwin\jdk8u\hotspot\src\share\vm\classfile\systemDictionary.cpp, line 210]
Event: 6.957 Thread 0x000000001ab72000 Exception <a 'java/lang/ClassNotFoundException': org/gradle/api/internal/artifacts/DefaultArtifactRepositoryContainerCustomizer> (0x00000000e1090160) thrown at [D:\src\AOSP-openjdk-cygwin\jdk8u\hotspot\src\share\vm\classfile\systemDictionary.cpp, line 210
Event: 6.960 Thread 0x000000001ab72000 Exception <a 'java/lang/ClassNotFoundException': org/gradle/api/internal/artifacts/dsl/DefaultRepositoryHandlerCustomizer> (0x00000000e10f5e60) thrown at [D:\src\AOSP-openjdk-cygwin\jdk8u\hotspot\src\share\vm\classfile\systemDictionary.cpp, line 210]
Event: 6.964 Thread 0x000000001ab72000 Exception <a 'java/lang/ClassNotFoundException': org/gradle/api/internal/artifacts/dsl/DefaultRepositoryHandler_DecoratedCustomizer> (0x00000000e11722e8) thrown at [D:\src\AOSP-openjdk-cygwin\jdk8u\hotspot\src\share\vm\classfile\systemDictionary.cpp, line
Event: 7.696 Thread 0x000000001ab72000 Exception <a 'java/lang/ClassNotFoundException': org/gradle/api/internal/artifacts/dsl/dependencies/DefaultDependencyHandler_DecoratedBeanInfo> (0x00000000e3842720) thrown at [D:\src\AOSP-openjdk-cygwin\jdk8u\hotspot\src\share\vm\classfile\systemDictionar
Event: 7.701 Thread 0x000000001ab72000 Exception <a 'java/lang/ClassNotFoundException': org/gradle/api/internal/artifacts/dsl/dependencies/DefaultDependencyHandlerBeanInfo> (0x00000000e389b4f0) thrown at [D:\src\AOSP-openjdk-cygwin\jdk8u\hotspot\src\share\vm\classfile\systemDictionary.cpp, lin
Event: 7.707 Thread 0x000000001ab72000 Exception <a 'java/lang/ClassNotFoundException': org/gradle/api/internal/artifacts/dsl/dependencies/DefaultDependencyHandlerCustomizer> (0x00000000e38f5028) thrown at [D:\src\AOSP-openjdk-cygwin\jdk8u\hotspot\src\share\vm\classfile\systemDictionary.cpp, l
Event: 7.723 Thread 0x000000001ab72000 Exception <a 'java/lang/ClassNotFoundException': org/gradle/api/internal/artifacts/dsl/dependencies/DefaultDependencyHandler_DecoratedCustomizer> (0x00000000e3984a10) thrown at [D:\src\AOSP-openjdk-cygwin\jdk8u\hotspot\src\share\vm\classfile\systemDiction

Events (10 events):
Event: 8.135 loading class org/gradle/api/internal/artifacts/ivyservice/resolveengine/oldresult/ResolutionFailureCollector
Event: 8.135 loading class org/gradle/api/internal/artifacts/ivyservice/resolveengine/oldresult/ResolutionFailureCollector done
Event: 8.136 loading class org/gradle/api/internal/artifacts/ivyservice/resolveengine/graph/CompositeDependencyGraphVisitor
Event: 8.136 loading class org/gradle/api/internal/artifacts/ivyservice/resolveengine/graph/CompositeDependencyGraphVisitor done
Event: 8.138 loading class org/gradle/api/internal/artifacts/ivyservice/resolveengine/graph/CompositeDependencyArtifactsVisitor
Event: 8.138 loading class org/gradle/api/internal/artifacts/ivyservice/resolveengine/graph/CompositeDependencyArtifactsVisitor done
Event: 8.138 loading class org/gradle/api/internal/artifacts/ivyservice/resolveengine/artifact/ValidatingArtifactsVisitor
Event: 8.138 loading class org/gradle/api/internal/artifacts/ivyservice/resolveengine/artifact/ValidatingArtifactsVisitor done
Event: 8.139 loading class org/gradle/jvm/internal/resolve/JvmLibraryResolveContext
Event: 8.139 loading class org/gradle/jvm/internal/resolve/JvmLibraryResolveContext done


Dynamic libraries:
0x00007ff762ed0000 - 0x00007ff762f01000 	C:\Program Files\Android\Android Studio\jre\bin\java.exe
0x00007ffb60960000 - 0x00007ffb60b50000 	C:\WINDOWS\SYSTEM32\ntdll.dll
0x00007ffb5f9e0000 - 0x00007ffb5fa92000 	C:\WINDOWS\System32\KERNEL32.DLL
0x00007ffb5e460000 - 0x00007ffb5e703000 	C:\WINDOWS\System32\KERNELBASE.dll
0x00007ffb60330000 - 0x00007ffb603d3000 	C:\WINDOWS\System32\ADVAPI32.dll
0x00007ffb5fe20000 - 0x00007ffb5febe000 	C:\WINDOWS\System32\msvcrt.dll
0x00007ffb60880000 - 0x00007ffb60917000 	C:\WINDOWS\System32\sechost.dll
0x00007ffb5faa0000 - 0x00007ffb5fbc0000 	C:\WINDOWS\System32\RPCRT4.dll
0x00007ffb5f300000 - 0x00007ffb5f494000 	C:\WINDOWS\System32\USER32.dll
0x00007ffb5e790000 - 0x00007ffb5e7b1000 	C:\WINDOWS\System32\win32u.dll
0x00007ffb5fc40000 - 0x00007ffb5fc66000 	C:\WINDOWS\System32\GDI32.dll
0x00007ffb5daa0000 - 0x00007ffb5dc34000 	C:\WINDOWS\System32\gdi32full.dll
0x00007ffb5e8c0000 - 0x00007ffb5e95e000 	C:\WINDOWS\System32\msvcp_win.dll
0x00007ffb5e7c0000 - 0x00007ffb5e8ba000 	C:\WINDOWS\System32\ucrtbase.dll
0x00007ffb4d1a0000 - 0x00007ffb4d425000 	C:\WINDOWS\WinSxS\amd64_microsoft.windows.common-controls_6595b64144ccf1df_6.0.18362.720_none_e6beb5c51314836b\COMCTL32.dll
0x00007ffb603e0000 - 0x00007ffb60716000 	C:\WINDOWS\System32\combase.dll
0x00007ffb5e3e0000 - 0x00007ffb5e460000 	C:\WINDOWS\System32\bcryptPrimitives.dll
0x00007ffb60720000 - 0x00007ffb6074e000 	C:\WINDOWS\System32\IMM32.DLL
0x00000000584e0000 - 0x00000000585b2000 	C:\Program Files\Android\Android Studio\jre\jre\bin\msvcr100.dll
0x0000000058940000 - 0x0000000059186000 	C:\Program Files\Android\Android Studio\jre\jre\bin\server\jvm.dll
0x00007ffb60150000 - 0x00007ffb60158000 	C:\WINDOWS\System32\PSAPI.DLL
0x00007ffb54fe0000 - 0x00007ffb54fea000 	C:\WINDOWS\SYSTEM32\VERSION.dll
0x00007ffb4cd80000 - 0x00007ffb4cd89000 	C:\WINDOWS\SYSTEM32\WSOCK32.dll
0x00007ffb5b770000 - 0x00007ffb5b794000 	C:\WINDOWS\SYSTEM32\WINMM.dll
0x00007ffb5f500000 - 0x00007ffb5f56f000 	C:\WINDOWS\System32\WS2_32.dll
0x00007ffb5b520000 - 0x00007ffb5b54d000 	C:\WINDOWS\SYSTEM32\winmmbase.dll
0x00007ffb5e740000 - 0x00007ffb5e78a000 	C:\WINDOWS\System32\cfgmgr32.dll
0x00007ffb52540000 - 0x00007ffb5254f000 	C:\Program Files\Android\Android Studio\jre\jre\bin\verify.dll
0x00007ffb4e280000 - 0x00007ffb4e2a9000 	C:\Program Files\Android\Android Studio\jre\jre\bin\java.dll
0x00007ffb4e3c0000 - 0x00007ffb4e3d6000 	C:\Program Files\Android\Android Studio\jre\jre\bin\zip.dll
0x00007ffb5ec10000 - 0x00007ffb5f2f5000 	C:\WINDOWS\System32\SHELL32.dll
0x00007ffb5eb60000 - 0x00007ffb5ec09000 	C:\WINDOWS\System32\shcore.dll
0x00007ffb5dc60000 - 0x00007ffb5e3e0000 	C:\WINDOWS\System32\windows.storage.dll
0x00007ffb5d8c0000 - 0x00007ffb5d8e3000 	C:\WINDOWS\System32\profapi.dll
0x00007ffb5d830000 - 0x00007ffb5d87a000 	C:\WINDOWS\System32\powrprof.dll
0x00007ffb5d820000 - 0x00007ffb5d830000 	C:\WINDOWS\System32\UMPDC.dll
0x00007ffb60820000 - 0x00007ffb60872000 	C:\WINDOWS\System32\shlwapi.dll
0x00007ffb5d8a0000 - 0x00007ffb5d8b1000 	C:\WINDOWS\System32\kernel.appcore.dll
0x00007ffb5dc40000 - 0x00007ffb5dc57000 	C:\WINDOWS\System32\cryptsp.dll
0x00007ffb4a3a0000 - 0x00007ffb4a3ba000 	C:\Program Files\Android\Android Studio\jre\jre\bin\net.dll
0x00007ffb4b930000 - 0x00007ffb4bb05000 	C:\WINDOWS\SYSTEM32\urlmon.dll
0x00007ffb4b260000 - 0x00007ffb4b506000 	C:\WINDOWS\SYSTEM32\iertutil.dll
0x00007ffb5d200000 - 0x00007ffb5d20c000 	C:\WINDOWS\SYSTEM32\CRYPTBASE.DLL
0x00007ffb5d030000 - 0x00007ffb5d097000 	C:\WINDOWS\system32\mswsock.dll
0x00007ffb4a190000 - 0x00007ffb4a1a3000 	C:\Program Files\Android\Android Studio\jre\jre\bin\nio.dll
0x00007ffb497a0000 - 0x00007ffb497c6000 	C:\Users\Aagam Shah\.gradle\native\30\windows-amd64\native-platform.dll
0x00007ffb52430000 - 0x00007ffb5243d000 	C:\Program Files\Android\Android Studio\jre\jre\bin\management.dll
0x00007ffb5cba0000 - 0x00007ffb5cbd3000 	C:\WINDOWS\system32\rsaenh.dll
0x00007ffb5e710000 - 0x00007ffb5e736000 	C:\WINDOWS\System32\bcrypt.dll
0x00007ffb5d710000 - 0x00007ffb5d735000 	C:\WINDOWS\SYSTEM32\USERENV.dll
0x00007ffb5cd40000 - 0x00007ffb5cd7a000 	C:\WINDOWS\SYSTEM32\IPHLPAPI.DLL
0x00007ffb602a0000 - 0x00007ffb602a8000 	C:\WINDOWS\System32\NSI.dll
0x00007ffb55bd0000 - 0x00007ffb55be6000 	C:\WINDOWS\SYSTEM32\dhcpcsvc6.DLL
0x00007ffb57390000 - 0x00007ffb573ac000 	C:\WINDOWS\SYSTEM32\dhcpcsvc.DLL
0x00007ffb5cd80000 - 0x00007ffb5ce4a000 	C:\WINDOWS\SYSTEM32\DNSAPI.dll

VM Arguments:
jvm_args: -Xmx1536m -Dfile.encoding=windows-1252 -Duser.country=IN -Duser.language=en -Duser.variant 
java_command: org.gradle.launcher.daemon.bootstrap.GradleDaemon 5.6.4
java_class_path (initial): C:\Users\Aagam Shah\.gradle\wrapper\dists\gradle-5.6.4-all\ankdp27end7byghfw1q2sw75f\gradle-5.6.4\lib\gradle-launcher-5.6.4.jar
Launcher Type: SUN_STANDARD

Environment Variables:
PATH=C:\ProgramData\Anaconda3;C:\ProgramData\Anaconda3\Library\mingw-w64\bin;C:\ProgramData\Anaconda3\Library\usr\bin;C:\ProgramData\Anaconda3\Library\bin;C:\ProgramData\Anaconda3\Scripts;C:\Program Files (x86)\Intel\Intel(R) Management Engine Components\iCLS\;C:\Program Files\Intel\Intel(R) Management Engine Components\iCLS\;C:\WINDOWS\system32;C:\WINDOWS;C:\WINDOWS\System32\Wbem;C:\WINDOWS\System32\WindowsPowerShell\v1.0\;C:\WINDOWS\System32\OpenSSH\;C:\Program Files (x86)\Intel\Intel(R) Management Engine Components\DAL;C:\Program Files\Intel\Intel(R) Management Engine Components\DAL;C:\Program Files (x86)\Intel\Intel(R) Management Engine Components\IPT;C:\Program Files\Intel\Intel(R) Management Engine Components\IPT;C:\Program Files\Java\jdk-12.0.2\bin;C:\Android;C:\Windows\System32;C:\Program Files\Git\cmd;C:\Program Files\MySQL\MySQL Shell 8.0\bin\;C:\Users\Aagam Shah\AppData\Local\Programs\Python\Python37-32\Scripts\;C:\Users\Aagam Shah\AppData\Local\Programs\Python\Python37-32\;C:\Users\Aagam Shah\AppData\Local\Microsoft\WindowsApps;C:\Users\Aagam Shah\AppData\Local\atom\bin;C:\Program Files\JetBrains\PyCharm Community Edition 2019.2\bin;C:\Users\Aagam Shah\AppData\Local\GitHubDesktop\bin
USERNAME=Aagam Shah
OS=Windows_NT
PROCESSOR_IDENTIFIER=Intel64 Family 6 Model 142 Stepping 10, GenuineIntel



---------------  S Y S T E M  ---------------

OS: Windows 10.0 , 64 bit Build 18362 (10.0.18362.329)

CPU:total 8 (initial active 8) (4 cores per cpu, 2 threads per core) family 6 model 142 stepping 10, cmov, cx8, fxsr, mmx, sse, sse2, sse3, ssse3, sse4.1, sse4.2, popcnt, avx, avx2, aes, clmul, erms, 3dnowpref, lzcnt, ht, tsc, tscinvbit, bmi1, bmi2, adx

Memory: 4k page, physical 8286588k(486448k free), swap 12480892k(0k free)

vm_info: OpenJDK 64-Bit Server VM (25.212-b04) for windows-amd64 JRE (1.8.0_212-release-1586-b04), built by "builder" with MS VC++ 10.0 (VS2010)

time: Wed Mar 25 23:35:12 2020
timezone: India Standard Time
elapsed time: 8 seconds (0d 0h 0m 8s)

