#
# There is insufficient memory for the Java Runtime Environment to continue.
# Native memory allocation (malloc) failed to allocate 32744 bytes for ChunkPool::allocate
# Possible reasons:
#   The system is out of physical RAM or swap space
#   The process is running with CompressedOops enabled, and the Java Heap may be blocking the growth of the native heap
# Possible solutions:
#   Reduce memory load on the system
#   Increase physical memory or swap space
#   Check if swap backing store is full
#   Decrease Java heap size (-Xmx/-Xms)
#   Decrease number of Java threads
#   Decrease Java thread stack sizes (-Xss)
#   Set larger code cache with -XX:ReservedCodeCacheSize=
#   JVM is running with Unscaled Compressed Oops mode in which the Java heap is
#     placed in the first 4GB address space. The Java Heap base address is the
#     maximum limit for the native heap growth. Please use -XX:HeapBaseMinAddress
#     to set the Java Heap base and to place the Java Heap above 4GB virtual address.
# This output file may be truncated or incomplete.
#
#  Out of Memory Error (allocation.cpp:272), pid=43240, tid=0x0000000000002274
#
# JRE version: OpenJDK Runtime Environment (8.0_212-b04) (build 1.8.0_212-release-1586-b04)
# Java VM: OpenJDK 64-Bit Server VM (25.212-b04 mixed mode windows-amd64 compressed oops)
# Failed to write core dump. Minidumps are not enabled by default on client versions of Windows
#

---------------  T H R E A D  ---------------

Current thread (0x000000001856d800):  JavaThread "C2 CompilerThread0" daemon [_thread_in_native, id=8820, stack(0x0000000018e40000,0x0000000018f40000)]

Stack: [0x0000000018e40000,0x0000000018f40000]
[error occurred during error reporting (printing stack bounds), id 0xc0000005]

Native frames: (J=compiled Java code, j=interpreted, Vv=VM code, C=native code)


Current CompileTask:
C2:   2000 1545 %     4       com.google.common.io.LineBuffer::add @ 47 (204 bytes)


---------------  P R O C E S S  ---------------

Java Threads: ( => current thread )
  0x000000001b059800 JavaThread "Cache worker for journal cache (C:\Users\Aagam Shah\.gradle\caches\journal-1)" [_thread_blocked, id=45416, stack(0x000000001d160000,0x000000001d260000)]
  0x000000001b05d000 JavaThread "File lock request listener" [_thread_in_native, id=41476, stack(0x000000001d060000,0x000000001d160000)]
  0x000000001b05e800 JavaThread "Cache worker for file hash cache (C:\Users\Aagam Shah\.gradle\caches\5.6.4\fileHashes)" [_thread_blocked, id=39948, stack(0x000000001cf60000,0x000000001d060000)]
  0x000000001b016800 JavaThread "Thread-9" [_thread_blocked, id=20516, stack(0x000000001ce60000,0x000000001cf60000)]
  0x000000001aec0800 JavaThread "Stdin handler" [_thread_blocked, id=10192, stack(0x000000001cd60000,0x000000001ce60000)]
  0x000000001aebf800 JavaThread "Asynchronous log dispatcher for DefaultDaemonConnection: socket connection from /127.0.0.1:55415 to /127.0.0.1:55416" [_thread_blocked, id=16836, stack(0x000000001cb60000,0x000000001cc60000)]
  0x000000001b012800 JavaThread "Daemon worker" [_thread_in_vm, id=30692, stack(0x000000001ca60000,0x000000001cb60000)]
  0x000000001aa8f800 JavaThread "Cancel handler" [_thread_blocked, id=46616, stack(0x000000001c960000,0x000000001ca60000)]
  0x000000001acd9000 JavaThread "Handler for socket connection from /127.0.0.1:55415 to /127.0.0.1:55416" [_thread_in_native, id=46128, stack(0x000000001c660000,0x000000001c760000)]
  0x000000001acd8800 JavaThread "Daemon" [_thread_blocked, id=43972, stack(0x000000001c560000,0x000000001c660000)]
  0x000000001a113000 JavaThread "Daemon periodic checks" [_thread_blocked, id=7428, stack(0x000000001c460000,0x000000001c560000)]
  0x0000000019f55800 JavaThread "Incoming local TCP Connector on port 55415" [_thread_in_native, id=21044, stack(0x000000001c220000,0x000000001c320000)]
  0x000000001aac4000 JavaThread "Daemon health stats" [_thread_blocked, id=25472, stack(0x000000001bbe0000,0x000000001bce0000)]
  0x0000000018605800 JavaThread "Service Thread" daemon [_thread_blocked, id=36624, stack(0x0000000019240000,0x0000000019340000)]
  0x0000000018576800 JavaThread "C1 CompilerThread3" daemon [_thread_in_native, id=10024, stack(0x0000000019140000,0x0000000019240000)]
  0x0000000018575800 JavaThread "C2 CompilerThread2" daemon [_thread_in_native, id=30256, stack(0x0000000019040000,0x0000000019140000)]
  0x0000000018571000 JavaThread "C2 CompilerThread1" daemon [_thread_in_native, id=46528, stack(0x0000000018f40000,0x0000000019040000)]
=>0x000000001856d800 JavaThread "C2 CompilerThread0" daemon [_thread_in_native, id=8820, stack(0x0000000018e40000,0x0000000018f40000)]
  0x000000001856c800 JavaThread "Attach Listener" daemon [_thread_blocked, id=28636, stack(0x0000000018d40000,0x0000000018e40000)]
  0x0000000018569800 JavaThread "Signal Dispatcher" daemon [_thread_blocked, id=37404, stack(0x0000000018c40000,0x0000000018d40000)]
  0x0000000018561000 JavaThread "Finalizer" daemon [_thread_blocked, id=12372, stack(0x0000000018a40000,0x0000000018b40000)]
  0x0000000018560800 JavaThread "Reference Handler" daemon [_thread_blocked, id=30064, stack(0x0000000018940000,0x0000000018a40000)]
  0x0000000002882800 JavaThread "main" [_thread_blocked, id=24044, stack(0x0000000002780000,0x0000000002880000)]

Other Threads:
  0x0000000016736000 VMThread [stack: 0x0000000018440000,0x0000000018540000] [id=36492]
  0x0000000018606000 WatcherThread [stack: 0x0000000019340000,0x0000000019440000] [id=46444]

VM state:not at safepoint (normal execution)

VM Mutex/Monitor currently owned by a thread: None

heap address: 0x00000000a0000000, size: 1536 MB, Compressed Oops mode: 32-bit
Narrow klass base: 0x0000000000000000, Narrow klass shift: 3
Compressed class space size: 1073741824 Address: 0x0000000100000000

Heap:
 PSYoungGen      total 38400K, used 20902K [0x00000000e0000000, 0x00000000e2a80000, 0x0000000100000000)
  eden space 33280K, 47% used [0x00000000e0000000,0x00000000e0f71a80,0x00000000e2080000)
  from space 5120K, 99% used [0x00000000e2580000,0x00000000e2a78040,0x00000000e2a80000)
  to   space 5120K, 0% used [0x00000000e2080000,0x00000000e2080000,0x00000000e2580000)
 ParOldGen       total 87552K, used 3873K [0x00000000a0000000, 0x00000000a5580000, 0x00000000e0000000)
  object space 87552K, 4% used [0x00000000a0000000,0x00000000a03c87c8,0x00000000a5580000)
 Metaspace       used 15990K, capacity 16430K, committed 16640K, reserved 1062912K
  class space    used 2270K, capacity 2435K, committed 2560K, reserved 1048576K

Card table byte_map: [0x0000000011d40000,0x0000000012050000] byte_map_base: 0x0000000011840000

Marking Bits: (ParMarkBitMap*) 0x0000000059109f30
 Begin Bits: [0x0000000012a50000, 0x0000000014250000)
 End Bits:   [0x0000000014250000, 0x0000000015a50000)

Polling page: 0x0000000000ef0000

CodeCache: size=245760Kb used=5422Kb max_used=5431Kb free=240337Kb
 bounds [0x0000000002980000, 0x0000000002ee0000, 0x0000000011980000]
 total_blobs=1939 nmethods=1548 adapters=304
 compilation: enabled

Compilation events (10 events):
Event: 1.972 Thread 0x0000000018576800 1547       3       sun.misc.ProxyGenerator::dotToSlash (9 bytes)
Event: 1.972 Thread 0x0000000018576800 nmethod 1547 0x0000000002ecaed0 code [0x0000000002ecb040, 0x0000000002ecb248]
Event: 1.980 Thread 0x000000001856d800 nmethod 1535 0x0000000002ece850 code [0x0000000002ecea20, 0x0000000002ecffa8]
Event: 1.980 Thread 0x000000001856d800 1542       4       java.util.ArrayList$SubList$1::hasNext (20 bytes)
Event: 1.980 Thread 0x000000001856d800 nmethod 1542 0x0000000002ec9790 code [0x0000000002ec98c0, 0x0000000002ec9958]
Event: 1.980 Thread 0x000000001856d800 1545 %     4       com.google.common.io.LineBuffer::add @ 47 (204 bytes)
Event: 1.983 Thread 0x0000000018576800 1548       3       org.gradle.internal.service.DefaultServiceRegistry$ManagedObjectServiceProvider::requiredBy (20 bytes)
Event: 1.983 Thread 0x0000000018576800 nmethod 1548 0x0000000002ec8f90 code [0x0000000002ec9120, 0x0000000002ec9648]
Event: 1.983 Thread 0x0000000018576800 1549       3       org.gradle.internal.service.DefaultServiceRegistry$ManagedObjectServiceProvider::fromSameRegistry (27 bytes)
Event: 1.983 Thread 0x0000000018576800 nmethod 1549 0x0000000002ec8990 code [0x0000000002ec8b00, 0x0000000002ec8ed0]

GC Heap History (8 events):
Event: 0.632 GC heap before
{Heap before GC invocations=1 (full 0):
 PSYoungGen      total 38400K, used 33280K [0x00000000e0000000, 0x00000000e2a80000, 0x0000000100000000)
  eden space 33280K, 100% used [0x00000000e0000000,0x00000000e2080000,0x00000000e2080000)
  from space 5120K, 0% used [0x00000000e2580000,0x00000000e2580000,0x00000000e2a80000)
  to   space 5120K, 0% used [0x00000000e2080000,0x00000000e2080000,0x00000000e2580000)
 ParOldGen       total 87552K, used 0K [0x00000000a0000000, 0x00000000a5580000, 0x00000000e0000000)
  object space 87552K, 0% used [0x00000000a0000000,0x00000000a0000000,0x00000000a5580000)
 Metaspace       used 7031K, capacity 7280K, committed 7424K, reserved 1056768K
  class space    used 857K, capacity 940K, committed 1024K, reserved 1048576K
Event: 0.637 GC heap after
Heap after GC invocations=1 (full 0):
 PSYoungGen      total 38400K, used 4360K [0x00000000e0000000, 0x00000000e2a80000, 0x0000000100000000)
  eden space 33280K, 0% used [0x00000000e0000000,0x00000000e0000000,0x00000000e2080000)
  from space 5120K, 85% used [0x00000000e2080000,0x00000000e24c2298,0x00000000e2580000)
  to   space 5120K, 0% used [0x00000000e2580000,0x00000000e2580000,0x00000000e2a80000)
 ParOldGen       total 87552K, used 8K [0x00000000a0000000, 0x00000000a5580000, 0x00000000e0000000)
  object space 87552K, 0% used [0x00000000a0000000,0x00000000a0002000,0x00000000a5580000)
 Metaspace       used 7031K, capacity 7280K, committed 7424K, reserved 1056768K
  class space    used 857K, capacity 940K, committed 1024K, reserved 1048576K
}
Event: 0.870 GC heap before
{Heap before GC invocations=2 (full 0):
 PSYoungGen      total 38400K, used 37640K [0x00000000e0000000, 0x00000000e2a80000, 0x0000000100000000)
  eden space 33280K, 100% used [0x00000000e0000000,0x00000000e2080000,0x00000000e2080000)
  from space 5120K, 85% used [0x00000000e2080000,0x00000000e24c2298,0x00000000e2580000)
  to   space 5120K, 0% used [0x00000000e2580000,0x00000000e2580000,0x00000000e2a80000)
 ParOldGen       total 87552K, used 8K [0x00000000a0000000, 0x00000000a5580000, 0x00000000e0000000)
  object space 87552K, 0% used [0x00000000a0000000,0x00000000a0002000,0x00000000a5580000)
 Metaspace       used 7264K, capacity 7528K, committed 7680K, reserved 1056768K
  class space    used 889K, capacity 980K, committed 1024K, reserved 1048576K
Event: 0.873 GC heap after
Heap after GC invocations=2 (full 0):
 PSYoungGen      total 38400K, used 3357K [0x00000000e0000000, 0x00000000e2a80000, 0x0000000100000000)
  eden space 33280K, 0% used [0x00000000e0000000,0x00000000e0000000,0x00000000e2080000)
  from space 5120K, 65% used [0x00000000e2580000,0x00000000e28c76e0,0x00000000e2a80000)
  to   space 5120K, 0% used [0x00000000e2080000,0x00000000e2080000,0x00000000e2580000)
 ParOldGen       total 87552K, used 16K [0x00000000a0000000, 0x00000000a5580000, 0x00000000e0000000)
  object space 87552K, 0% used [0x00000000a0000000,0x00000000a0004000,0x00000000a5580000)
 Metaspace       used 7264K, capacity 7528K, committed 7680K, reserved 1056768K
  class space    used 889K, capacity 980K, committed 1024K, reserved 1048576K
}
Event: 1.551 GC heap before
{Heap before GC invocations=3 (full 0):
 PSYoungGen      total 38400K, used 36637K [0x00000000e0000000, 0x00000000e2a80000, 0x0000000100000000)
  eden space 33280K, 100% used [0x00000000e0000000,0x00000000e2080000,0x00000000e2080000)
  from space 5120K, 65% used [0x00000000e2580000,0x00000000e28c76e0,0x00000000e2a80000)
  to   space 5120K, 0% used [0x00000000e2080000,0x00000000e2080000,0x00000000e2580000)
 ParOldGen       total 87552K, used 16K [0x00000000a0000000, 0x00000000a5580000, 0x00000000e0000000)
  object space 87552K, 0% used [0x00000000a0000000,0x00000000a0004000,0x00000000a5580000)
 Metaspace       used 12272K, capacity 12666K, committed 12800K, reserved 1060864K
  class space    used 1640K, capacity 1771K, committed 1792K, reserved 1048576K
Event: 1.556 GC heap after
Heap after GC invocations=3 (full 0):
 PSYoungGen      total 38400K, used 5108K [0x00000000e0000000, 0x00000000e2a80000, 0x0000000100000000)
  eden space 33280K, 0% used [0x00000000e0000000,0x00000000e0000000,0x00000000e2080000)
  from space 5120K, 99% used [0x00000000e2080000,0x00000000e257d0b0,0x00000000e2580000)
  to   space 5120K, 0% used [0x00000000e2580000,0x00000000e2580000,0x00000000e2a80000)
 ParOldGen       total 87552K, used 1347K [0x00000000a0000000, 0x00000000a5580000, 0x00000000e0000000)
  object space 87552K, 1% used [0x00000000a0000000,0x00000000a0150cd8,0x00000000a5580000)
 Metaspace       used 12272K, capacity 12666K, committed 12800K, reserved 1060864K
  class space    used 1640K, capacity 1771K, committed 1792K, reserved 1048576K
}
Event: 1.816 GC heap before
{Heap before GC invocations=4 (full 0):
 PSYoungGen      total 38400K, used 38388K [0x00000000e0000000, 0x00000000e2a80000, 0x0000000100000000)
  eden space 33280K, 100% used [0x00000000e0000000,0x00000000e2080000,0x00000000e2080000)
  from space 5120K, 99% used [0x00000000e2080000,0x00000000e257d0b0,0x00000000e2580000)
  to   space 5120K, 0% used [0x00000000e2580000,0x00000000e2580000,0x00000000e2a80000)
 ParOldGen       total 87552K, used 1347K [0x00000000a0000000, 0x00000000a5580000, 0x00000000e0000000)
  object space 87552K, 1% used [0x00000000a0000000,0x00000000a0150cd8,0x00000000a5580000)
 Metaspace       used 14588K, capacity 14978K, committed 15232K, reserved 1062912K
  class space    used 2038K, capacity 2159K, committed 2176K, reserved 1048576K
Event: 1.822 GC heap after
Heap after GC invocations=4 (full 0):
 PSYoungGen      total 38400K, used 5088K [0x00000000e0000000, 0x00000000e2a80000, 0x0000000100000000)
  eden space 33280K, 0% used [0x00000000e0000000,0x00000000e0000000,0x00000000e2080000)
  from space 5120K, 99% used [0x00000000e2580000,0x00000000e2a78040,0x00000000e2a80000)
  to   space 5120K, 0% used [0x00000000e2080000,0x00000000e2080000,0x00000000e2580000)
 ParOldGen       total 87552K, used 3873K [0x00000000a0000000, 0x00000000a5580000, 0x00000000e0000000)
  object space 87552K, 4% used [0x00000000a0000000,0x00000000a03c87c8,0x00000000a5580000)
 Metaspace       used 14588K, capacity 14978K, committed 15232K, reserved 1062912K
  class space    used 2038K, capacity 2159K, committed 2176K, reserved 1048576K
}

Deoptimization events (10 events):
Event: 1.478 Thread 0x000000001acd9000 Uncommon trap: reason=unstable_if action=reinterpret pc=0x0000000002d86cf8 method=java.util.concurrent.ConcurrentHashMap.putVal(Ljava/lang/Object;Ljava/lang/Object;Z)Ljava/lang/Object; @ 206
Event: 1.517 Thread 0x000000001b012800 Uncommon trap: reason=bimorphic action=maybe_recompile pc=0x0000000002bd1044 method=java.util.HashMap.putVal(ILjava/lang/Object;Ljava/lang/Object;ZZ)Ljava/lang/Object; @ 253
Event: 1.517 Thread 0x000000001b012800 Uncommon trap: reason=bimorphic action=maybe_recompile pc=0x0000000002bd1044 method=java.util.HashMap.putVal(ILjava/lang/Object;Ljava/lang/Object;ZZ)Ljava/lang/Object; @ 253
Event: 1.517 Thread 0x000000001b012800 Uncommon trap: reason=bimorphic action=maybe_recompile pc=0x0000000002bd1044 method=java.util.HashMap.putVal(ILjava/lang/Object;Ljava/lang/Object;ZZ)Ljava/lang/Object; @ 253
Event: 1.518 Thread 0x000000001b012800 Uncommon trap: reason=bimorphic action=maybe_recompile pc=0x0000000002bd369c method=java.util.HashMap.putVal(ILjava/lang/Object;Ljava/lang/Object;ZZ)Ljava/lang/Object; @ 253
Event: 1.682 Thread 0x000000001b012800 Uncommon trap: reason=class_check action=maybe_recompile pc=0x0000000002c775d8 method=java.util.regex.Matcher.match(II)Z @ 86
Event: 1.696 Thread 0x000000001b012800 Uncommon trap: reason=class_check action=maybe_recompile pc=0x0000000002c775d8 method=java.util.regex.Matcher.match(II)Z @ 86
Event: 1.697 Thread 0x000000001b012800 Uncommon trap: reason=class_check action=maybe_recompile pc=0x0000000002c775d8 method=java.util.regex.Matcher.match(II)Z @ 86
Event: 1.697 Thread 0x000000001b012800 Uncommon trap: reason=class_check action=maybe_recompile pc=0x0000000002aee29c method=java.util.regex.Matcher.match(II)Z @ 86
Event: 1.924 Thread 0x000000001b012800 Uncommon trap: reason=unstable_if action=reinterpret pc=0x0000000002e175f4 method=java.lang.String.lastIndexOf([CII[CIII)I @ 66

Classes redefined (0 events):
No events

Internal exceptions (10 events):
Event: 1.486 Thread 0x000000001acd9000 Exception <a 'java/lang/NoSuchMethodError': <clinit>> (0x00000000e1a95e90) thrown at [D:\src\AOSP-openjdk-cygwin\jdk8u\hotspot\src\share\vm\prims\jni.cpp, line 1614]
Event: 1.486 Thread 0x000000001acd9000 Exception <a 'java/lang/NoSuchMethodError': <clinit>> (0x00000000e1a9eb20) thrown at [D:\src\AOSP-openjdk-cygwin\jdk8u\hotspot\src\share\vm\prims\jni.cpp, line 1614]
Event: 1.487 Thread 0x000000001acd9000 Exception <a 'java/lang/NoSuchMethodError': <clinit>> (0x00000000e1ab5228) thrown at [D:\src\AOSP-openjdk-cygwin\jdk8u\hotspot\src\share\vm\prims\jni.cpp, line 1614]
Event: 1.493 Thread 0x000000001acd9000 Exception <a 'java/lang/NoSuchMethodError': <clinit>> (0x00000000e1b13508) thrown at [D:\src\AOSP-openjdk-cygwin\jdk8u\hotspot\src\share\vm\prims\jni.cpp, line 1614]
Event: 1.495 Thread 0x000000001acd9000 Exception <a 'java/lang/NoSuchMethodError': <clinit>> (0x00000000e1b40260) thrown at [D:\src\AOSP-openjdk-cygwin\jdk8u\hotspot\src\share\vm\prims\jni.cpp, line 1614]
Event: 1.499 Thread 0x000000001acd9000 Exception <a 'java/lang/NoSuchMethodError': <clinit>> (0x00000000e1b6e6e8) thrown at [D:\src\AOSP-openjdk-cygwin\jdk8u\hotspot\src\share\vm\prims\jni.cpp, line 1614]
Event: 1.499 Thread 0x000000001acd9000 Exception <a 'java/lang/NoSuchMethodError': <clinit>> (0x00000000e1b79af0) thrown at [D:\src\AOSP-openjdk-cygwin\jdk8u\hotspot\src\share\vm\prims\jni.cpp, line 1614]
Event: 1.896 Thread 0x000000001b012800 Exception <a 'java/lang/NoSuchMethodError': java.lang.Object.lambda$and$0(Ljava/util/function/Predicate;Ljava/lang/Object;)Z> (0x00000000e070f990) thrown at [D:\src\AOSP-openjdk-cygwin\jdk8u\hotspot\src\share\vm\interpreter\linkResolver.cpp, line 620]
Event: 1.900 Thread 0x000000001b012800 Exception <a 'java/lang/IncompatibleClassChangeError': Found class java.lang.Object, but interface was expected> (0x00000000e0725c80) thrown at [D:\src\AOSP-openjdk-cygwin\jdk8u\hotspot\src\share\vm\interpreter\linkResolver.cpp, line 653]
Event: 1.902 Thread 0x000000001b012800 Exception <a 'java/lang/NoSuchMethodError': java.lang.Object.lambda$or$2(Ljava/util/function/Predicate;Ljava/lang/Object;)Z> (0x00000000e072abc8) thrown at [D:\src\AOSP-openjdk-cygwin\jdk8u\hotspot\src\share\vm\interpreter\linkResolver.cpp, line 620]

Events (10 events):
Event: 1.991 loading class org/gradle/plugin/use/internal/PluginRepositoryHandlerProvider
Event: 1.991 loading class org/gradle/plugin/use/internal/PluginRepositoryHandlerProvider done
Event: 1.991 loading class org/gradle/plugin/internal/PluginUsePluginServiceRegistry$BuildScopeServices$1
Event: 1.991 loading class org/gradle/plugin/internal/PluginUsePluginServiceRegistry$BuildScopeServices$1 done
Event: 1.992 loading class org/gradle/plugin/use/resolve/internal/PluginResolution
Event: 1.992 loading class org/gradle/plugin/use/resolve/internal/PluginResolution done
Event: 1.992 loading class org/gradle/api/internal/initialization/DefaultClassLoaderScope
Event: 1.992 loading class org/gradle/api/internal/initialization/DefaultClassLoaderScope done
Event: 1.993 loading class org/gradle/api/internal/artifacts/ivyservice/ivyresolve/strategy/DefaultVersionComparator
Event: 1.993 loading class org/gradle/api/internal/artifacts/ivyservice/ivyresolve/strategy/DefaultVersionComparator done


Dynamic libraries:
0x00007ff67e680000 - 0x00007ff67e6b1000 	C:\Program Files\Android\Android Studio\jre\bin\java.exe
0x00007ffb60960000 - 0x00007ffb60b50000 	C:\WINDOWS\SYSTEM32\ntdll.dll
0x00007ffb5f9e0000 - 0x00007ffb5fa92000 	C:\WINDOWS\System32\KERNEL32.DLL
0x00007ffb5e460000 - 0x00007ffb5e703000 	C:\WINDOWS\System32\KERNELBASE.dll
0x00007ffb60330000 - 0x00007ffb603d3000 	C:\WINDOWS\System32\ADVAPI32.dll
0x00007ffb5fe20000 - 0x00007ffb5febe000 	C:\WINDOWS\System32\msvcrt.dll
0x00007ffb60880000 - 0x00007ffb60917000 	C:\WINDOWS\System32\sechost.dll
0x00007ffb5faa0000 - 0x00007ffb5fbc0000 	C:\WINDOWS\System32\RPCRT4.dll
0x00007ffb5f300000 - 0x00007ffb5f494000 	C:\WINDOWS\System32\USER32.dll
0x00007ffb5e790000 - 0x00007ffb5e7b1000 	C:\WINDOWS\System32\win32u.dll
0x00007ffb5fc40000 - 0x00007ffb5fc66000 	C:\WINDOWS\System32\GDI32.dll
0x00007ffb5daa0000 - 0x00007ffb5dc34000 	C:\WINDOWS\System32\gdi32full.dll
0x00007ffb5e8c0000 - 0x00007ffb5e95e000 	C:\WINDOWS\System32\msvcp_win.dll
0x00007ffb5e7c0000 - 0x00007ffb5e8ba000 	C:\WINDOWS\System32\ucrtbase.dll
0x00007ffb4d1a0000 - 0x00007ffb4d425000 	C:\WINDOWS\WinSxS\amd64_microsoft.windows.common-controls_6595b64144ccf1df_6.0.18362.720_none_e6beb5c51314836b\COMCTL32.dll
0x00007ffb603e0000 - 0x00007ffb60716000 	C:\WINDOWS\System32\combase.dll
0x00007ffb5e3e0000 - 0x00007ffb5e460000 	C:\WINDOWS\System32\bcryptPrimitives.dll
0x00007ffb60720000 - 0x00007ffb6074e000 	C:\WINDOWS\System32\IMM32.DLL
0x00000000584e0000 - 0x00000000585b2000 	C:\Program Files\Android\Android Studio\jre\jre\bin\msvcr100.dll
0x0000000058940000 - 0x0000000059186000 	C:\Program Files\Android\Android Studio\jre\jre\bin\server\jvm.dll
0x00007ffb60150000 - 0x00007ffb60158000 	C:\WINDOWS\System32\PSAPI.DLL
0x00007ffb5b770000 - 0x00007ffb5b794000 	C:\WINDOWS\SYSTEM32\WINMM.dll
0x00007ffb4cd80000 - 0x00007ffb4cd89000 	C:\WINDOWS\SYSTEM32\WSOCK32.dll
0x00007ffb54fe0000 - 0x00007ffb54fea000 	C:\WINDOWS\SYSTEM32\VERSION.dll
0x00007ffb5f500000 - 0x00007ffb5f56f000 	C:\WINDOWS\System32\WS2_32.dll
0x00007ffb5b520000 - 0x00007ffb5b54d000 	C:\WINDOWS\SYSTEM32\WINMMBASE.dll
0x00007ffb5e740000 - 0x00007ffb5e78a000 	C:\WINDOWS\System32\cfgmgr32.dll
0x00007ffb56e20000 - 0x00007ffb56e2f000 	C:\Program Files\Android\Android Studio\jre\jre\bin\verify.dll
0x00007ffb56ca0000 - 0x00007ffb56cc9000 	C:\Program Files\Android\Android Studio\jre\jre\bin\java.dll
0x00007ffb4ec00000 - 0x00007ffb4ec16000 	C:\Program Files\Android\Android Studio\jre\jre\bin\zip.dll
0x00007ffb5ec10000 - 0x00007ffb5f2f5000 	C:\WINDOWS\System32\SHELL32.dll
0x00007ffb5eb60000 - 0x00007ffb5ec09000 	C:\WINDOWS\System32\shcore.dll
0x00007ffb5dc60000 - 0x00007ffb5e3e0000 	C:\WINDOWS\System32\windows.storage.dll
0x00007ffb5d8c0000 - 0x00007ffb5d8e3000 	C:\WINDOWS\System32\profapi.dll
0x00007ffb5d830000 - 0x00007ffb5d87a000 	C:\WINDOWS\System32\powrprof.dll
0x00007ffb5d820000 - 0x00007ffb5d830000 	C:\WINDOWS\System32\UMPDC.dll
0x00007ffb60820000 - 0x00007ffb60872000 	C:\WINDOWS\System32\shlwapi.dll
0x00007ffb5d8a0000 - 0x00007ffb5d8b1000 	C:\WINDOWS\System32\kernel.appcore.dll
0x00007ffb5dc40000 - 0x00007ffb5dc57000 	C:\WINDOWS\System32\cryptsp.dll
0x00007ffb4e800000 - 0x00007ffb4e81a000 	C:\Program Files\Android\Android Studio\jre\jre\bin\net.dll
0x00007ffb4b930000 - 0x00007ffb4bb05000 	C:\WINDOWS\SYSTEM32\urlmon.dll
0x00007ffb4b260000 - 0x00007ffb4b506000 	C:\WINDOWS\SYSTEM32\iertutil.dll
0x00007ffb5d200000 - 0x00007ffb5d20c000 	C:\WINDOWS\SYSTEM32\CRYPTBASE.DLL
0x00007ffb5d030000 - 0x00007ffb5d097000 	C:\WINDOWS\system32\mswsock.dll
0x00007ffb4e7e0000 - 0x00007ffb4e7f3000 	C:\Program Files\Android\Android Studio\jre\jre\bin\nio.dll
0x00007ffb57900000 - 0x00007ffb57926000 	C:\Users\Aagam Shah\.gradle\native\30\windows-amd64\native-platform.dll
0x00007ffb56bd0000 - 0x00007ffb56bdd000 	C:\Program Files\Android\Android Studio\jre\jre\bin\management.dll
0x00007ffb5cba0000 - 0x00007ffb5cbd3000 	C:\WINDOWS\system32\rsaenh.dll
0x00007ffb5e710000 - 0x00007ffb5e736000 	C:\WINDOWS\System32\bcrypt.dll
0x00007ffb5d710000 - 0x00007ffb5d735000 	C:\WINDOWS\SYSTEM32\USERENV.dll
0x00007ffb5cd40000 - 0x00007ffb5cd7a000 	C:\WINDOWS\SYSTEM32\IPHLPAPI.DLL
0x00007ffb602a0000 - 0x00007ffb602a8000 	C:\WINDOWS\System32\NSI.dll
0x00007ffb55bd0000 - 0x00007ffb55be6000 	C:\WINDOWS\SYSTEM32\dhcpcsvc6.DLL
0x00007ffb57390000 - 0x00007ffb573ac000 	C:\WINDOWS\SYSTEM32\dhcpcsvc.DLL
0x00007ffb5cd80000 - 0x00007ffb5ce4a000 	C:\WINDOWS\SYSTEM32\DNSAPI.dll

VM Arguments:
jvm_args: -Xmx1536m -Dfile.encoding=windows-1252 -Duser.country=IN -Duser.language=en -Duser.variant 
java_command: org.gradle.launcher.daemon.bootstrap.GradleDaemon 5.6.4
java_class_path (initial): C:\Users\Aagam Shah\.gradle\wrapper\dists\gradle-5.6.4-all\ankdp27end7byghfw1q2sw75f\gradle-5.6.4\lib\gradle-launcher-5.6.4.jar
Launcher Type: SUN_STANDARD

Environment Variables:
PATH=C:\ProgramData\Anaconda3;C:\ProgramData\Anaconda3\Library\mingw-w64\bin;C:\ProgramData\Anaconda3\Library\usr\bin;C:\ProgramData\Anaconda3\Library\bin;C:\ProgramData\Anaconda3\Scripts;C:\Program Files (x86)\Intel\Intel(R) Management Engine Components\iCLS\;C:\Program Files\Intel\Intel(R) Management Engine Components\iCLS\;C:\WINDOWS\system32;C:\WINDOWS;C:\WINDOWS\System32\Wbem;C:\WINDOWS\System32\WindowsPowerShell\v1.0\;C:\WINDOWS\System32\OpenSSH\;C:\Program Files (x86)\Intel\Intel(R) Management Engine Components\DAL;C:\Program Files\Intel\Intel(R) Management Engine Components\DAL;C:\Program Files (x86)\Intel\Intel(R) Management Engine Components\IPT;C:\Program Files\Intel\Intel(R) Management Engine Components\IPT;C:\Program Files\Java\jdk-12.0.2\bin;C:\Android;C:\Windows\System32;C:\Program Files\Git\cmd;C:\Program Files\MySQL\MySQL Shell 8.0\bin\;C:\Users\Aagam Shah\AppData\Local\Programs\Python\Python37-32\Scripts\;C:\Users\Aagam Shah\AppData\Local\Programs\Python\Python37-32\;C:\Users\Aagam Shah\AppData\Local\Microsoft\WindowsApps;C:\Users\Aagam Shah\AppData\Local\atom\bin;C:\Program Files\JetBrains\PyCharm Community Edition 2019.2\bin;C:\Users\Aagam Shah\AppData\Local\GitHubDesktop\bin
USERNAME=Aagam Shah
OS=Windows_NT
PROCESSOR_IDENTIFIER=Intel64 Family 6 Model 142 Stepping 10, GenuineIntel



---------------  S Y S T E M  ---------------

OS: Windows 10.0 , 64 bit Build 18362 (10.0.18362.329)

CPU:total 8 (initial active 8) (4 cores per cpu, 2 threads per core) family 6 model 142 stepping 10, cmov, cx8, fxsr, mmx, sse, sse2, sse3, ssse3, sse4.1, sse4.2, popcnt, avx, avx2, aes, clmul, erms, 3dnowpref, lzcnt, ht, tsc, tscinvbit, bmi1, bmi2, adx

Memory: 4k page, physical 8286588k(429880k free), swap 12480892k(5124k free)

vm_info: OpenJDK 64-Bit Server VM (25.212-b04) for windows-amd64 JRE (1.8.0_212-release-1586-b04), built by "builder" with MS VC++ 10.0 (VS2010)

time: Fri Apr 03 16:49:58 2020
timezone: India Standard Time
elapsed time: 2 seconds (0d 0h 0m 2s)

