#
# There is insufficient memory for the Java Runtime Environment to continue.
# Native memory allocation (malloc) failed to allocate 32744 bytes for ChunkPool::allocate
# Possible reasons:
#   The system is out of physical RAM or swap space
#   The process is running with CompressedOops enabled, and the Java Heap may be blocking the growth of the native heap
# Possible solutions:
#   Reduce memory load on the system
#   Increase physical memory or swap space
#   Check if swap backing store is full
#   Decrease Java heap size (-Xmx/-Xms)
#   Decrease number of Java threads
#   Decrease Java thread stack sizes (-Xss)
#   Set larger code cache with -XX:ReservedCodeCacheSize=
#   JVM is running with Unscaled Compressed Oops mode in which the Java heap is
#     placed in the first 4GB address space. The Java Heap base address is the
#     maximum limit for the native heap growth. Please use -XX:HeapBaseMinAddress
#     to set the Java Heap base and to place the Java Heap above 4GB virtual address.
# This output file may be truncated or incomplete.
#
#  Out of Memory Error (allocation.cpp:272), pid=39328, tid=0x0000000000009f28
#
# JRE version: OpenJDK Runtime Environment (8.0_212-b04) (build 1.8.0_212-release-1586-b04)
# Java VM: OpenJDK 64-Bit Server VM (25.212-b04 mixed mode windows-amd64 compressed oops)
# Failed to write core dump. Minidumps are not enabled by default on client versions of Windows
#

---------------  T H R E A D  ---------------

Current thread (0x0000000018eda000):  JavaThread "C2 CompilerThread0" daemon [_thread_in_native, id=40744, stack(0x00000000197b0000,0x00000000198b0000)]

Stack: [0x00000000197b0000,0x00000000198b0000]
[error occurred during error reporting (printing stack bounds), id 0xc0000005]

Native frames: (J=compiled Java code, j=interpreted, Vv=VM code, C=native code)


Current CompileTask:
C2:   2218 1438   !   4       java.net.URLClassLoader$1::run (63 bytes)


---------------  P R O C E S S  ---------------

Java Threads: ( => current thread )
  0x000000001b86a800 JavaThread "Cache worker for file hash cache (C:\Users\Aagam Shah\AndroidStudioProjects\BuyAndSell\.gradle\5.6.4\fileHashes)" [_thread_blocked, id=8272, stack(0x000000001ffa0000,0x00000000200a0000)]
  0x000000001b866000 JavaThread "Cache worker for journal cache (C:\Users\Aagam Shah\.gradle\caches\journal-1)" [_thread_blocked, id=21204, stack(0x000000001db00000,0x000000001dc00000)]
  0x000000001b869000 JavaThread "File lock request listener" [_thread_in_native, id=37476, stack(0x000000001da00000,0x000000001db00000)]
  0x000000001b376800 JavaThread "Cache worker for file hash cache (C:\Users\Aagam Shah\.gradle\caches\5.6.4\fileHashes)" [_thread_blocked, id=22844, stack(0x000000001d900000,0x000000001da00000)]
  0x000000001b4d3800 JavaThread "Thread-9" [_thread_blocked, id=15788, stack(0x000000001d800000,0x000000001d900000)]
  0x000000001b472000 JavaThread "Stdin handler" [_thread_blocked, id=26832, stack(0x000000001d700000,0x000000001d800000)]
  0x000000001bd3f000 JavaThread "Asynchronous log dispatcher for DefaultDaemonConnection: socket connection from /127.0.0.1:55409 to /127.0.0.1:55410" [_thread_blocked, id=25056, stack(0x000000001d500000,0x000000001d600000)]
  0x000000001bbe7800 JavaThread "Daemon worker" [_thread_in_vm, id=16728, stack(0x000000001d400000,0x000000001d500000)]
  0x000000001bbe6800 JavaThread "Cancel handler" [_thread_blocked, id=46580, stack(0x000000001d300000,0x000000001d400000)]
  0x000000001b70a000 JavaThread "Handler for socket connection from /127.0.0.1:55409 to /127.0.0.1:55410" [_thread_in_native, id=45944, stack(0x000000001d000000,0x000000001d100000)]
  0x000000001b932000 JavaThread "Daemon" [_thread_blocked, id=27480, stack(0x000000001cf00000,0x000000001d000000)]
  0x000000001b6fa800 JavaThread "Daemon periodic checks" [_thread_blocked, id=38944, stack(0x000000001ce00000,0x000000001cf00000)]
  0x000000001bb93800 JavaThread "Incoming local TCP Connector on port 55409" [_thread_in_native, id=14240, stack(0x000000001cbc0000,0x000000001ccc0000)]
  0x000000001bcaf800 JavaThread "Daemon health stats" [_thread_blocked, id=34080, stack(0x000000001b580000,0x000000001b680000)]
  0x0000000018f6c000 JavaThread "Service Thread" daemon [_thread_blocked, id=24840, stack(0x0000000019bb0000,0x0000000019cb0000)]
  0x0000000018ee8000 JavaThread "C1 CompilerThread3" daemon [_thread_blocked, id=31916, stack(0x0000000019ab0000,0x0000000019bb0000)]
  0x0000000018ee0800 JavaThread "C2 CompilerThread2" daemon [_thread_in_native, id=17972, stack(0x00000000199b0000,0x0000000019ab0000)]
  0x0000000018edc000 JavaThread "C2 CompilerThread1" daemon [_thread_blocked, id=25396, stack(0x00000000198b0000,0x00000000199b0000)]
=>0x0000000018eda000 JavaThread "C2 CompilerThread0" daemon [_thread_in_native, id=40744, stack(0x00000000197b0000,0x00000000198b0000)]
  0x0000000018ed8800 JavaThread "Attach Listener" daemon [_thread_blocked, id=42512, stack(0x00000000196b0000,0x00000000197b0000)]
  0x00000000170de800 JavaThread "Signal Dispatcher" daemon [_thread_blocked, id=15532, stack(0x00000000195b0000,0x00000000196b0000)]
  0x0000000018ed0800 JavaThread "Finalizer" daemon [_thread_blocked, id=37568, stack(0x00000000193b0000,0x00000000194b0000)]
  0x00000000170cc000 JavaThread "Reference Handler" daemon [_thread_blocked, id=35812, stack(0x00000000192b0000,0x00000000193b0000)]
  0x0000000003212800 JavaThread "main" [_thread_blocked, id=40348, stack(0x0000000003030000,0x0000000003130000)]

Other Threads:
  0x00000000170c5800 VMThread [stack: 0x0000000018db0000,0x0000000018eb0000] [id=24940]
  0x0000000018f6d000 WatcherThread [stack: 0x0000000019cb0000,0x0000000019db0000] [id=4280]

VM state:not at safepoint (normal execution)

VM Mutex/Monitor currently owned by a thread: None

heap address: 0x00000000a0000000, size: 1536 MB, Compressed Oops mode: 32-bit
Narrow klass base: 0x0000000000000000, Narrow klass shift: 3
Compressed class space size: 1073741824 Address: 0x0000000100000000

Heap:
 PSYoungGen      total 38400K, used 37138K [0x00000000e0000000, 0x00000000e4b00000, 0x0000000100000000)
  eden space 33280K, 96% used [0x00000000e0000000,0x00000000e1f48800,0x00000000e2080000)
  from space 5120K, 99% used [0x00000000e2580000,0x00000000e2a7c030,0x00000000e2a80000)
  to   space 5120K, 0% used [0x00000000e2080000,0x00000000e2080000,0x00000000e2580000)
 ParOldGen       total 87552K, used 3761K [0x00000000a0000000, 0x00000000a5580000, 0x00000000e0000000)
  object space 87552K, 4% used [0x00000000a0000000,0x00000000a03ac7b0,0x00000000a5580000)
 Metaspace       used 17425K, capacity 17810K, committed 18048K, reserved 1064960K
  class space    used 2500K, capacity 2649K, committed 2688K, reserved 1048576K

Card table byte_map: [0x00000000126d0000,0x00000000129e0000] byte_map_base: 0x00000000121d0000

Marking Bits: (ParMarkBitMap*) 0x0000000059109f30
 Begin Bits: [0x00000000133e0000, 0x0000000014be0000)
 End Bits:   [0x0000000014be0000, 0x00000000163e0000)

Polling page: 0x0000000000ff0000

CodeCache: size=245760Kb used=5464Kb max_used=5468Kb free=240295Kb
 bounds [0x0000000003310000, 0x0000000003870000, 0x0000000012310000]
 total_blobs=1954 nmethods=1554 adapters=313
 compilation: enabled

Compilation events (10 events):
Event: 2.155 Thread 0x0000000018edc000 1551       4       java.lang.Throwable::<init> (39 bytes)
Event: 2.157 Thread 0x0000000018edc000 nmethod 1551 0x0000000003868b90 code [0x0000000003868d00, 0x0000000003869088]
Event: 2.163 Thread 0x0000000018ee8000 1552       3       java.lang.reflect.Method::setMethodAccessor (21 bytes)
Event: 2.163 Thread 0x0000000018ee8000 nmethod 1552 0x0000000003868550 code [0x00000000038686c0, 0x0000000003868a68]
Event: 2.165 Thread 0x0000000018ee8000 1553       3       java.util.concurrent.locks.ReentrantLock$Sync::tryRelease (45 bytes)
Event: 2.166 Thread 0x0000000018ee8000 nmethod 1553 0x0000000003867cd0 code [0x0000000003867e60, 0x0000000003868408]
Event: 2.171 Thread 0x0000000018ee8000 1554       3       java.util.jar.JarEntry::<init> (6 bytes)
Event: 2.171 Thread 0x0000000018ee8000 nmethod 1554 0x0000000003867950 code [0x0000000003867ac0, 0x0000000003867c48]
Event: 2.205 Thread 0x0000000018ee8000 1555       3       java.lang.Enum::<init> (15 bytes)
Event: 2.206 Thread 0x0000000018ee8000 nmethod 1555 0x0000000003865810 code [0x0000000003865960, 0x0000000003865b30]

GC Heap History (8 events):
Event: 0.683 GC heap before
{Heap before GC invocations=1 (full 0):
 PSYoungGen      total 38400K, used 33280K [0x00000000e0000000, 0x00000000e2a80000, 0x0000000100000000)
  eden space 33280K, 100% used [0x00000000e0000000,0x00000000e2080000,0x00000000e2080000)
  from space 5120K, 0% used [0x00000000e2580000,0x00000000e2580000,0x00000000e2a80000)
  to   space 5120K, 0% used [0x00000000e2080000,0x00000000e2080000,0x00000000e2580000)
 ParOldGen       total 87552K, used 0K [0x00000000a0000000, 0x00000000a5580000, 0x00000000e0000000)
  object space 87552K, 0% used [0x00000000a0000000,0x00000000a0000000,0x00000000a5580000)
 Metaspace       used 7035K, capacity 7280K, committed 7424K, reserved 1056768K
  class space    used 857K, capacity 940K, committed 1024K, reserved 1048576K
Event: 0.687 GC heap after
Heap after GC invocations=1 (full 0):
 PSYoungGen      total 38400K, used 4380K [0x00000000e0000000, 0x00000000e2a80000, 0x0000000100000000)
  eden space 33280K, 0% used [0x00000000e0000000,0x00000000e0000000,0x00000000e2080000)
  from space 5120K, 85% used [0x00000000e2080000,0x00000000e24c7348,0x00000000e2580000)
  to   space 5120K, 0% used [0x00000000e2580000,0x00000000e2580000,0x00000000e2a80000)
 ParOldGen       total 87552K, used 8K [0x00000000a0000000, 0x00000000a5580000, 0x00000000e0000000)
  object space 87552K, 0% used [0x00000000a0000000,0x00000000a0002000,0x00000000a5580000)
 Metaspace       used 7035K, capacity 7280K, committed 7424K, reserved 1056768K
  class space    used 857K, capacity 940K, committed 1024K, reserved 1048576K
}
Event: 0.908 GC heap before
{Heap before GC invocations=2 (full 0):
 PSYoungGen      total 38400K, used 37660K [0x00000000e0000000, 0x00000000e2a80000, 0x0000000100000000)
  eden space 33280K, 100% used [0x00000000e0000000,0x00000000e2080000,0x00000000e2080000)
  from space 5120K, 85% used [0x00000000e2080000,0x00000000e24c7348,0x00000000e2580000)
  to   space 5120K, 0% used [0x00000000e2580000,0x00000000e2580000,0x00000000e2a80000)
 ParOldGen       total 87552K, used 8K [0x00000000a0000000, 0x00000000a5580000, 0x00000000e0000000)
  object space 87552K, 0% used [0x00000000a0000000,0x00000000a0002000,0x00000000a5580000)
 Metaspace       used 7268K, capacity 7528K, committed 7680K, reserved 1056768K
  class space    used 889K, capacity 980K, committed 1024K, reserved 1048576K
Event: 0.911 GC heap after
Heap after GC invocations=2 (full 0):
 PSYoungGen      total 38400K, used 3341K [0x00000000e0000000, 0x00000000e2a80000, 0x0000000100000000)
  eden space 33280K, 0% used [0x00000000e0000000,0x00000000e0000000,0x00000000e2080000)
  from space 5120K, 65% used [0x00000000e2580000,0x00000000e28c36f0,0x00000000e2a80000)
  to   space 5120K, 0% used [0x00000000e2080000,0x00000000e2080000,0x00000000e2580000)
 ParOldGen       total 87552K, used 16K [0x00000000a0000000, 0x00000000a5580000, 0x00000000e0000000)
  object space 87552K, 0% used [0x00000000a0000000,0x00000000a0004000,0x00000000a5580000)
 Metaspace       used 7268K, capacity 7528K, committed 7680K, reserved 1056768K
  class space    used 889K, capacity 980K, committed 1024K, reserved 1048576K
}
Event: 1.582 GC heap before
{Heap before GC invocations=3 (full 0):
 PSYoungGen      total 38400K, used 36621K [0x00000000e0000000, 0x00000000e2a80000, 0x0000000100000000)
  eden space 33280K, 100% used [0x00000000e0000000,0x00000000e2080000,0x00000000e2080000)
  from space 5120K, 65% used [0x00000000e2580000,0x00000000e28c36f0,0x00000000e2a80000)
  to   space 5120K, 0% used [0x00000000e2080000,0x00000000e2080000,0x00000000e2580000)
 ParOldGen       total 87552K, used 16K [0x00000000a0000000, 0x00000000a5580000, 0x00000000e0000000)
  object space 87552K, 0% used [0x00000000a0000000,0x00000000a0004000,0x00000000a5580000)
 Metaspace       used 12211K, capacity 12638K, committed 12928K, reserved 1060864K
  class space    used 1634K, capacity 1793K, committed 1920K, reserved 1048576K
Event: 1.587 GC heap after
Heap after GC invocations=3 (full 0):
 PSYoungGen      total 38400K, used 5108K [0x00000000e0000000, 0x00000000e2a80000, 0x0000000100000000)
  eden space 33280K, 0% used [0x00000000e0000000,0x00000000e0000000,0x00000000e2080000)
  from space 5120K, 99% used [0x00000000e2080000,0x00000000e257d090,0x00000000e2580000)
  to   space 5120K, 0% used [0x00000000e2580000,0x00000000e2580000,0x00000000e2a80000)
 ParOldGen       total 87552K, used 1332K [0x00000000a0000000, 0x00000000a5580000, 0x00000000e0000000)
  object space 87552K, 1% used [0x00000000a0000000,0x00000000a014d2a0,0x00000000a5580000)
 Metaspace       used 12211K, capacity 12638K, committed 12928K, reserved 1060864K
  class space    used 1634K, capacity 1793K, committed 1920K, reserved 1048576K
}
Event: 1.852 GC heap before
{Heap before GC invocations=4 (full 0):
 PSYoungGen      total 38400K, used 38388K [0x00000000e0000000, 0x00000000e2a80000, 0x0000000100000000)
  eden space 33280K, 100% used [0x00000000e0000000,0x00000000e2080000,0x00000000e2080000)
  from space 5120K, 99% used [0x00000000e2080000,0x00000000e257d090,0x00000000e2580000)
  to   space 5120K, 0% used [0x00000000e2580000,0x00000000e2580000,0x00000000e2a80000)
 ParOldGen       total 87552K, used 1332K [0x00000000a0000000, 0x00000000a5580000, 0x00000000e0000000)
  object space 87552K, 1% used [0x00000000a0000000,0x00000000a014d2a0,0x00000000a5580000)
 Metaspace       used 14535K, capacity 14856K, committed 14976K, reserved 1062912K
  class space    used 2032K, capacity 2150K, committed 2176K, reserved 1048576K
Event: 1.859 GC heap after
Heap after GC invocations=4 (full 0):
 PSYoungGen      total 38400K, used 5104K [0x00000000e0000000, 0x00000000e4b00000, 0x0000000100000000)
  eden space 33280K, 0% used [0x00000000e0000000,0x00000000e0000000,0x00000000e2080000)
  from space 5120K, 99% used [0x00000000e2580000,0x00000000e2a7c030,0x00000000e2a80000)
  to   space 5120K, 0% used [0x00000000e2080000,0x00000000e2080000,0x00000000e2580000)
 ParOldGen       total 87552K, used 3761K [0x00000000a0000000, 0x00000000a5580000, 0x00000000e0000000)
  object space 87552K, 4% used [0x00000000a0000000,0x00000000a03ac7b0,0x00000000a5580000)
 Metaspace       used 14535K, capacity 14856K, committed 14976K, reserved 1062912K
  class space    used 2032K, capacity 2150K, committed 2176K, reserved 1048576K
}

Deoptimization events (10 events):
Event: 1.548 Thread 0x000000001bbe7800 Uncommon trap: reason=bimorphic action=maybe_recompile pc=0x000000000355be5c method=java.util.HashMap.putVal(ILjava/lang/Object;Ljava/lang/Object;ZZ)Ljava/lang/Object; @ 253
Event: 1.548 Thread 0x000000001bbe7800 Uncommon trap: reason=bimorphic action=maybe_recompile pc=0x000000000355be5c method=java.util.HashMap.putVal(ILjava/lang/Object;Ljava/lang/Object;ZZ)Ljava/lang/Object; @ 253
Event: 1.548 Thread 0x000000001bbe7800 Uncommon trap: reason=bimorphic action=maybe_recompile pc=0x000000000355be5c method=java.util.HashMap.putVal(ILjava/lang/Object;Ljava/lang/Object;ZZ)Ljava/lang/Object; @ 253
Event: 1.548 Thread 0x000000001bbe7800 Uncommon trap: reason=bimorphic action=maybe_recompile pc=0x000000000355e30c method=java.util.HashMap.putVal(ILjava/lang/Object;Ljava/lang/Object;ZZ)Ljava/lang/Object; @ 253
Event: 1.708 Thread 0x000000001bbe7800 Uncommon trap: reason=class_check action=maybe_recompile pc=0x00000000035fa698 method=java.util.regex.Matcher.match(II)Z @ 86
Event: 1.719 Thread 0x000000001bbe7800 Uncommon trap: reason=class_check action=maybe_recompile pc=0x00000000035fa698 method=java.util.regex.Matcher.match(II)Z @ 86
Event: 1.719 Thread 0x000000001bbe7800 Uncommon trap: reason=class_check action=maybe_recompile pc=0x00000000035fa698 method=java.util.regex.Matcher.match(II)Z @ 86
Event: 1.720 Thread 0x000000001bbe7800 Uncommon trap: reason=class_check action=maybe_recompile pc=0x00000000034816a0 method=java.util.regex.Matcher.match(II)Z @ 86
Event: 1.952 Thread 0x000000001bbe7800 Uncommon trap: reason=unstable_if action=reinterpret pc=0x00000000037a0f34 method=java.lang.String.lastIndexOf([CII[CIII)I @ 66
Event: 2.043 Thread 0x000000001bbe7800 Uncommon trap: reason=unstable_if action=reinterpret pc=0x000000000379ecac method=java.util.HashMap.putVal(ILjava/lang/Object;Ljava/lang/Object;ZZ)Ljava/lang/Object; @ 236

Classes redefined (0 events):
No events

Internal exceptions (10 events):
Event: 1.511 Thread 0x000000001b70a000 Exception <a 'java/lang/NoSuchMethodError': <clinit>> (0x00000000e1a1fbe8) thrown at [D:\src\AOSP-openjdk-cygwin\jdk8u\hotspot\src\share\vm\prims\jni.cpp, line 1614]
Event: 1.512 Thread 0x000000001b70a000 Exception <a 'java/lang/NoSuchMethodError': <clinit>> (0x00000000e1a29998) thrown at [D:\src\AOSP-openjdk-cygwin\jdk8u\hotspot\src\share\vm\prims\jni.cpp, line 1614]
Event: 1.514 Thread 0x000000001b70a000 Exception <a 'java/lang/NoSuchMethodError': <clinit>> (0x00000000e1a3e440) thrown at [D:\src\AOSP-openjdk-cygwin\jdk8u\hotspot\src\share\vm\prims\jni.cpp, line 1614]
Event: 1.523 Thread 0x000000001b70a000 Exception <a 'java/lang/NoSuchMethodError': <clinit>> (0x00000000e1a99de8) thrown at [D:\src\AOSP-openjdk-cygwin\jdk8u\hotspot\src\share\vm\prims\jni.cpp, line 1614]
Event: 1.526 Thread 0x000000001b70a000 Exception <a 'java/lang/NoSuchMethodError': <clinit>> (0x00000000e1ad1918) thrown at [D:\src\AOSP-openjdk-cygwin\jdk8u\hotspot\src\share\vm\prims\jni.cpp, line 1614]
Event: 1.530 Thread 0x000000001b70a000 Exception <a 'java/lang/NoSuchMethodError': <clinit>> (0x00000000e1b07cd0) thrown at [D:\src\AOSP-openjdk-cygwin\jdk8u\hotspot\src\share\vm\prims\jni.cpp, line 1614]
Event: 1.531 Thread 0x000000001b70a000 Exception <a 'java/lang/NoSuchMethodError': <clinit>> (0x00000000e1b13158) thrown at [D:\src\AOSP-openjdk-cygwin\jdk8u\hotspot\src\share\vm\prims\jni.cpp, line 1614]
Event: 1.924 Thread 0x000000001bbe7800 Exception <a 'java/lang/NoSuchMethodError': java.lang.Object.lambda$and$0(Ljava/util/function/Predicate;Ljava/lang/Object;)Z> (0x00000000e06c67e8) thrown at [D:\src\AOSP-openjdk-cygwin\jdk8u\hotspot\src\share\vm\interpreter\linkResolver.cpp, line 620]
Event: 1.930 Thread 0x000000001bbe7800 Exception <a 'java/lang/IncompatibleClassChangeError': Found class java.lang.Object, but interface was expected> (0x00000000e06dcb08) thrown at [D:\src\AOSP-openjdk-cygwin\jdk8u\hotspot\src\share\vm\interpreter\linkResolver.cpp, line 653]
Event: 1.932 Thread 0x000000001bbe7800 Exception <a 'java/lang/NoSuchMethodError': java.lang.Object.lambda$or$2(Ljava/util/function/Predicate;Ljava/lang/Object;)Z> (0x00000000e06e1a18) thrown at [D:\src\AOSP-openjdk-cygwin\jdk8u\hotspot\src\share\vm\interpreter\linkResolver.cpp, line 620]

Events (10 events):
Event: 2.209 loading class org/gradle/initialization/DefaultSettingsPreparer
Event: 2.209 loading class org/gradle/initialization/DefaultSettingsPreparer done
Event: 2.209 loading class org/gradle/invocation/DefaultGradle
Event: 2.209 loading class org/gradle/invocation/DefaultGradle done
Event: 2.210 loading class org/gradle/api/internal/GradleInternal
Event: 2.210 loading class org/gradle/api/internal/GradleInternal done
Event: 2.210 loading class org/gradle/api/invocation/Gradle
Event: 2.210 loading class org/gradle/api/invocation/Gradle done
Event: 2.212 loading class org/gradle/api/internal/project/AbstractPluginAware
Event: 2.212 loading class org/gradle/api/internal/project/AbstractPluginAware done


Dynamic libraries:
0x00007ff67e680000 - 0x00007ff67e6b1000 	C:\Program Files\Android\Android Studio\jre\bin\java.exe
0x00007ffb60960000 - 0x00007ffb60b50000 	C:\WINDOWS\SYSTEM32\ntdll.dll
0x00007ffb5f9e0000 - 0x00007ffb5fa92000 	C:\WINDOWS\System32\KERNEL32.DLL
0x00007ffb5e460000 - 0x00007ffb5e703000 	C:\WINDOWS\System32\KERNELBASE.dll
0x00007ffb60330000 - 0x00007ffb603d3000 	C:\WINDOWS\System32\ADVAPI32.dll
0x00007ffb5fe20000 - 0x00007ffb5febe000 	C:\WINDOWS\System32\msvcrt.dll
0x00007ffb60880000 - 0x00007ffb60917000 	C:\WINDOWS\System32\sechost.dll
0x00007ffb5faa0000 - 0x00007ffb5fbc0000 	C:\WINDOWS\System32\RPCRT4.dll
0x00007ffb5f300000 - 0x00007ffb5f494000 	C:\WINDOWS\System32\USER32.dll
0x00007ffb5e790000 - 0x00007ffb5e7b1000 	C:\WINDOWS\System32\win32u.dll
0x00007ffb5fc40000 - 0x00007ffb5fc66000 	C:\WINDOWS\System32\GDI32.dll
0x00007ffb5daa0000 - 0x00007ffb5dc34000 	C:\WINDOWS\System32\gdi32full.dll
0x00007ffb5e8c0000 - 0x00007ffb5e95e000 	C:\WINDOWS\System32\msvcp_win.dll
0x00007ffb5e7c0000 - 0x00007ffb5e8ba000 	C:\WINDOWS\System32\ucrtbase.dll
0x00007ffb4d1a0000 - 0x00007ffb4d425000 	C:\WINDOWS\WinSxS\amd64_microsoft.windows.common-controls_6595b64144ccf1df_6.0.18362.720_none_e6beb5c51314836b\COMCTL32.dll
0x00007ffb603e0000 - 0x00007ffb60716000 	C:\WINDOWS\System32\combase.dll
0x00007ffb5e3e0000 - 0x00007ffb5e460000 	C:\WINDOWS\System32\bcryptPrimitives.dll
0x00007ffb60720000 - 0x00007ffb6074e000 	C:\WINDOWS\System32\IMM32.DLL
0x00000000584e0000 - 0x00000000585b2000 	C:\Program Files\Android\Android Studio\jre\jre\bin\msvcr100.dll
0x0000000058940000 - 0x0000000059186000 	C:\Program Files\Android\Android Studio\jre\jre\bin\server\jvm.dll
0x00007ffb60150000 - 0x00007ffb60158000 	C:\WINDOWS\System32\PSAPI.DLL
0x00007ffb5b770000 - 0x00007ffb5b794000 	C:\WINDOWS\SYSTEM32\WINMM.dll
0x00007ffb54fe0000 - 0x00007ffb54fea000 	C:\WINDOWS\SYSTEM32\VERSION.dll
0x00007ffb4cd80000 - 0x00007ffb4cd89000 	C:\WINDOWS\SYSTEM32\WSOCK32.dll
0x00007ffb5f500000 - 0x00007ffb5f56f000 	C:\WINDOWS\System32\WS2_32.dll
0x00007ffb5b520000 - 0x00007ffb5b54d000 	C:\WINDOWS\SYSTEM32\winmmbase.dll
0x00007ffb5e740000 - 0x00007ffb5e78a000 	C:\WINDOWS\System32\cfgmgr32.dll
0x00007ffb56e20000 - 0x00007ffb56e2f000 	C:\Program Files\Android\Android Studio\jre\jre\bin\verify.dll
0x00007ffb56ca0000 - 0x00007ffb56cc9000 	C:\Program Files\Android\Android Studio\jre\jre\bin\java.dll
0x00007ffb4ec00000 - 0x00007ffb4ec16000 	C:\Program Files\Android\Android Studio\jre\jre\bin\zip.dll
0x00007ffb5ec10000 - 0x00007ffb5f2f5000 	C:\WINDOWS\System32\SHELL32.dll
0x00007ffb5eb60000 - 0x00007ffb5ec09000 	C:\WINDOWS\System32\shcore.dll
0x00007ffb5dc60000 - 0x00007ffb5e3e0000 	C:\WINDOWS\System32\windows.storage.dll
0x00007ffb5d8c0000 - 0x00007ffb5d8e3000 	C:\WINDOWS\System32\profapi.dll
0x00007ffb5d830000 - 0x00007ffb5d87a000 	C:\WINDOWS\System32\powrprof.dll
0x00007ffb5d820000 - 0x00007ffb5d830000 	C:\WINDOWS\System32\UMPDC.dll
0x00007ffb60820000 - 0x00007ffb60872000 	C:\WINDOWS\System32\shlwapi.dll
0x00007ffb5d8a0000 - 0x00007ffb5d8b1000 	C:\WINDOWS\System32\kernel.appcore.dll
0x00007ffb5dc40000 - 0x00007ffb5dc57000 	C:\WINDOWS\System32\cryptsp.dll
0x00007ffb4e800000 - 0x00007ffb4e81a000 	C:\Program Files\Android\Android Studio\jre\jre\bin\net.dll
0x00007ffb4b930000 - 0x00007ffb4bb05000 	C:\WINDOWS\SYSTEM32\urlmon.dll
0x00007ffb4b260000 - 0x00007ffb4b506000 	C:\WINDOWS\SYSTEM32\iertutil.dll
0x00007ffb5d200000 - 0x00007ffb5d20c000 	C:\WINDOWS\SYSTEM32\CRYPTBASE.DLL
0x00007ffb5d030000 - 0x00007ffb5d097000 	C:\WINDOWS\system32\mswsock.dll
0x00007ffb4e7e0000 - 0x00007ffb4e7f3000 	C:\Program Files\Android\Android Studio\jre\jre\bin\nio.dll
0x00007ffb57900000 - 0x00007ffb57926000 	C:\Users\Aagam Shah\.gradle\native\30\windows-amd64\native-platform.dll
0x00007ffb56bd0000 - 0x00007ffb56bdd000 	C:\Program Files\Android\Android Studio\jre\jre\bin\management.dll
0x00007ffb5cba0000 - 0x00007ffb5cbd3000 	C:\WINDOWS\system32\rsaenh.dll
0x00007ffb5e710000 - 0x00007ffb5e736000 	C:\WINDOWS\System32\bcrypt.dll
0x00007ffb5d710000 - 0x00007ffb5d735000 	C:\WINDOWS\SYSTEM32\USERENV.dll
0x00007ffb5cd40000 - 0x00007ffb5cd7a000 	C:\WINDOWS\SYSTEM32\IPHLPAPI.DLL
0x00007ffb602a0000 - 0x00007ffb602a8000 	C:\WINDOWS\System32\NSI.dll
0x00007ffb55bd0000 - 0x00007ffb55be6000 	C:\WINDOWS\SYSTEM32\dhcpcsvc6.DLL
0x00007ffb57390000 - 0x00007ffb573ac000 	C:\WINDOWS\SYSTEM32\dhcpcsvc.DLL
0x00007ffb5cd80000 - 0x00007ffb5ce4a000 	C:\WINDOWS\SYSTEM32\DNSAPI.dll

VM Arguments:
jvm_args: -Xmx1536m -Dfile.encoding=windows-1252 -Duser.country=IN -Duser.language=en -Duser.variant 
java_command: org.gradle.launcher.daemon.bootstrap.GradleDaemon 5.6.4
java_class_path (initial): C:\Users\Aagam Shah\.gradle\wrapper\dists\gradle-5.6.4-all\ankdp27end7byghfw1q2sw75f\gradle-5.6.4\lib\gradle-launcher-5.6.4.jar
Launcher Type: SUN_STANDARD

Environment Variables:
PATH=C:\ProgramData\Anaconda3;C:\ProgramData\Anaconda3\Library\mingw-w64\bin;C:\ProgramData\Anaconda3\Library\usr\bin;C:\ProgramData\Anaconda3\Library\bin;C:\ProgramData\Anaconda3\Scripts;C:\Program Files (x86)\Intel\Intel(R) Management Engine Components\iCLS\;C:\Program Files\Intel\Intel(R) Management Engine Components\iCLS\;C:\WINDOWS\system32;C:\WINDOWS;C:\WINDOWS\System32\Wbem;C:\WINDOWS\System32\WindowsPowerShell\v1.0\;C:\WINDOWS\System32\OpenSSH\;C:\Program Files (x86)\Intel\Intel(R) Management Engine Components\DAL;C:\Program Files\Intel\Intel(R) Management Engine Components\DAL;C:\Program Files (x86)\Intel\Intel(R) Management Engine Components\IPT;C:\Program Files\Intel\Intel(R) Management Engine Components\IPT;C:\Program Files\Java\jdk-12.0.2\bin;C:\Android;C:\Windows\System32;C:\Program Files\Git\cmd;C:\Program Files\MySQL\MySQL Shell 8.0\bin\;C:\Users\Aagam Shah\AppData\Local\Programs\Python\Python37-32\Scripts\;C:\Users\Aagam Shah\AppData\Local\Programs\Python\Python37-32\;C:\Users\Aagam Shah\AppData\Local\Microsoft\WindowsApps;C:\Users\Aagam Shah\AppData\Local\atom\bin;C:\Program Files\JetBrains\PyCharm Community Edition 2019.2\bin;C:\Users\Aagam Shah\AppData\Local\GitHubDesktop\bin
USERNAME=Aagam Shah
OS=Windows_NT
PROCESSOR_IDENTIFIER=Intel64 Family 6 Model 142 Stepping 10, GenuineIntel



---------------  S Y S T E M  ---------------

OS: Windows 10.0 , 64 bit Build 18362 (10.0.18362.329)

CPU:total 8 (initial active 8) (4 cores per cpu, 2 threads per core) family 6 model 142 stepping 10, cmov, cx8, fxsr, mmx, sse, sse2, sse3, ssse3, sse4.1, sse4.2, popcnt, avx, avx2, aes, clmul, erms, 3dnowpref, lzcnt, ht, tsc, tscinvbit, bmi1, bmi2, adx

Memory: 4k page, physical 8286588k(530036k free), swap 12480892k(4128k free)

vm_info: OpenJDK 64-Bit Server VM (25.212-b04) for windows-amd64 JRE (1.8.0_212-release-1586-b04), built by "builder" with MS VC++ 10.0 (VS2010)

time: Fri Apr 03 16:49:48 2020
timezone: India Standard Time
elapsed time: 2 seconds (0d 0h 0m 2s)

