#
# There is insufficient memory for the Java Runtime Environment to continue.
# Native memory allocation (malloc) failed to allocate 33136 bytes for Chunk::new
# Possible reasons:
#   The system is out of physical RAM or swap space
#   The process is running with CompressedOops enabled, and the Java Heap may be blocking the growth of the native heap
# Possible solutions:
#   Reduce memory load on the system
#   Increase physical memory or swap space
#   Check if swap backing store is full
#   Decrease Java heap size (-Xmx/-Xms)
#   Decrease number of Java threads
#   Decrease Java thread stack sizes (-Xss)
#   Set larger code cache with -XX:ReservedCodeCacheSize=
#   JVM is running with Unscaled Compressed Oops mode in which the Java heap is
#     placed in the first 4GB address space. The Java Heap base address is the
#     maximum limit for the native heap growth. Please use -XX:HeapBaseMinAddress
#     to set the Java Heap base and to place the Java Heap above 4GB virtual address.
# This output file may be truncated or incomplete.
#
#  Out of Memory Error (allocation.cpp:389), pid=32380, tid=0x000000000000b6f8
#
# JRE version: OpenJDK Runtime Environment (8.0_212-b04) (build 1.8.0_212-release-1586-b04)
# Java VM: OpenJDK 64-Bit Server VM (25.212-b04 mixed mode windows-amd64 compressed oops)
# Failed to write core dump. Minidumps are not enabled by default on client versions of Windows
#

---------------  T H R E A D  ---------------

Current thread (0x0000000018cc0800):  JavaThread "C2 CompilerThread0" daemon [_thread_in_native, id=46840, stack(0x0000000019590000,0x0000000019690000)]

Stack: [0x0000000019590000,0x0000000019690000]
[error occurred during error reporting (printing stack bounds), id 0xc0000005]

Native frames: (J=compiled Java code, j=interpreted, Vv=VM code, C=native code)


Current CompileTask:
C2:  13183 4580       4       java.lang.ClassLoader::defineClass (43 bytes)


---------------  P R O C E S S  ---------------

Java Threads: ( => current thread )
  0x000000001ec9b800 JavaThread "Cache worker for Build Output Cleanup Cache (C:\Users\Aagam Shah\AndroidStudioProjects\BuyAndSell\.gradle\buildOutputCleanup)" [_thread_blocked, id=19712, stack(0x0000000023e10000,0x0000000023f10000)]
  0x000000001eca2800 JavaThread "pool-1-thread-1" [_thread_blocked, id=12244, stack(0x0000000022900000,0x0000000022a00000)]
  0x000000001eca1000 JavaThread "Build operations Thread 8" [_thread_blocked, id=7780, stack(0x0000000022800000,0x0000000022900000)]
  0x000000001ec9d000 JavaThread "Build operations Thread 7" [_thread_blocked, id=19800, stack(0x00000000223c0000,0x00000000224c0000)]
  0x000000001eca0000 JavaThread "Build operations Thread 6" [_thread_blocked, id=2512, stack(0x00000000222c0000,0x00000000223c0000)]
  0x000000001ec98800 JavaThread "Build operations Thread 5" [_thread_blocked, id=44080, stack(0x00000000221c0000,0x00000000222c0000)]
  0x000000001ec9b000 JavaThread "Build operations Thread 4" [_thread_blocked, id=36964, stack(0x00000000220c0000,0x00000000221c0000)]
  0x000000001ec9a000 JavaThread "Build operations Thread 3" [_thread_blocked, id=8556, stack(0x0000000022700000,0x0000000022800000)]
  0x000000001ec9f800 JavaThread "Build operations Thread 2" [_thread_blocked, id=11256, stack(0x0000000022600000,0x0000000022700000)]
  0x000000001ec98000 JavaThread "Build operations" [_thread_blocked, id=21196, stack(0x0000000022500000,0x0000000022600000)]
  0x000000001ec9e000 JavaThread "Cache worker for execution history cache (C:\Users\Aagam Shah\.gradle\caches\5.6.4\executionHistory)" [_thread_blocked, id=8380, stack(0x0000000021dc0000,0x0000000021ec0000)]
  0x000000001ec9c800 JavaThread "Cache worker for cache directory md-rule (C:\Users\Aagam Shah\.gradle\caches\5.6.4\md-rule)" [_thread_blocked, id=24712, stack(0x0000000021cc0000,0x0000000021dc0000)]
  0x000000001ec99800 JavaThread "Cache worker for cache directory md-supplier (C:\Users\Aagam Shah\.gradle\caches\5.6.4\md-supplier)" [_thread_blocked, id=21028, stack(0x0000000020120000,0x0000000020220000)]
  0x0000000018cd1000 JavaThread "Cache worker for file hash cache (C:\Users\Aagam Shah\AndroidStudioProjects\BuyAndSell\.gradle\5.6.4\fileHashes)" [_thread_blocked, id=26936, stack(0x000000001fe10000,0x000000001ff10000)]
  0x0000000018cce000 JavaThread "Cache worker for journal cache (C:\Users\Aagam Shah\.gradle\caches\journal-1)" [_thread_blocked, id=18804, stack(0x000000001dae0000,0x000000001dbe0000)]
  0x0000000018cd0800 JavaThread "File lock request listener" [_thread_in_native, id=39836, stack(0x000000001d9e0000,0x000000001dae0000)]
  0x000000001b6f2800 JavaThread "Cache worker for file hash cache (C:\Users\Aagam Shah\.gradle\caches\5.6.4\fileHashes)" [_thread_blocked, id=9532, stack(0x000000001d8e0000,0x000000001d9e0000)]
  0x000000001baef800 JavaThread "Thread-9" [_thread_blocked, id=8664, stack(0x000000001d5e0000,0x000000001d6e0000)]
  0x000000001b87a800 JavaThread "Stdin handler" [_thread_blocked, id=35044, stack(0x000000001d4e0000,0x000000001d5e0000)]
  0x000000001b8a9800 JavaThread "Asynchronous log dispatcher for DefaultDaemonConnection: socket connection from /127.0.0.1:64828 to /127.0.0.1:64829" [_thread_blocked, id=19776, stack(0x000000001d2e0000,0x000000001d3e0000)]
  0x000000001baf1000 JavaThread "Daemon worker" [_thread_in_native, id=5552, stack(0x000000001d1e0000,0x000000001d2e0000)]
  0x000000001b8c8000 JavaThread "Cancel handler" [_thread_blocked, id=9196, stack(0x000000001d0e0000,0x000000001d1e0000)]
  0x000000001bac7800 JavaThread "Handler for socket connection from /127.0.0.1:64828 to /127.0.0.1:64829" [_thread_in_native, id=13708, stack(0x000000001cde0000,0x000000001cee0000)]
  0x000000001a625000 JavaThread "Daemon" [_thread_blocked, id=22204, stack(0x000000001cce0000,0x000000001cde0000)]
  0x0000000018df1800 JavaThread "Daemon periodic checks" [_thread_blocked, id=31056, stack(0x000000001cbe0000,0x000000001cce0000)]
  0x0000000019dba000 JavaThread "Incoming local TCP Connector on port 64828" [_thread_in_native, id=34548, stack(0x000000001c9a0000,0x000000001caa0000)]
  0x000000001b22d000 JavaThread "Daemon health stats" [_thread_blocked, id=29084, stack(0x000000001b360000,0x000000001b460000)]
  0x0000000018d50800 JavaThread "Service Thread" daemon [_thread_blocked, id=29824, stack(0x0000000019990000,0x0000000019a90000)]
  0x0000000018ccf000 JavaThread "C1 CompilerThread3" daemon [_thread_in_native, id=10864, stack(0x0000000019890000,0x0000000019990000)]
  0x0000000018cc9000 JavaThread "C2 CompilerThread2" daemon [_thread_blocked, id=17192, stack(0x0000000019790000,0x0000000019890000)]
  0x0000000018cc3800 JavaThread "C2 CompilerThread1" daemon [_thread_blocked, id=16868, stack(0x0000000019690000,0x0000000019790000)]
=>0x0000000018cc0800 JavaThread "C2 CompilerThread0" daemon [_thread_in_native, id=46840, stack(0x0000000019590000,0x0000000019690000)]
  0x0000000018cbf000 JavaThread "Attach Listener" daemon [_thread_blocked, id=40472, stack(0x0000000019490000,0x0000000019590000)]
  0x0000000018cba000 JavaThread "Signal Dispatcher" daemon [_thread_blocked, id=32636, stack(0x0000000019390000,0x0000000019490000)]
  0x0000000018cb1000 JavaThread "Finalizer" daemon [_thread_blocked, id=46040, stack(0x0000000019190000,0x0000000019290000)]
  0x0000000018cb0800 JavaThread "Reference Handler" daemon [_thread_blocked, id=23136, stack(0x0000000019090000,0x0000000019190000)]
  0x0000000003002800 JavaThread "main" [_thread_blocked, id=39364, stack(0x0000000002f00000,0x0000000003000000)]

Other Threads:
  0x0000000016eb6000 VMThread [stack: 0x0000000018b90000,0x0000000018c90000] [id=2696]
  0x0000000018d51800 WatcherThread [stack: 0x0000000019a90000,0x0000000019b90000] [id=7176]

VM state:not at safepoint (normal execution)

VM Mutex/Monitor currently owned by a thread: None

heap address: 0x00000000a0000000, size: 1536 MB, Compressed Oops mode: 32-bit
Narrow klass base: 0x0000000000000000, Narrow klass shift: 3
Compressed class space size: 1073741824 Address: 0x0000000100000000

Heap:
 PSYoungGen      total 148992K, used 71227K [0x00000000e0000000, 0x00000000ea800000, 0x0000000100000000)
  eden space 136192K, 42% used [0x00000000e0000000,0x00000000e3916388,0x00000000e8500000)
  from space 12800K, 99% used [0x00000000e9b80000,0x00000000ea7f8a50,0x00000000ea800000)
  to   space 14848K, 0% used [0x00000000e8b00000,0x00000000e8b00000,0x00000000e9980000)
 ParOldGen       total 94720K, used 19999K [0x00000000a0000000, 0x00000000a5c80000, 0x00000000e0000000)
  object space 94720K, 21% used [0x00000000a0000000,0x00000000a1387d80,0x00000000a5c80000)
 Metaspace       used 48636K, capacity 49988K, committed 50176K, reserved 1093632K
  class space    used 6508K, capacity 6867K, committed 6912K, reserved 1048576K

Card table byte_map: [0x00000000124c0000,0x00000000127d0000] byte_map_base: 0x0000000011fc0000

Marking Bits: (ParMarkBitMap*) 0x0000000059109f30
 Begin Bits: [0x00000000131d0000, 0x00000000149d0000)
 End Bits:   [0x00000000149d0000, 0x00000000161d0000)

Polling page: 0x0000000002da0000

CodeCache: size=245760Kb used=14510Kb max_used=14510Kb free=231249Kb
 bounds [0x0000000003100000, 0x0000000003f40000, 0x0000000012100000]
 total_blobs=4930 nmethods=4163 adapters=680
 compilation: enabled

Compilation events (10 events):
Event: 13.171 Thread 0x0000000018ccf000 nmethod 4582 0x0000000003f30e10 code [0x0000000003f30fe0, 0x0000000003f316d8]
Event: 13.173 Thread 0x0000000018ccf000 4584       3       java.lang.Byte::valueOf (10 bytes)
Event: 13.174 Thread 0x0000000018ccf000 nmethod 4584 0x0000000003f360d0 code [0x0000000003f36220, 0x0000000003f36390]
Event: 13.174 Thread 0x0000000018ccf000 4585       3       java.lang.invoke.MemberName::<init> (131 bytes)
Event: 13.176 Thread 0x0000000018ccf000 nmethod 4585 0x0000000003f34210 code [0x0000000003f344e0, 0x0000000003f358d8]
Event: 13.176 Thread 0x0000000018ccf000 4586       3       java.lang.Byte::hashCode (8 bytes)
Event: 13.176 Thread 0x0000000018ccf000 nmethod 4586 0x0000000003f33e50 code [0x0000000003f33fa0, 0x0000000003f34150]
Event: 13.176 Thread 0x0000000018ccf000 4587       3       java.lang.invoke.MemberName::hashCode (39 bytes)
Event: 13.177 Thread 0x0000000018ccf000 nmethod 4587 0x0000000003f36490 code [0x0000000003f366a0, 0x0000000003f37428]
Event: 13.177 Thread 0x0000000018ccf000 4588       3       java.lang.invoke.TypeConvertingMethodAdapter::convertType (299 bytes)

GC Heap History (10 events):
Event: 5.181 GC heap before
{Heap before GC invocations=8 (full 1):
 PSYoungGen      total 75264K, used 65024K [0x00000000e0000000, 0x00000000e5800000, 0x0000000100000000)
  eden space 65024K, 100% used [0x00000000e0000000,0x00000000e3f80000,0x00000000e3f80000)
  from space 10240K, 0% used [0x00000000e4b00000,0x00000000e4b00000,0x00000000e5500000)
  to   space 11776K, 0% used [0x00000000e3f80000,0x00000000e3f80000,0x00000000e4b00000)
 ParOldGen       total 61952K, used 9802K [0x00000000a0000000, 0x00000000a3c80000, 0x00000000e0000000)
  object space 61952K, 15% used [0x00000000a0000000,0x00000000a09928f8,0x00000000a3c80000)
 Metaspace       used 29117K, capacity 29704K, committed 30080K, reserved 1075200K
  class space    used 3924K, capacity 4131K, committed 4224K, reserved 1048576K
Event: 5.207 GC heap after
Heap after GC invocations=8 (full 1):
 PSYoungGen      total 76800K, used 7965K [0x00000000e0000000, 0x00000000e7e80000, 0x0000000100000000)
  eden space 65024K, 0% used [0x00000000e0000000,0x00000000e0000000,0x00000000e3f80000)
  from space 11776K, 67% used [0x00000000e3f80000,0x00000000e4747748,0x00000000e4b00000)
  to   space 11776K, 0% used [0x00000000e7300000,0x00000000e7300000,0x00000000e7e80000)
 ParOldGen       total 61952K, used 9810K [0x00000000a0000000, 0x00000000a3c80000, 0x00000000e0000000)
  object space 61952K, 15% used [0x00000000a0000000,0x00000000a09948f8,0x00000000a3c80000)
 Metaspace       used 29117K, capacity 29704K, committed 30080K, reserved 1075200K
  class space    used 3924K, capacity 4131K, committed 4224K, reserved 1048576K
}
Event: 6.115 GC heap before
{Heap before GC invocations=9 (full 1):
 PSYoungGen      total 76800K, used 72989K [0x00000000e0000000, 0x00000000e7e80000, 0x0000000100000000)
  eden space 65024K, 100% used [0x00000000e0000000,0x00000000e3f80000,0x00000000e3f80000)
  from space 11776K, 67% used [0x00000000e3f80000,0x00000000e4747748,0x00000000e4b00000)
  to   space 11776K, 0% used [0x00000000e7300000,0x00000000e7300000,0x00000000e7e80000)
 ParOldGen       total 61952K, used 9810K [0x00000000a0000000, 0x00000000a3c80000, 0x00000000e0000000)
  object space 61952K, 15% used [0x00000000a0000000,0x00000000a09948f8,0x00000000a3c80000)
 Metaspace       used 31966K, capacity 32556K, committed 32768K, reserved 1077248K
  class space    used 4382K, capacity 4591K, committed 4608K, reserved 1048576K
Event: 6.134 GC heap after
Heap after GC invocations=9 (full 1):
 PSYoungGen      total 117760K, used 8160K [0x00000000e0000000, 0x00000000e8000000, 0x0000000100000000)
  eden space 105984K, 0% used [0x00000000e0000000,0x00000000e0000000,0x00000000e6780000)
  from space 11776K, 69% used [0x00000000e7300000,0x00000000e7af8070,0x00000000e7e80000)
  to   space 11776K, 0% used [0x00000000e6780000,0x00000000e6780000,0x00000000e7300000)
 ParOldGen       total 61952K, used 9818K [0x00000000a0000000, 0x00000000a3c80000, 0x00000000e0000000)
  object space 61952K, 15% used [0x00000000a0000000,0x00000000a09968f8,0x00000000a3c80000)
 Metaspace       used 31966K, capacity 32556K, committed 32768K, reserved 1077248K
  class space    used 4382K, capacity 4591K, committed 4608K, reserved 1048576K
}
Event: 7.445 GC heap before
{Heap before GC invocations=10 (full 1):
 PSYoungGen      total 117760K, used 75330K [0x00000000e0000000, 0x00000000e8000000, 0x0000000100000000)
  eden space 105984K, 63% used [0x00000000e0000000,0x00000000e41989a0,0x00000000e6780000)
  from space 11776K, 69% used [0x00000000e7300000,0x00000000e7af8070,0x00000000e7e80000)
  to   space 11776K, 0% used [0x00000000e6780000,0x00000000e6780000,0x00000000e7300000)
 ParOldGen       total 61952K, used 9818K [0x00000000a0000000, 0x00000000a3c80000, 0x00000000e0000000)
  object space 61952K, 15% used [0x00000000a0000000,0x00000000a09968f8,0x00000000a3c80000)
 Metaspace       used 34566K, capacity 35390K, committed 35456K, reserved 1079296K
  class space    used 4748K, capacity 4974K, committed 4992K, reserved 1048576K
Event: 7.458 GC heap after
Heap after GC invocations=10 (full 1):
 PSYoungGen      total 117760K, used 10760K [0x00000000e0000000, 0x00000000ea800000, 0x0000000100000000)
  eden space 105984K, 0% used [0x00000000e0000000,0x00000000e0000000,0x00000000e6780000)
  from space 11776K, 91% used [0x00000000e6780000,0x00000000e7202108,0x00000000e7300000)
  to   space 12800K, 0% used [0x00000000e9b80000,0x00000000e9b80000,0x00000000ea800000)
 ParOldGen       total 61952K, used 9826K [0x00000000a0000000, 0x00000000a3c80000, 0x00000000e0000000)
  object space 61952K, 15% used [0x00000000a0000000,0x00000000a09988f8,0x00000000a3c80000)
 Metaspace       used 34566K, capacity 35390K, committed 35456K, reserved 1079296K
  class space    used 4748K, capacity 4974K, committed 4992K, reserved 1048576K
}
Event: 7.458 GC heap before
{Heap before GC invocations=11 (full 2):
 PSYoungGen      total 117760K, used 10760K [0x00000000e0000000, 0x00000000ea800000, 0x0000000100000000)
  eden space 105984K, 0% used [0x00000000e0000000,0x00000000e0000000,0x00000000e6780000)
  from space 11776K, 91% used [0x00000000e6780000,0x00000000e7202108,0x00000000e7300000)
  to   space 12800K, 0% used [0x00000000e9b80000,0x00000000e9b80000,0x00000000ea800000)
 ParOldGen       total 61952K, used 9826K [0x00000000a0000000, 0x00000000a3c80000, 0x00000000e0000000)
  object space 61952K, 15% used [0x00000000a0000000,0x00000000a09988f8,0x00000000a3c80000)
 Metaspace       used 34566K, capacity 35390K, committed 35456K, reserved 1079296K
  class space    used 4748K, capacity 4974K, committed 4992K, reserved 1048576K
Event: 7.541 GC heap after
Heap after GC invocations=11 (full 2):
 PSYoungGen      total 117760K, used 0K [0x00000000e0000000, 0x00000000ea800000, 0x0000000100000000)
  eden space 105984K, 0% used [0x00000000e0000000,0x00000000e0000000,0x00000000e6780000)
  from space 11776K, 0% used [0x00000000e6780000,0x00000000e6780000,0x00000000e7300000)
  to   space 12800K, 0% used [0x00000000e9b80000,0x00000000e9b80000,0x00000000ea800000)
 ParOldGen       total 94720K, used 17694K [0x00000000a0000000, 0x00000000a5c80000, 0x00000000e0000000)
  object space 94720K, 18% used [0x00000000a0000000,0x00000000a1147828,0x00000000a5c80000)
 Metaspace       used 34535K, capacity 35288K, committed 35456K, reserved 1079296K
  class space    used 4739K, capacity 4957K, committed 4992K, reserved 1048576K
}
Event: 10.079 GC heap before
{Heap before GC invocations=12 (full 2):
 PSYoungGen      total 117760K, used 105984K [0x00000000e0000000, 0x00000000ea800000, 0x0000000100000000)
  eden space 105984K, 100% used [0x00000000e0000000,0x00000000e6780000,0x00000000e6780000)
  from space 11776K, 0% used [0x00000000e6780000,0x00000000e6780000,0x00000000e7300000)
  to   space 12800K, 0% used [0x00000000e9b80000,0x00000000e9b80000,0x00000000ea800000)
 ParOldGen       total 94720K, used 17694K [0x00000000a0000000, 0x00000000a5c80000, 0x00000000e0000000)
  object space 94720K, 18% used [0x00000000a0000000,0x00000000a1147828,0x00000000a5c80000)
 Metaspace       used 45072K, capacity 46130K, committed 46336K, reserved 1089536K
  class space    used 6055K, capacity 6319K, committed 6400K, reserved 1048576K
Event: 10.113 GC heap after
Heap after GC invocations=12 (full 2):
 PSYoungGen      total 148992K, used 12770K [0x00000000e0000000, 0x00000000ea800000, 0x0000000100000000)
  eden space 136192K, 0% used [0x00000000e0000000,0x00000000e0000000,0x00000000e8500000)
  from space 12800K, 99% used [0x00000000e9b80000,0x00000000ea7f8a50,0x00000000ea800000)
  to   space 14848K, 0% used [0x00000000e8b00000,0x00000000e8b00000,0x00000000e9980000)
 ParOldGen       total 94720K, used 19999K [0x00000000a0000000, 0x00000000a5c80000, 0x00000000e0000000)
  object space 94720K, 21% used [0x00000000a0000000,0x00000000a1387d80,0x00000000a5c80000)
 Metaspace       used 45072K, capacity 46130K, committed 46336K, reserved 1089536K
  class space    used 6055K, capacity 6319K, committed 6400K, reserved 1048576K
}

Deoptimization events (10 events):
Event: 9.995 Thread 0x000000001baf1000 Uncommon trap: reason=unstable_if action=reinterpret pc=0x00000000033f8a98 method=com.google.gson.stream.JsonReader.doPeek()I @ 315
Event: 10.303 Thread 0x000000001baf1000 Uncommon trap: reason=unstable_if action=reinterpret pc=0x0000000003a486b0 method=org.gradle.internal.reflect.PropertyAccessorType.of(Ljava/lang/reflect/Method;)Lorg/gradle/internal/reflect/PropertyAccessorType; @ 56
Event: 11.436 Thread 0x000000001baf1000 Uncommon trap: reason=speculate_class_check action=maybe_recompile pc=0x0000000003b98b28 method=com.google.common.collect.AbstractIndexedListIterator.next()Ljava/lang/Object; @ 27
Event: 11.436 Thread 0x000000001baf1000 Uncommon trap: reason=speculate_class_check action=maybe_recompile pc=0x0000000003b98b28 method=com.google.common.collect.AbstractIndexedListIterator.next()Ljava/lang/Object; @ 27
Event: 11.437 Thread 0x000000001baf1000 Uncommon trap: reason=speculate_class_check action=maybe_recompile pc=0x0000000003b98b28 method=com.google.common.collect.AbstractIndexedListIterator.next()Ljava/lang/Object; @ 27
Event: 11.437 Thread 0x000000001baf1000 Uncommon trap: reason=speculate_class_check action=maybe_recompile pc=0x0000000003b98b28 method=com.google.common.collect.AbstractIndexedListIterator.next()Ljava/lang/Object; @ 27
Event: 11.506 Thread 0x000000001baf1000 Uncommon trap: reason=unstable_if action=reinterpret pc=0x0000000003d5c670 method=org.gradle.internal.instantiation.AbstractClassGenerator$InjectionAnnotationValidator.validateMethod(Ljava/lang/reflect/Method;Lorg/gradle/internal/reflect/PropertyAccessorT
Event: 11.507 Thread 0x000000001baf1000 Uncommon trap: reason=unstable_if action=reinterpret pc=0x0000000003d67d48 method=org.gradle.internal.instantiation.AbstractClassGenerator$InjectionAnnotationValidator.validateMethod(Ljava/lang/reflect/Method;Lorg/gradle/internal/reflect/PropertyAccessorT
Event: 11.748 Thread 0x000000001baf1000 Uncommon trap: reason=bimorphic action=maybe_recompile pc=0x000000000394f83c method=java.util.WeakHashMap.eq(Ljava/lang/Object;Ljava/lang/Object;)Z @ 7
Event: 11.779 Thread 0x000000001baf1000 Uncommon trap: reason=unstable_if action=reinterpret pc=0x0000000003c843d4 method=org.codehaus.groovy.runtime.metaclass.MetaMethodIndex.addMethodToList(Ljava/lang/Object;Lgroovy/lang/MetaMethod;)Ljava/lang/Object; @ 256

Classes redefined (0 events):
No events

Internal exceptions (10 events):
Event: 12.248 Thread 0x000000001baf1000 Exception <a 'java/lang/ClassNotFoundException': com/android/build/gradle/internal/CompileOptions_DecoratedBeanInfo> (0x00000000e2d122a0) thrown at [D:\src\AOSP-openjdk-cygwin\jdk8u\hotspot\src\share\vm\classfile\systemDictionary.cpp, line 210]
Event: 12.249 Thread 0x000000001baf1000 Exception <a 'java/lang/ClassNotFoundException': com/android/build/gradle/internal/CompileOptionsBeanInfo> (0x00000000e2d2cc80) thrown at [D:\src\AOSP-openjdk-cygwin\jdk8u\hotspot\src\share\vm\classfile\systemDictionary.cpp, line 210]
Event: 12.249 Thread 0x000000001baf1000 Exception <a 'java/lang/ClassNotFoundException': com/android/build/gradle/internal/CompileOptionsCustomizer> (0x00000000e2d47670) thrown at [D:\src\AOSP-openjdk-cygwin\jdk8u\hotspot\src\share\vm\classfile\systemDictionary.cpp, line 210]
Event: 12.251 Thread 0x000000001baf1000 Exception <a 'java/lang/ClassNotFoundException': com/android/build/gradle/internal/CompileOptions_DecoratedCustomizer> (0x00000000e2d74660) thrown at [D:\src\AOSP-openjdk-cygwin\jdk8u\hotspot\src\share\vm\classfile\systemDictionary.cpp, line 210]
Event: 12.339 Thread 0x000000001baf1000 Exception <a 'java/lang/ClassNotFoundException': org/gradle/api/internal/file/collections/DefaultConfigurableFileTreeBeanInfo> (0x00000000e2f297b8) thrown at [D:\src\AOSP-openjdk-cygwin\jdk8u\hotspot\src\share\vm\classfile\systemDictionary.cpp, line 210]
Event: 12.341 Thread 0x000000001baf1000 Exception <a 'java/lang/ClassNotFoundException': org/gradle/api/internal/file/CompositeFileTreeBeanInfo> (0x00000000e2f61a48) thrown at [D:\src\AOSP-openjdk-cygwin\jdk8u\hotspot\src\share\vm\classfile\systemDictionary.cpp, line 210]
Event: 12.342 Thread 0x000000001baf1000 Exception <a 'java/lang/ClassNotFoundException': org/gradle/api/internal/file/CompositeFileCollectionBeanInfo> (0x00000000e2f9e180) thrown at [D:\src\AOSP-openjdk-cygwin\jdk8u\hotspot\src\share\vm\classfile\systemDictionary.cpp, line 210]
Event: 12.343 Thread 0x000000001baf1000 Exception <a 'java/lang/ClassNotFoundException': org/gradle/api/internal/file/CompositeFileCollectionCustomizer> (0x00000000e2fdb668) thrown at [D:\src\AOSP-openjdk-cygwin\jdk8u\hotspot\src\share\vm\classfile\systemDictionary.cpp, line 210]
Event: 12.345 Thread 0x000000001baf1000 Exception <a 'java/lang/ClassNotFoundException': org/gradle/api/internal/file/CompositeFileTreeCustomizer> (0x00000000e3025568) thrown at [D:\src\AOSP-openjdk-cygwin\jdk8u\hotspot\src\share\vm\classfile\systemDictionary.cpp, line 210]
Event: 12.346 Thread 0x000000001baf1000 Exception <a 'java/lang/ClassNotFoundException': org/gradle/api/internal/file/collections/DefaultConfigurableFileTreeCustomizer> (0x00000000e307a260) thrown at [D:\src\AOSP-openjdk-cygwin\jdk8u\hotspot\src\share\vm\classfile\systemDictionary.cpp, line 210

Events (10 events):
Event: 13.176 loading class com/android/build/gradle/internal/core/MergedExternalNativeBuildOptions
Event: 13.176 loading class com/android/build/gradle/internal/core/MergedExternalNativeBuildOptions done
Event: 13.176 loading class com/android/build/gradle/internal/dsl/CoreExternalNativeBuildOptions
Event: 13.176 loading class com/android/build/gradle/internal/dsl/CoreExternalNativeBuildOptions done
Event: 13.176 loading class com/android/build/gradle/internal/core/MergedExternalNativeBuildOptions
Event: 13.176 loading class com/android/build/gradle/internal/core/MergedExternalNativeBuildOptions done
Event: 13.178 loading class com/android/build/gradle/internal/core/GradleVariantConfiguration
Event: 13.178 loading class com/android/build/gradle/internal/core/GradleVariantConfiguration done
Event: 13.178 loading class com/android/build/gradle/internal/scope/VariantScope
Event: 13.178 loading class com/android/build/gradle/internal/scope/VariantScope done


Dynamic libraries:
0x00007ff744f70000 - 0x00007ff744fa1000 	C:\Program Files\Android\Android Studio\jre\bin\java.exe
0x00007ffb60960000 - 0x00007ffb60b50000 	C:\WINDOWS\SYSTEM32\ntdll.dll
0x00007ffb5f9e0000 - 0x00007ffb5fa92000 	C:\WINDOWS\System32\KERNEL32.DLL
0x00007ffb5e460000 - 0x00007ffb5e703000 	C:\WINDOWS\System32\KERNELBASE.dll
0x00007ffb60330000 - 0x00007ffb603d3000 	C:\WINDOWS\System32\ADVAPI32.dll
0x00007ffb5fe20000 - 0x00007ffb5febe000 	C:\WINDOWS\System32\msvcrt.dll
0x00007ffb60880000 - 0x00007ffb60917000 	C:\WINDOWS\System32\sechost.dll
0x00007ffb5faa0000 - 0x00007ffb5fbc0000 	C:\WINDOWS\System32\RPCRT4.dll
0x00007ffb5f300000 - 0x00007ffb5f494000 	C:\WINDOWS\System32\USER32.dll
0x00007ffb5e790000 - 0x00007ffb5e7b1000 	C:\WINDOWS\System32\win32u.dll
0x00007ffb5fc40000 - 0x00007ffb5fc66000 	C:\WINDOWS\System32\GDI32.dll
0x00007ffb5daa0000 - 0x00007ffb5dc34000 	C:\WINDOWS\System32\gdi32full.dll
0x00007ffb5e8c0000 - 0x00007ffb5e95e000 	C:\WINDOWS\System32\msvcp_win.dll
0x00007ffb5e7c0000 - 0x00007ffb5e8ba000 	C:\WINDOWS\System32\ucrtbase.dll
0x00007ffb4d1a0000 - 0x00007ffb4d425000 	C:\WINDOWS\WinSxS\amd64_microsoft.windows.common-controls_6595b64144ccf1df_6.0.18362.720_none_e6beb5c51314836b\COMCTL32.dll
0x00007ffb603e0000 - 0x00007ffb60716000 	C:\WINDOWS\System32\combase.dll
0x00007ffb5e3e0000 - 0x00007ffb5e460000 	C:\WINDOWS\System32\bcryptPrimitives.dll
0x00007ffb60720000 - 0x00007ffb6074e000 	C:\WINDOWS\System32\IMM32.DLL
0x00000000584e0000 - 0x00000000585b2000 	C:\Program Files\Android\Android Studio\jre\jre\bin\msvcr100.dll
0x0000000058940000 - 0x0000000059186000 	C:\Program Files\Android\Android Studio\jre\jre\bin\server\jvm.dll
0x00007ffb60150000 - 0x00007ffb60158000 	C:\WINDOWS\System32\PSAPI.DLL
0x00007ffb4cd80000 - 0x00007ffb4cd89000 	C:\WINDOWS\SYSTEM32\WSOCK32.dll
0x00007ffb5b770000 - 0x00007ffb5b794000 	C:\WINDOWS\SYSTEM32\WINMM.dll
0x00007ffb54fe0000 - 0x00007ffb54fea000 	C:\WINDOWS\SYSTEM32\VERSION.dll
0x00007ffb5f500000 - 0x00007ffb5f56f000 	C:\WINDOWS\System32\WS2_32.dll
0x00007ffb5b520000 - 0x00007ffb5b54d000 	C:\WINDOWS\SYSTEM32\WINMMBASE.dll
0x00007ffb5e740000 - 0x00007ffb5e78a000 	C:\WINDOWS\System32\cfgmgr32.dll
0x00007ffb57370000 - 0x00007ffb5737f000 	C:\Program Files\Android\Android Studio\jre\jre\bin\verify.dll
0x00007ffb4fb30000 - 0x00007ffb4fb59000 	C:\Program Files\Android\Android Studio\jre\jre\bin\java.dll
0x00007ffb57350000 - 0x00007ffb57366000 	C:\Program Files\Android\Android Studio\jre\jre\bin\zip.dll
0x00007ffb5ec10000 - 0x00007ffb5f2f5000 	C:\WINDOWS\System32\SHELL32.dll
0x00007ffb5eb60000 - 0x00007ffb5ec09000 	C:\WINDOWS\System32\shcore.dll
0x00007ffb5dc60000 - 0x00007ffb5e3e0000 	C:\WINDOWS\System32\windows.storage.dll
0x00007ffb5d8c0000 - 0x00007ffb5d8e3000 	C:\WINDOWS\System32\profapi.dll
0x00007ffb5d830000 - 0x00007ffb5d87a000 	C:\WINDOWS\System32\powrprof.dll
0x00007ffb5d820000 - 0x00007ffb5d830000 	C:\WINDOWS\System32\UMPDC.dll
0x00007ffb60820000 - 0x00007ffb60872000 	C:\WINDOWS\System32\shlwapi.dll
0x00007ffb5d8a0000 - 0x00007ffb5d8b1000 	C:\WINDOWS\System32\kernel.appcore.dll
0x00007ffb5dc40000 - 0x00007ffb5dc57000 	C:\WINDOWS\System32\cryptsp.dll
0x00007ffb57070000 - 0x00007ffb5708a000 	C:\Program Files\Android\Android Studio\jre\jre\bin\net.dll
0x00007ffb4b930000 - 0x00007ffb4bb05000 	C:\WINDOWS\SYSTEM32\urlmon.dll
0x00007ffb4b260000 - 0x00007ffb4b506000 	C:\WINDOWS\SYSTEM32\iertutil.dll
0x00007ffb5d200000 - 0x00007ffb5d20c000 	C:\WINDOWS\SYSTEM32\CRYPTBASE.DLL
0x00007ffb5d030000 - 0x00007ffb5d097000 	C:\WINDOWS\system32\mswsock.dll
0x00007ffb57030000 - 0x00007ffb57043000 	C:\Program Files\Android\Android Studio\jre\jre\bin\nio.dll
0x00007ffb3c820000 - 0x00007ffb3c846000 	C:\Users\Aagam Shah\.gradle\native\30\windows-amd64\native-platform.dll
0x00007ffb572d0000 - 0x00007ffb572dd000 	C:\Program Files\Android\Android Studio\jre\jre\bin\management.dll
0x00007ffb5cba0000 - 0x00007ffb5cbd3000 	C:\WINDOWS\system32\rsaenh.dll
0x00007ffb5e710000 - 0x00007ffb5e736000 	C:\WINDOWS\System32\bcrypt.dll
0x00007ffb5d710000 - 0x00007ffb5d735000 	C:\WINDOWS\SYSTEM32\USERENV.dll
0x00007ffb5cd40000 - 0x00007ffb5cd7a000 	C:\WINDOWS\SYSTEM32\IPHLPAPI.DLL
0x00007ffb602a0000 - 0x00007ffb602a8000 	C:\WINDOWS\System32\NSI.dll
0x00007ffb55bd0000 - 0x00007ffb55be6000 	C:\WINDOWS\SYSTEM32\dhcpcsvc6.DLL
0x00007ffb57390000 - 0x00007ffb573ac000 	C:\WINDOWS\SYSTEM32\dhcpcsvc.DLL
0x00007ffb5cd80000 - 0x00007ffb5ce4a000 	C:\WINDOWS\SYSTEM32\DNSAPI.dll

VM Arguments:
jvm_args: -Xmx1536m -Dfile.encoding=windows-1252 -Duser.country=IN -Duser.language=en -Duser.variant 
java_command: org.gradle.launcher.daemon.bootstrap.GradleDaemon 5.6.4
java_class_path (initial): C:\Users\Aagam Shah\.gradle\wrapper\dists\gradle-5.6.4-all\ankdp27end7byghfw1q2sw75f\gradle-5.6.4\lib\gradle-launcher-5.6.4.jar
Launcher Type: SUN_STANDARD

Environment Variables:
PATH=C:\ProgramData\Anaconda3;C:\ProgramData\Anaconda3\Library\mingw-w64\bin;C:\ProgramData\Anaconda3\Library\usr\bin;C:\ProgramData\Anaconda3\Library\bin;C:\ProgramData\Anaconda3\Scripts;C:\Program Files (x86)\Intel\Intel(R) Management Engine Components\iCLS\;C:\Program Files\Intel\Intel(R) Management Engine Components\iCLS\;C:\WINDOWS\system32;C:\WINDOWS;C:\WINDOWS\System32\Wbem;C:\WINDOWS\System32\WindowsPowerShell\v1.0\;C:\WINDOWS\System32\OpenSSH\;C:\Program Files (x86)\Intel\Intel(R) Management Engine Components\DAL;C:\Program Files\Intel\Intel(R) Management Engine Components\DAL;C:\Program Files (x86)\Intel\Intel(R) Management Engine Components\IPT;C:\Program Files\Intel\Intel(R) Management Engine Components\IPT;C:\Program Files\Java\jdk-12.0.2\bin;C:\Android;C:\Windows\System32;C:\Program Files\Git\cmd;C:\Program Files\MySQL\MySQL Shell 8.0\bin\;C:\Users\Aagam Shah\AppData\Local\Programs\Python\Python37-32\Scripts\;C:\Users\Aagam Shah\AppData\Local\Programs\Python\Python37-32\;C:\Users\Aagam Shah\AppData\Local\Microsoft\WindowsApps;C:\Users\Aagam Shah\AppData\Local\atom\bin;C:\Program Files\JetBrains\PyCharm Community Edition 2019.2\bin;C:\Users\Aagam Shah\AppData\Local\GitHubDesktop\bin
USERNAME=Aagam Shah
OS=Windows_NT
PROCESSOR_IDENTIFIER=Intel64 Family 6 Model 142 Stepping 10, GenuineIntel



---------------  S Y S T E M  ---------------

OS: Windows 10.0 , 64 bit Build 18362 (10.0.18362.329)

CPU:total 8 (initial active 8) (4 cores per cpu, 2 threads per core) family 6 model 142 stepping 10, cmov, cx8, fxsr, mmx, sse, sse2, sse3, ssse3, sse4.1, sse4.2, popcnt, avx, avx2, aes, clmul, erms, 3dnowpref, lzcnt, ht, tsc, tscinvbit, bmi1, bmi2, adx

Memory: 4k page, physical 8286588k(482308k free), swap 12480892k(28k free)

vm_info: OpenJDK 64-Bit Server VM (25.212-b04) for windows-amd64 JRE (1.8.0_212-release-1586-b04), built by "builder" with MS VC++ 10.0 (VS2010)

time: Sun Apr 12 13:22:19 2020
timezone: India Standard Time
elapsed time: 13 seconds (0d 0h 0m 13s)

