#
# There is insufficient memory for the Java Runtime Environment to continue.
# Native memory allocation (malloc) failed to allocate 902816 bytes for Chunk::new
# Possible reasons:
#   The system is out of physical RAM or swap space
#   The process is running with CompressedOops enabled, and the Java Heap may be blocking the growth of the native heap
# Possible solutions:
#   Reduce memory load on the system
#   Increase physical memory or swap space
#   Check if swap backing store is full
#   Decrease Java heap size (-Xmx/-Xms)
#   Decrease number of Java threads
#   Decrease Java thread stack sizes (-Xss)
#   Set larger code cache with -XX:ReservedCodeCacheSize=
#   JVM is running with Unscaled Compressed Oops mode in which the Java heap is
#     placed in the first 4GB address space. The Java Heap base address is the
#     maximum limit for the native heap growth. Please use -XX:HeapBaseMinAddress
#     to set the Java Heap base and to place the Java Heap above 4GB virtual address.
# This output file may be truncated or incomplete.
#
#  Out of Memory Error (allocation.cpp:389), pid=33084, tid=0x00000000000063c8
#
# JRE version: OpenJDK Runtime Environment (8.0_212-b04) (build 1.8.0_212-release-1586-b04)
# Java VM: OpenJDK 64-Bit Server VM (25.212-b04 mixed mode windows-amd64 compressed oops)
# Failed to write core dump. Minidumps are not enabled by default on client versions of Windows
#

---------------  T H R E A D  ---------------

Current thread (0x000000001852f000):  JavaThread "C2 CompilerThread2" daemon [_thread_in_native, id=25544, stack(0x0000000018ff0000,0x00000000190f0000)]

Stack: [0x0000000018ff0000,0x00000000190f0000]
[error occurred during error reporting (printing stack bounds), id 0xc0000005]

Native frames: (J=compiled Java code, j=interpreted, Vv=VM code, C=native code)


Current CompileTask:
C2:   2315 1485   !   4       java.net.URLClassLoader$1::run (63 bytes)


---------------  P R O C E S S  ---------------

Java Threads: ( => current thread )
  0x000000001ae6c800 JavaThread "Cache worker for journal cache (C:\Users\Aagam Shah\.gradle\caches\journal-1)" [_thread_blocked, id=31060, stack(0x000000001d310000,0x000000001d410000)]
  0x000000001ae6f800 JavaThread "File lock request listener" [_thread_in_native, id=12840, stack(0x000000001d010000,0x000000001d110000)]
  0x000000001a1b2800 JavaThread "Cache worker for file hash cache (C:\Users\Aagam Shah\.gradle\caches\5.6.4\fileHashes)" [_thread_blocked, id=7292, stack(0x000000001cf10000,0x000000001d010000)]
  0x000000001b015000 JavaThread "Thread-9" [_thread_blocked, id=22956, stack(0x000000001ce10000,0x000000001cf10000)]
  0x000000001af3a800 JavaThread "Stdin handler" [_thread_blocked, id=40652, stack(0x000000001cd10000,0x000000001ce10000)]
  0x000000001af36000 JavaThread "Asynchronous log dispatcher for DefaultDaemonConnection: socket connection from /127.0.0.1:55542 to /127.0.0.1:55543" [_thread_blocked, id=4604, stack(0x000000001cb10000,0x000000001cc10000)]
  0x000000001b03b800 JavaThread "Daemon worker" [_thread_in_vm, id=17632, stack(0x000000001ca10000,0x000000001cb10000)]
  0x000000001b036800 JavaThread "Cancel handler" [_thread_blocked, id=39584, stack(0x000000001c910000,0x000000001ca10000)]
  0x000000001acdd000 JavaThread "Handler for socket connection from /127.0.0.1:55542 to /127.0.0.1:55543" [_thread_in_native, id=13888, stack(0x000000001c610000,0x000000001c710000)]
  0x000000001acdc800 JavaThread "Daemon" [_thread_blocked, id=19852, stack(0x000000001c510000,0x000000001c610000)]
  0x0000000018896800 JavaThread "Daemon periodic checks" [_thread_blocked, id=40724, stack(0x000000001c410000,0x000000001c510000)]
  0x00000000188b6000 JavaThread "Incoming local TCP Connector on port 55542" [_thread_in_native, id=38584, stack(0x000000001c1d0000,0x000000001c2d0000)]
  0x000000001aa3b800 JavaThread "Daemon health stats" [_thread_blocked, id=45564, stack(0x000000001bb90000,0x000000001bc90000)]
  0x00000000185b6000 JavaThread "Service Thread" daemon [_thread_blocked, id=14920, stack(0x00000000191f0000,0x00000000192f0000)]
  0x0000000018535000 JavaThread "C1 CompilerThread3" daemon [_thread_blocked, id=34320, stack(0x00000000190f0000,0x00000000191f0000)]
=>0x000000001852f000 JavaThread "C2 CompilerThread2" daemon [_thread_in_native, id=25544, stack(0x0000000018ff0000,0x00000000190f0000)]
  0x0000000018525000 JavaThread "C2 CompilerThread1" daemon [_thread_in_native_trans, id=29432, stack(0x0000000018ef0000,0x0000000018ff0000)]
  0x000000001851e000 JavaThread "C2 CompilerThread0" daemon [_thread_in_native, id=32148, stack(0x0000000018df0000,0x0000000018ef0000)]
  0x000000001851d000 JavaThread "Attach Listener" daemon [_thread_blocked, id=39352, stack(0x0000000018cf0000,0x0000000018df0000)]
  0x000000001851a000 JavaThread "Signal Dispatcher" daemon [_thread_blocked, id=18712, stack(0x0000000018bf0000,0x0000000018cf0000)]
  0x0000000018511000 JavaThread "Finalizer" daemon [_thread_blocked, id=17896, stack(0x00000000189f0000,0x0000000018af0000)]
  0x0000000018510800 JavaThread "Reference Handler" daemon [_thread_blocked, id=1096, stack(0x00000000188f0000,0x00000000189f0000)]
  0x0000000002862800 JavaThread "main" [_thread_blocked, id=45072, stack(0x0000000002760000,0x0000000002860000)]

Other Threads:
  0x0000000016716800 VMThread [stack: 0x00000000183f0000,0x00000000184f0000] [id=40528]
  0x00000000185b6800 WatcherThread [stack: 0x00000000192f0000,0x00000000193f0000] [id=23088]

VM state:not at safepoint (normal execution)

VM Mutex/Monitor currently owned by a thread: None

heap address: 0x00000000a0000000, size: 1536 MB, Compressed Oops mode: 32-bit
Narrow klass base: 0x0000000000000000, Narrow klass shift: 3
Compressed class space size: 1073741824 Address: 0x0000000100000000

Heap:
 PSYoungGen      total 38400K, used 17479K [0x00000000e0000000, 0x00000000e2a80000, 0x0000000100000000)
  eden space 33280K, 37% used [0x00000000e0000000,0x00000000e0c15f90,0x00000000e2080000)
  from space 5120K, 99% used [0x00000000e2580000,0x00000000e2a7c010,0x00000000e2a80000)
  to   space 5120K, 0% used [0x00000000e2080000,0x00000000e2080000,0x00000000e2580000)
 ParOldGen       total 87552K, used 3923K [0x00000000a0000000, 0x00000000a5580000, 0x00000000e0000000)
  object space 87552K, 4% used [0x00000000a0000000,0x00000000a03d4cb8,0x00000000a5580000)
 Metaspace       used 15753K, capacity 16198K, committed 16512K, reserved 1062912K
  class space    used 2224K, capacity 2403K, committed 2432K, reserved 1048576K

Card table byte_map: [0x0000000011d20000,0x0000000012030000] byte_map_base: 0x0000000011820000

Marking Bits: (ParMarkBitMap*) 0x0000000059109f30
 Begin Bits: [0x0000000012a30000, 0x0000000014230000)
 End Bits:   [0x0000000014230000, 0x0000000015a30000)

Polling page: 0x00000000026e0000

CodeCache: size=245760Kb used=5464Kb max_used=5475Kb free=240295Kb
 bounds [0x0000000002960000, 0x0000000002ec0000, 0x0000000011960000]
 total_blobs=1947 nmethods=1556 adapters=304
 compilation: enabled

Compilation events (10 events):
Event: 2.310 Thread 0x0000000018535000 1555       3       com.google.common.base.Splitter$1::iterator (11 bytes)
Event: 2.311 Thread 0x0000000018535000 nmethod 1555 0x0000000002eaee10 code [0x0000000002eaef80, 0x0000000002eaf1e8]
Event: 2.311 Thread 0x0000000018535000 1556       3       com.google.common.base.Splitter$1$1::<init> (12 bytes)
Event: 2.311 Thread 0x0000000018535000 nmethod 1556 0x0000000002eb4310 code [0x0000000002eb4480, 0x0000000002eb4628]
Event: 2.311 Thread 0x0000000018535000 1557       3       com.google.common.base.Splitter$SplittingIterator::<init> (39 bytes)
Event: 2.311 Thread 0x0000000018535000 nmethod 1557 0x0000000002eb3dd0 code [0x0000000002eb3f40, 0x0000000002eb41f0]
Event: 2.311 Thread 0x0000000018535000 1558       3       com.google.common.base.AbstractIterator::<init> (12 bytes)
Event: 2.311 Thread 0x0000000018535000 nmethod 1558 0x0000000002eb39d0 code [0x0000000002eb3b40, 0x0000000002eb3d10]
Event: 2.311 Thread 0x0000000018535000 1549       1       java.nio.Buffer::capacity (5 bytes)
Event: 2.311 Thread 0x0000000018535000 nmethod 1549 0x0000000002eb3710 code [0x0000000002eb3860, 0x0000000002eb3970]

GC Heap History (8 events):
Event: 0.632 GC heap before
{Heap before GC invocations=1 (full 0):
 PSYoungGen      total 38400K, used 33280K [0x00000000e0000000, 0x00000000e2a80000, 0x0000000100000000)
  eden space 33280K, 100% used [0x00000000e0000000,0x00000000e2080000,0x00000000e2080000)
  from space 5120K, 0% used [0x00000000e2580000,0x00000000e2580000,0x00000000e2a80000)
  to   space 5120K, 0% used [0x00000000e2080000,0x00000000e2080000,0x00000000e2580000)
 ParOldGen       total 87552K, used 0K [0x00000000a0000000, 0x00000000a5580000, 0x00000000e0000000)
  object space 87552K, 0% used [0x00000000a0000000,0x00000000a0000000,0x00000000a5580000)
 Metaspace       used 7030K, capacity 7272K, committed 7424K, reserved 1056768K
  class space    used 857K, capacity 940K, committed 1024K, reserved 1048576K
Event: 0.637 GC heap after
Heap after GC invocations=1 (full 0):
 PSYoungGen      total 38400K, used 4406K [0x00000000e0000000, 0x00000000e2a80000, 0x0000000100000000)
  eden space 33280K, 0% used [0x00000000e0000000,0x00000000e0000000,0x00000000e2080000)
  from space 5120K, 86% used [0x00000000e2080000,0x00000000e24cdae0,0x00000000e2580000)
  to   space 5120K, 0% used [0x00000000e2580000,0x00000000e2580000,0x00000000e2a80000)
 ParOldGen       total 87552K, used 16K [0x00000000a0000000, 0x00000000a5580000, 0x00000000e0000000)
  object space 87552K, 0% used [0x00000000a0000000,0x00000000a0004000,0x00000000a5580000)
 Metaspace       used 7030K, capacity 7272K, committed 7424K, reserved 1056768K
  class space    used 857K, capacity 940K, committed 1024K, reserved 1048576K
}
Event: 0.873 GC heap before
{Heap before GC invocations=2 (full 0):
 PSYoungGen      total 38400K, used 37686K [0x00000000e0000000, 0x00000000e2a80000, 0x0000000100000000)
  eden space 33280K, 100% used [0x00000000e0000000,0x00000000e2080000,0x00000000e2080000)
  from space 5120K, 86% used [0x00000000e2080000,0x00000000e24cdae0,0x00000000e2580000)
  to   space 5120K, 0% used [0x00000000e2580000,0x00000000e2580000,0x00000000e2a80000)
 ParOldGen       total 87552K, used 16K [0x00000000a0000000, 0x00000000a5580000, 0x00000000e0000000)
  object space 87552K, 0% used [0x00000000a0000000,0x00000000a0004000,0x00000000a5580000)
 Metaspace       used 7264K, capacity 7520K, committed 7680K, reserved 1056768K
  class space    used 889K, capacity 980K, committed 1024K, reserved 1048576K
Event: 0.877 GC heap after
Heap after GC invocations=2 (full 0):
 PSYoungGen      total 38400K, used 3277K [0x00000000e0000000, 0x00000000e2a80000, 0x0000000100000000)
  eden space 33280K, 0% used [0x00000000e0000000,0x00000000e0000000,0x00000000e2080000)
  from space 5120K, 64% used [0x00000000e2580000,0x00000000e28b36d0,0x00000000e2a80000)
  to   space 5120K, 0% used [0x00000000e2080000,0x00000000e2080000,0x00000000e2580000)
 ParOldGen       total 87552K, used 24K [0x00000000a0000000, 0x00000000a5580000, 0x00000000e0000000)
  object space 87552K, 0% used [0x00000000a0000000,0x00000000a0006000,0x00000000a5580000)
 Metaspace       used 7264K, capacity 7520K, committed 7680K, reserved 1056768K
  class space    used 889K, capacity 980K, committed 1024K, reserved 1048576K
}
Event: 1.698 GC heap before
{Heap before GC invocations=3 (full 0):
 PSYoungGen      total 38400K, used 36557K [0x00000000e0000000, 0x00000000e2a80000, 0x0000000100000000)
  eden space 33280K, 100% used [0x00000000e0000000,0x00000000e2080000,0x00000000e2080000)
  from space 5120K, 64% used [0x00000000e2580000,0x00000000e28b36d0,0x00000000e2a80000)
  to   space 5120K, 0% used [0x00000000e2080000,0x00000000e2080000,0x00000000e2580000)
 ParOldGen       total 87552K, used 24K [0x00000000a0000000, 0x00000000a5580000, 0x00000000e0000000)
  object space 87552K, 0% used [0x00000000a0000000,0x00000000a0006000,0x00000000a5580000)
 Metaspace       used 12276K, capacity 12658K, committed 12800K, reserved 1060864K
  class space    used 1640K, capacity 1771K, committed 1792K, reserved 1048576K
Event: 1.705 GC heap after
Heap after GC invocations=3 (full 0):
 PSYoungGen      total 38400K, used 5108K [0x00000000e0000000, 0x00000000e2a80000, 0x0000000100000000)
  eden space 33280K, 0% used [0x00000000e0000000,0x00000000e0000000,0x00000000e2080000)
  from space 5120K, 99% used [0x00000000e2080000,0x00000000e257d090,0x00000000e2580000)
  to   space 5120K, 0% used [0x00000000e2580000,0x00000000e2580000,0x00000000e2a80000)
 ParOldGen       total 87552K, used 1405K [0x00000000a0000000, 0x00000000a5580000, 0x00000000e0000000)
  object space 87552K, 1% used [0x00000000a0000000,0x00000000a015f698,0x00000000a5580000)
 Metaspace       used 12276K, capacity 12658K, committed 12800K, reserved 1060864K
  class space    used 1640K, capacity 1771K, committed 1792K, reserved 1048576K
}
Event: 2.108 GC heap before
{Heap before GC invocations=4 (full 0):
 PSYoungGen      total 38400K, used 38388K [0x00000000e0000000, 0x00000000e2a80000, 0x0000000100000000)
  eden space 33280K, 100% used [0x00000000e0000000,0x00000000e2080000,0x00000000e2080000)
  from space 5120K, 99% used [0x00000000e2080000,0x00000000e257d090,0x00000000e2580000)
  to   space 5120K, 0% used [0x00000000e2580000,0x00000000e2580000,0x00000000e2a80000)
 ParOldGen       total 87552K, used 1405K [0x00000000a0000000, 0x00000000a5580000, 0x00000000e0000000)
  object space 87552K, 1% used [0x00000000a0000000,0x00000000a015f698,0x00000000a5580000)
 Metaspace       used 14600K, capacity 14970K, committed 15232K, reserved 1062912K
  class space    used 2039K, capacity 2159K, committed 2176K, reserved 1048576K
Event: 2.115 GC heap after
Heap after GC invocations=4 (full 0):
 PSYoungGen      total 38400K, used 5104K [0x00000000e0000000, 0x00000000e2a80000, 0x0000000100000000)
  eden space 33280K, 0% used [0x00000000e0000000,0x00000000e0000000,0x00000000e2080000)
  from space 5120K, 99% used [0x00000000e2580000,0x00000000e2a7c010,0x00000000e2a80000)
  to   space 5120K, 0% used [0x00000000e2080000,0x00000000e2080000,0x00000000e2580000)
 ParOldGen       total 87552K, used 3923K [0x00000000a0000000, 0x00000000a5580000, 0x00000000e0000000)
  object space 87552K, 4% used [0x00000000a0000000,0x00000000a03d4cb8,0x00000000a5580000)
 Metaspace       used 14600K, capacity 14970K, committed 15232K, reserved 1062912K
  class space    used 2039K, capacity 2159K, committed 2176K, reserved 1048576K
}

Deoptimization events (10 events):
Event: 1.233 Thread 0x0000000002862800 Uncommon trap: reason=unstable_if action=reinterpret pc=0x0000000002c4aca4 method=java.io.WinNTFileSystem.normalize(Ljava/lang/String;)Ljava/lang/String; @ 128
Event: 1.588 Thread 0x000000001acdd000 Uncommon trap: reason=unstable_if action=reinterpret pc=0x0000000002d65cb0 method=java.util.concurrent.ConcurrentHashMap.putVal(Ljava/lang/Object;Ljava/lang/Object;Z)Ljava/lang/Object; @ 206
Event: 1.642 Thread 0x000000001b03b800 Uncommon trap: reason=bimorphic action=maybe_recompile pc=0x0000000002ba5f60 method=java.util.HashMap.putVal(ILjava/lang/Object;Ljava/lang/Object;ZZ)Ljava/lang/Object; @ 253
Event: 1.642 Thread 0x000000001b03b800 Uncommon trap: reason=bimorphic action=maybe_recompile pc=0x0000000002ba5f60 method=java.util.HashMap.putVal(ILjava/lang/Object;Ljava/lang/Object;ZZ)Ljava/lang/Object; @ 253
Event: 1.642 Thread 0x000000001b03b800 Uncommon trap: reason=bimorphic action=maybe_recompile pc=0x0000000002ba5f60 method=java.util.HashMap.putVal(ILjava/lang/Object;Ljava/lang/Object;ZZ)Ljava/lang/Object; @ 253
Event: 1.890 Thread 0x000000001b03b800 Uncommon trap: reason=class_check action=maybe_recompile pc=0x0000000002c57558 method=java.util.regex.Matcher.match(II)Z @ 86
Event: 1.905 Thread 0x000000001b03b800 Uncommon trap: reason=class_check action=maybe_recompile pc=0x0000000002c57558 method=java.util.regex.Matcher.match(II)Z @ 86
Event: 1.906 Thread 0x000000001b03b800 Uncommon trap: reason=class_check action=maybe_recompile pc=0x0000000002c57558 method=java.util.regex.Matcher.match(II)Z @ 86
Event: 1.906 Thread 0x000000001b03b800 Uncommon trap: reason=class_check action=maybe_recompile pc=0x0000000002ac831c method=java.util.regex.Matcher.match(II)Z @ 86
Event: 2.255 Thread 0x000000001b03b800 Uncommon trap: reason=unstable_if action=reinterpret pc=0x0000000002e04634 method=java.lang.String.lastIndexOf([CII[CIII)I @ 66

Classes redefined (0 events):
No events

Internal exceptions (10 events):
Event: 1.600 Thread 0x000000001acdd000 Exception <a 'java/lang/NoSuchMethodError': <clinit>> (0x00000000e1a8ff58) thrown at [D:\src\AOSP-openjdk-cygwin\jdk8u\hotspot\src\share\vm\prims\jni.cpp, line 1614]
Event: 1.600 Thread 0x000000001acdd000 Exception <a 'java/lang/NoSuchMethodError': <clinit>> (0x00000000e1a98be8) thrown at [D:\src\AOSP-openjdk-cygwin\jdk8u\hotspot\src\share\vm\prims\jni.cpp, line 1614]
Event: 1.602 Thread 0x000000001acdd000 Exception <a 'java/lang/NoSuchMethodError': <clinit>> (0x00000000e1aaf2e8) thrown at [D:\src\AOSP-openjdk-cygwin\jdk8u\hotspot\src\share\vm\prims\jni.cpp, line 1614]
Event: 1.609 Thread 0x000000001acdd000 Exception <a 'java/lang/NoSuchMethodError': <clinit>> (0x00000000e1b0d5c8) thrown at [D:\src\AOSP-openjdk-cygwin\jdk8u\hotspot\src\share\vm\prims\jni.cpp, line 1614]
Event: 1.613 Thread 0x000000001acdd000 Exception <a 'java/lang/NoSuchMethodError': <clinit>> (0x00000000e1b3a300) thrown at [D:\src\AOSP-openjdk-cygwin\jdk8u\hotspot\src\share\vm\prims\jni.cpp, line 1614]
Event: 1.617 Thread 0x000000001acdd000 Exception <a 'java/lang/NoSuchMethodError': <clinit>> (0x00000000e1b68790) thrown at [D:\src\AOSP-openjdk-cygwin\jdk8u\hotspot\src\share\vm\prims\jni.cpp, line 1614]
Event: 1.618 Thread 0x000000001acdd000 Exception <a 'java/lang/NoSuchMethodError': <clinit>> (0x00000000e1b73b98) thrown at [D:\src\AOSP-openjdk-cygwin\jdk8u\hotspot\src\share\vm\prims\jni.cpp, line 1614]
Event: 2.212 Thread 0x000000001b03b800 Exception <a 'java/lang/NoSuchMethodError': java.lang.Object.lambda$and$0(Ljava/util/function/Predicate;Ljava/lang/Object;)Z> (0x00000000e0735450) thrown at [D:\src\AOSP-openjdk-cygwin\jdk8u\hotspot\src\share\vm\interpreter\linkResolver.cpp, line 620]
Event: 2.224 Thread 0x000000001b03b800 Exception <a 'java/lang/IncompatibleClassChangeError': Found class java.lang.Object, but interface was expected> (0x00000000e074b740) thrown at [D:\src\AOSP-openjdk-cygwin\jdk8u\hotspot\src\share\vm\interpreter\linkResolver.cpp, line 653]
Event: 2.229 Thread 0x000000001b03b800 Exception <a 'java/lang/NoSuchMethodError': java.lang.Object.lambda$or$2(Ljava/util/function/Predicate;Ljava/lang/Object;)Z> (0x00000000e0750650) thrown at [D:\src\AOSP-openjdk-cygwin\jdk8u\hotspot\src\share\vm\interpreter\linkResolver.cpp, line 620]

Events (10 events):
Event: 2.296 loading class com/google/common/base/Splitter$1$1
Event: 2.296 loading class com/google/common/base/Splitter$1$1 done
Event: 2.297 loading class com/google/common/base/AbstractIterator$State
Event: 2.297 loading class com/google/common/base/AbstractIterator$State done
Event: 2.297 loading class com/google/common/base/AbstractIterator$1
Event: 2.297 loading class com/google/common/base/AbstractIterator$1 done
Event: 2.312 loading class org/gradle/groovy/scripts/internal/RegistryAwareClassLoaderHierarchyHasher
Event: 2.312 loading class org/gradle/groovy/scripts/internal/RegistryAwareClassLoaderHierarchyHasher done
Event: 2.312 loading class org/gradle/internal/classloader/ConfigurableClassLoaderHierarchyHasher
Event: 2.312 loading class org/gradle/internal/classloader/ConfigurableClassLoaderHierarchyHasher done


Dynamic libraries:
0x00007ff782070000 - 0x00007ff7820a1000 	C:\Program Files\Android\Android Studio\jre\bin\java.exe
0x00007ffb60960000 - 0x00007ffb60b50000 	C:\WINDOWS\SYSTEM32\ntdll.dll
0x00007ffb5f9e0000 - 0x00007ffb5fa92000 	C:\WINDOWS\System32\KERNEL32.DLL
0x00007ffb5e460000 - 0x00007ffb5e703000 	C:\WINDOWS\System32\KERNELBASE.dll
0x00007ffb60330000 - 0x00007ffb603d3000 	C:\WINDOWS\System32\ADVAPI32.dll
0x00007ffb5fe20000 - 0x00007ffb5febe000 	C:\WINDOWS\System32\msvcrt.dll
0x00007ffb60880000 - 0x00007ffb60917000 	C:\WINDOWS\System32\sechost.dll
0x00007ffb5faa0000 - 0x00007ffb5fbc0000 	C:\WINDOWS\System32\RPCRT4.dll
0x00007ffb5f300000 - 0x00007ffb5f494000 	C:\WINDOWS\System32\USER32.dll
0x00007ffb5e790000 - 0x00007ffb5e7b1000 	C:\WINDOWS\System32\win32u.dll
0x00007ffb5fc40000 - 0x00007ffb5fc66000 	C:\WINDOWS\System32\GDI32.dll
0x00007ffb5daa0000 - 0x00007ffb5dc34000 	C:\WINDOWS\System32\gdi32full.dll
0x00007ffb5e8c0000 - 0x00007ffb5e95e000 	C:\WINDOWS\System32\msvcp_win.dll
0x00007ffb5e7c0000 - 0x00007ffb5e8ba000 	C:\WINDOWS\System32\ucrtbase.dll
0x00007ffb4d1a0000 - 0x00007ffb4d425000 	C:\WINDOWS\WinSxS\amd64_microsoft.windows.common-controls_6595b64144ccf1df_6.0.18362.720_none_e6beb5c51314836b\COMCTL32.dll
0x00007ffb603e0000 - 0x00007ffb60716000 	C:\WINDOWS\System32\combase.dll
0x00007ffb5e3e0000 - 0x00007ffb5e460000 	C:\WINDOWS\System32\bcryptPrimitives.dll
0x00007ffb60720000 - 0x00007ffb6074e000 	C:\WINDOWS\System32\IMM32.DLL
0x00000000584e0000 - 0x00000000585b2000 	C:\Program Files\Android\Android Studio\jre\jre\bin\msvcr100.dll
0x0000000058940000 - 0x0000000059186000 	C:\Program Files\Android\Android Studio\jre\jre\bin\server\jvm.dll
0x00007ffb60150000 - 0x00007ffb60158000 	C:\WINDOWS\System32\PSAPI.DLL
0x00007ffb4cd80000 - 0x00007ffb4cd89000 	C:\WINDOWS\SYSTEM32\WSOCK32.dll
0x00007ffb5b770000 - 0x00007ffb5b794000 	C:\WINDOWS\SYSTEM32\WINMM.dll
0x00007ffb5f500000 - 0x00007ffb5f56f000 	C:\WINDOWS\System32\WS2_32.dll
0x00007ffb54fe0000 - 0x00007ffb54fea000 	C:\WINDOWS\SYSTEM32\VERSION.dll
0x00007ffb5b520000 - 0x00007ffb5b54d000 	C:\WINDOWS\SYSTEM32\winmmbase.dll
0x00007ffb5e740000 - 0x00007ffb5e78a000 	C:\WINDOWS\System32\cfgmgr32.dll
0x00007ffb57970000 - 0x00007ffb5797f000 	C:\Program Files\Android\Android Studio\jre\jre\bin\verify.dll
0x00007ffb57900000 - 0x00007ffb57929000 	C:\Program Files\Android\Android Studio\jre\jre\bin\java.dll
0x00007ffb56e30000 - 0x00007ffb56e46000 	C:\Program Files\Android\Android Studio\jre\jre\bin\zip.dll
0x00007ffb5ec10000 - 0x00007ffb5f2f5000 	C:\WINDOWS\System32\SHELL32.dll
0x00007ffb5eb60000 - 0x00007ffb5ec09000 	C:\WINDOWS\System32\shcore.dll
0x00007ffb5dc60000 - 0x00007ffb5e3e0000 	C:\WINDOWS\System32\windows.storage.dll
0x00007ffb5d8c0000 - 0x00007ffb5d8e3000 	C:\WINDOWS\System32\profapi.dll
0x00007ffb5d830000 - 0x00007ffb5d87a000 	C:\WINDOWS\System32\powrprof.dll
0x00007ffb5d820000 - 0x00007ffb5d830000 	C:\WINDOWS\System32\UMPDC.dll
0x00007ffb60820000 - 0x00007ffb60872000 	C:\WINDOWS\System32\shlwapi.dll
0x00007ffb5d8a0000 - 0x00007ffb5d8b1000 	C:\WINDOWS\System32\kernel.appcore.dll
0x00007ffb5dc40000 - 0x00007ffb5dc57000 	C:\WINDOWS\System32\cryptsp.dll
0x00007ffb4fc40000 - 0x00007ffb4fc5a000 	C:\Program Files\Android\Android Studio\jre\jre\bin\net.dll
0x00007ffb4b930000 - 0x00007ffb4bb05000 	C:\WINDOWS\SYSTEM32\urlmon.dll
0x00007ffb4b260000 - 0x00007ffb4b506000 	C:\WINDOWS\SYSTEM32\iertutil.dll
0x00007ffb5d200000 - 0x00007ffb5d20c000 	C:\WINDOWS\SYSTEM32\CRYPTBASE.DLL
0x00007ffb5d030000 - 0x00007ffb5d097000 	C:\WINDOWS\system32\mswsock.dll
0x00007ffb4fc00000 - 0x00007ffb4fc13000 	C:\Program Files\Android\Android Studio\jre\jre\bin\nio.dll
0x00007ffb4e780000 - 0x00007ffb4e7a6000 	C:\Users\Aagam Shah\.gradle\native\30\windows-amd64\native-platform.dll
0x00007ffb56fc0000 - 0x00007ffb56fcd000 	C:\Program Files\Android\Android Studio\jre\jre\bin\management.dll
0x00007ffb5cba0000 - 0x00007ffb5cbd3000 	C:\WINDOWS\system32\rsaenh.dll
0x00007ffb5e710000 - 0x00007ffb5e736000 	C:\WINDOWS\System32\bcrypt.dll
0x00007ffb5d710000 - 0x00007ffb5d735000 	C:\WINDOWS\SYSTEM32\USERENV.dll
0x00007ffb5cd40000 - 0x00007ffb5cd7a000 	C:\WINDOWS\SYSTEM32\IPHLPAPI.DLL
0x00007ffb602a0000 - 0x00007ffb602a8000 	C:\WINDOWS\System32\NSI.dll
0x00007ffb55bd0000 - 0x00007ffb55be6000 	C:\WINDOWS\SYSTEM32\dhcpcsvc6.DLL
0x00007ffb57390000 - 0x00007ffb573ac000 	C:\WINDOWS\SYSTEM32\dhcpcsvc.DLL
0x00007ffb5cd80000 - 0x00007ffb5ce4a000 	C:\WINDOWS\SYSTEM32\DNSAPI.dll

VM Arguments:
jvm_args: -Xmx1536m -Dfile.encoding=windows-1252 -Duser.country=IN -Duser.language=en -Duser.variant 
java_command: org.gradle.launcher.daemon.bootstrap.GradleDaemon 5.6.4
java_class_path (initial): C:\Users\Aagam Shah\.gradle\wrapper\dists\gradle-5.6.4-all\ankdp27end7byghfw1q2sw75f\gradle-5.6.4\lib\gradle-launcher-5.6.4.jar
Launcher Type: SUN_STANDARD

Environment Variables:
PATH=C:\ProgramData\Anaconda3;C:\ProgramData\Anaconda3\Library\mingw-w64\bin;C:\ProgramData\Anaconda3\Library\usr\bin;C:\ProgramData\Anaconda3\Library\bin;C:\ProgramData\Anaconda3\Scripts;C:\Program Files (x86)\Intel\Intel(R) Management Engine Components\iCLS\;C:\Program Files\Intel\Intel(R) Management Engine Components\iCLS\;C:\WINDOWS\system32;C:\WINDOWS;C:\WINDOWS\System32\Wbem;C:\WINDOWS\System32\WindowsPowerShell\v1.0\;C:\WINDOWS\System32\OpenSSH\;C:\Program Files (x86)\Intel\Intel(R) Management Engine Components\DAL;C:\Program Files\Intel\Intel(R) Management Engine Components\DAL;C:\Program Files (x86)\Intel\Intel(R) Management Engine Components\IPT;C:\Program Files\Intel\Intel(R) Management Engine Components\IPT;C:\Program Files\Java\jdk-12.0.2\bin;C:\Android;C:\Windows\System32;C:\Program Files\Git\cmd;C:\Program Files\MySQL\MySQL Shell 8.0\bin\;C:\Users\Aagam Shah\AppData\Local\Programs\Python\Python37-32\Scripts\;C:\Users\Aagam Shah\AppData\Local\Programs\Python\Python37-32\;C:\Users\Aagam Shah\AppData\Local\Microsoft\WindowsApps;C:\Users\Aagam Shah\AppData\Local\atom\bin;C:\Program Files\JetBrains\PyCharm Community Edition 2019.2\bin;C:\Users\Aagam Shah\AppData\Local\GitHubDesktop\bin
USERNAME=Aagam Shah
OS=Windows_NT
PROCESSOR_IDENTIFIER=Intel64 Family 6 Model 142 Stepping 10, GenuineIntel



---------------  S Y S T E M  ---------------

OS: Windows 10.0 , 64 bit Build 18362 (10.0.18362.329)

CPU:total 8 (initial active 8) (4 cores per cpu, 2 threads per core) family 6 model 142 stepping 10, cmov, cx8, fxsr, mmx, sse, sse2, sse3, ssse3, sse4.1, sse4.2, popcnt, avx, avx2, aes, clmul, erms, 3dnowpref, lzcnt, ht, tsc, tscinvbit, bmi1, bmi2, adx

Memory: 4k page, physical 8286588k(306740k free), swap 12480892k(4100k free)

vm_info: OpenJDK 64-Bit Server VM (25.212-b04) for windows-amd64 JRE (1.8.0_212-release-1586-b04), built by "builder" with MS VC++ 10.0 (VS2010)

time: Fri Apr 03 16:53:56 2020
timezone: India Standard Time
elapsed time: 2 seconds (0d 0h 0m 2s)

