#
# There is insufficient memory for the Java Runtime Environment to continue.
# Native memory allocation (malloc) failed to allocate 730256 bytes for Chunk::new
# Possible reasons:
#   The system is out of physical RAM or swap space
#   The process is running with CompressedOops enabled, and the Java Heap may be blocking the growth of the native heap
# Possible solutions:
#   Reduce memory load on the system
#   Increase physical memory or swap space
#   Check if swap backing store is full
#   Decrease Java heap size (-Xmx/-Xms)
#   Decrease number of Java threads
#   Decrease Java thread stack sizes (-Xss)
#   Set larger code cache with -XX:ReservedCodeCacheSize=
#   JVM is running with Unscaled Compressed Oops mode in which the Java heap is
#     placed in the first 4GB address space. The Java Heap base address is the
#     maximum limit for the native heap growth. Please use -XX:HeapBaseMinAddress
#     to set the Java Heap base and to place the Java Heap above 4GB virtual address.
# This output file may be truncated or incomplete.
#
#  Out of Memory Error (allocation.cpp:389), pid=9560, tid=0x000000000000918c
#
# JRE version: OpenJDK Runtime Environment (8.0_212-b04) (build 1.8.0_212-release-1586-b04)
# Java VM: OpenJDK 64-Bit Server VM (25.212-b04 mixed mode windows-amd64 compressed oops)
# Failed to write core dump. Minidumps are not enabled by default on client versions of Windows
#

---------------  T H R E A D  ---------------

Current thread (0x0000000018132000):  JavaThread "C2 CompilerThread0" daemon [_thread_in_native, id=37260, stack(0x0000000018a00000,0x0000000018b00000)]

Stack: [0x0000000018a00000,0x0000000018b00000]
[error occurred during error reporting (printing stack bounds), id 0xc0000005]

Native frames: (J=compiled Java code, j=interpreted, Vv=VM code, C=native code)


Current CompileTask:
C2:  25357 7334   !   4       java.nio.file.FileTreeWalker::next (144 bytes)


---------------  P R O C E S S  ---------------

Java Threads: ( => current thread )
  0x000000001ebb1800 JavaThread "Cache worker for execution history cache (C:\Users\Aagam Shah\AndroidStudioProjects\BuyAndSell\.gradle\5.6.4\executionHistory)" [_thread_blocked, id=2664, stack(0x0000000024c90000,0x0000000024d90000)]
  0x000000001ebb6000 JavaThread "Execution worker for ':' Thread 7" [_thread_blocked, id=41592, stack(0x0000000024b90000,0x0000000024c90000)]
  0x000000001ebb3000 JavaThread "Execution worker for ':' Thread 6" [_thread_in_Java, id=29736, stack(0x0000000024a90000,0x0000000024b90000)]
  0x000000001ebb8800 JavaThread "Execution worker for ':' Thread 5" [_thread_blocked, id=44984, stack(0x0000000024990000,0x0000000024a90000)]
  0x000000001b1e4000 JavaThread "Execution worker for ':' Thread 4" [_thread_blocked, id=31020, stack(0x0000000024890000,0x0000000024990000)]
  0x000000001b1e7000 JavaThread "Execution worker for ':' Thread 3" [_thread_blocked, id=46660, stack(0x0000000024790000,0x0000000024890000)]
  0x000000001b1e2800 JavaThread "Execution worker for ':' Thread 2" [_thread_blocked, id=26228, stack(0x0000000024690000,0x0000000024790000)]
  0x000000001b1e9000 JavaThread "Execution worker for ':'" [_thread_blocked, id=43864, stack(0x0000000024590000,0x0000000024690000)]
  0x000000001b1e8800 JavaThread "Cache worker for file content cache (C:\Users\Aagam Shah\AndroidStudioProjects\BuyAndSell\.gradle\5.6.4\fileContent)" [_thread_blocked, id=44660, stack(0x0000000024090000,0x0000000024190000)]
  0x000000001b1e6000 JavaThread "Cache worker for file content cache (C:\Users\Aagam Shah\.gradle\caches\5.6.4\fileContent)" [_thread_blocked, id=25972, stack(0x0000000023d70000,0x0000000023e70000)]
  0x000000001b1e5800 JavaThread "Memory manager" [_thread_blocked, id=1328, stack(0x0000000023650000,0x0000000023750000)]
  0x000000001b1e7800 JavaThread "Cache worker for Build Output Cleanup Cache (C:\Users\Aagam Shah\AndroidStudioProjects\BuyAndSell\.gradle\buildOutputCleanup)" [_thread_blocked, id=26120, stack(0x0000000023350000,0x0000000023450000)]
  0x000000001b1dd000 JavaThread "pool-1-thread-1" [_thread_blocked, id=45120, stack(0x0000000023050000,0x0000000023150000)]
  0x000000001b1e1800 JavaThread "Build operations Thread 8" [_thread_blocked, id=27504, stack(0x00000000228b0000,0x00000000229b0000)]
  0x000000001b1db000 JavaThread "Build operations Thread 7" [_thread_blocked, id=7328, stack(0x0000000021790000,0x0000000021890000)]
  0x000000001b1da000 JavaThread "Build operations Thread 6" [_thread_blocked, id=21360, stack(0x0000000021690000,0x0000000021790000)]
  0x000000001b1dc800 JavaThread "Build operations Thread 5" [_thread_blocked, id=35004, stack(0x0000000021590000,0x0000000021690000)]
  0x000000001b1df800 JavaThread "Build operations Thread 4" [_thread_blocked, id=23932, stack(0x0000000021490000,0x0000000021590000)]
  0x000000001b1de000 JavaThread "Build operations Thread 3" [_thread_blocked, id=24132, stack(0x0000000021390000,0x0000000021490000)]
  0x000000001b1de800 JavaThread "Build operations Thread 2" [_thread_blocked, id=21720, stack(0x0000000021290000,0x0000000021390000)]
  0x000000001b1e0000 JavaThread "Build operations" [_thread_blocked, id=15496, stack(0x0000000021190000,0x0000000021290000)]
  0x000000001b1e1000 JavaThread "Cache worker for execution history cache (C:\Users\Aagam Shah\.gradle\caches\5.6.4\executionHistory)" [_thread_blocked, id=30020, stack(0x0000000021090000,0x0000000021190000)]
  0x000000001ab81800 JavaThread "Cache worker for cache directory md-rule (C:\Users\Aagam Shah\.gradle\caches\5.6.4\md-rule)" [_thread_blocked, id=9256, stack(0x0000000020f90000,0x0000000021090000)]
  0x000000001ab81000 JavaThread "Cache worker for cache directory md-supplier (C:\Users\Aagam Shah\.gradle\caches\5.6.4\md-supplier)" [_thread_blocked, id=12396, stack(0x0000000020e90000,0x0000000020f90000)]
  0x000000001ab87000 JavaThread "Cache worker for file hash cache (C:\Users\Aagam Shah\AndroidStudioProjects\BuyAndSell\.gradle\5.6.4\fileHashes)" [_thread_blocked, id=37912, stack(0x000000001f1c0000,0x000000001f2c0000)]
  0x000000001ab87800 JavaThread "Cache worker for journal cache (C:\Users\Aagam Shah\.gradle\caches\journal-1)" [_thread_blocked, id=18116, stack(0x000000001cf20000,0x000000001d020000)]
  0x000000001ab84000 JavaThread "File lock request listener" [_thread_in_native, id=25948, stack(0x000000001ce20000,0x000000001cf20000)]
  0x000000001ab83000 JavaThread "Cache worker for file hash cache (C:\Users\Aagam Shah\.gradle\caches\5.6.4\fileHashes)" [_thread_blocked, id=1200, stack(0x000000001cb20000,0x000000001cc20000)]
  0x000000001abdf800 JavaThread "Thread-9" [_thread_blocked, id=14300, stack(0x000000001ca20000,0x000000001cb20000)]
  0x000000001aba7000 JavaThread "Stdin handler" [_thread_blocked, id=35488, stack(0x000000001c920000,0x000000001ca20000)]
  0x000000001abe1800 JavaThread "Asynchronous log dispatcher for DefaultDaemonConnection: socket connection from /127.0.0.1:54956 to /127.0.0.1:54958" [_thread_blocked, id=44328, stack(0x000000001c720000,0x000000001c820000)]
  0x000000001ab59000 JavaThread "Daemon worker" [_thread_blocked, id=21420, stack(0x000000001c620000,0x000000001c720000)]
  0x000000001ab57000 JavaThread "Cancel handler" [_thread_blocked, id=45348, stack(0x000000001c520000,0x000000001c620000)]
  0x000000001aafe000 JavaThread "Handler for socket connection from /127.0.0.1:54956 to /127.0.0.1:54958" [_thread_in_native, id=41536, stack(0x000000001c220000,0x000000001c320000)]
  0x000000001aafd800 JavaThread "Daemon" [_thread_blocked, id=8900, stack(0x000000001c120000,0x000000001c220000)]
  0x000000001aac9800 JavaThread "Daemon periodic checks" [_thread_blocked, id=40752, stack(0x000000001c020000,0x000000001c120000)]
  0x000000001aae9800 JavaThread "Incoming local TCP Connector on port 54956" [_thread_in_native, id=29088, stack(0x000000001bde0000,0x000000001bee0000)]
  0x000000001a7c8800 JavaThread "Daemon health stats" [_thread_blocked, id=6576, stack(0x000000001b7a0000,0x000000001b8a0000)]
  0x00000000181d1800 JavaThread "Service Thread" daemon [_thread_blocked, id=29400, stack(0x0000000018e00000,0x0000000018f00000)]
  0x0000000018143800 JavaThread "C1 CompilerThread3" daemon [_thread_blocked, id=25252, stack(0x0000000018d00000,0x0000000018e00000)]
  0x0000000018140000 JavaThread "C2 CompilerThread2" daemon [_thread_in_native, id=43920, stack(0x0000000018c00000,0x0000000018d00000)]
  0x000000001813f000 JavaThread "C2 CompilerThread1" daemon [_thread_in_native, id=41340, stack(0x0000000018b00000,0x0000000018c00000)]
=>0x0000000018132000 JavaThread "C2 CompilerThread0" daemon [_thread_in_native, id=37260, stack(0x0000000018a00000,0x0000000018b00000)]
  0x000000001812c800 JavaThread "Attach Listener" daemon [_thread_blocked, id=42268, stack(0x0000000018900000,0x0000000018a00000)]
  0x0000000018129800 JavaThread "Signal Dispatcher" daemon [_thread_blocked, id=38760, stack(0x0000000018800000,0x0000000018900000)]
  0x0000000018121000 JavaThread "Finalizer" daemon [_thread_blocked, id=39984, stack(0x0000000018600000,0x0000000018700000)]
  0x0000000018120800 JavaThread "Reference Handler" daemon [_thread_blocked, id=27392, stack(0x0000000018500000,0x0000000018600000)]
  0x0000000002482800 JavaThread "main" [_thread_blocked, id=42420, stack(0x0000000002360000,0x0000000002460000)]

Other Threads:
  0x0000000016336000 VMThread [stack: 0x0000000018000000,0x0000000018100000] [id=39476]
  0x00000000181d2800 WatcherThread [stack: 0x0000000018f00000,0x0000000019000000] [id=43108]

VM state:not at safepoint (normal execution)

VM Mutex/Monitor currently owned by a thread: None

heap address: 0x00000000a0000000, size: 1536 MB, Compressed Oops mode: 32-bit
Narrow klass base: 0x0000000000000000, Narrow klass shift: 3
Compressed class space size: 1073741824 Address: 0x0000000100000000

Heap:
 PSYoungGen      total 163328K, used 110034K [0x00000000e0000000, 0x00000000ec000000, 0x0000000100000000)
  eden space 146944K, 74% used [0x00000000e0000000,0x00000000e6b74aa8,0x00000000e8f80000)
  from space 16384K, 0% used [0x00000000ea080000,0x00000000ea080000,0x00000000eb080000)
  to   space 17408K, 0% used [0x00000000e8f80000,0x00000000e8f80000,0x00000000ea080000)
 ParOldGen       total 152576K, used 33798K [0x00000000a0000000, 0x00000000a9500000, 0x00000000e0000000)
  object space 152576K, 22% used [0x00000000a0000000,0x00000000a2101aa0,0x00000000a9500000)
 Metaspace       used 58714K, capacity 60706K, committed 60800K, reserved 1101824K
  class space    used 8053K, capacity 8544K, committed 8576K, reserved 1048576K

Card table byte_map: [0x0000000011940000,0x0000000011c50000] byte_map_base: 0x0000000011440000

Marking Bits: (ParMarkBitMap*) 0x0000000059109f30
 Begin Bits: [0x0000000012650000, 0x0000000013e50000)
 End Bits:   [0x0000000013e50000, 0x0000000015650000)

Polling page: 0x0000000000580000

CodeCache: size=245760Kb used=20220Kb max_used=20403Kb free=225539Kb
 bounds [0x0000000002580000, 0x00000000039a0000, 0x0000000011580000]
 total_blobs=7263 nmethods=6480 adapters=696
 compilation: enabled

Compilation events (10 events):
Event: 25.283 Thread 0x0000000018143800 nmethod 7387 0x0000000002deac90 code [0x0000000002deae20, 0x0000000002deb298]
Event: 25.283 Thread 0x0000000018143800 7388       3       com.google.common.collect.ArrayListMultimap::remove (7 bytes)
Event: 25.284 Thread 0x0000000018143800 nmethod 7388 0x0000000002a74150 code [0x0000000002a74320, 0x0000000002a74c58]
Event: 25.284 Thread 0x0000000018143800 7389       3       org.gradle.internal.resources.DefaultResourceLockCoordinationService$DefaultResourceLockState::registerUnlocked (53 bytes)
Event: 25.285 Thread 0x0000000018143800 nmethod 7389 0x00000000031c2e10 code [0x00000000031c2fe0, 0x00000000031c37b8]
Event: 25.287 Thread 0x0000000018143800 7390       3       org.gradle.internal.snapshot.impl.SnapshotSerializer::read (516 bytes)
Event: 25.291 Thread 0x000000001813f000 7391 %     4       com.esotericsoftware.kryo.io.Input::readUtf8_slow @ 11 (255 bytes)
Event: 25.295 Thread 0x0000000018143800 nmethod 7390 0x00000000031fe790 code [0x00000000031fefc0, 0x0000000003204178]
Event: 25.311 Thread 0x000000001813f000 nmethod 7391% 0x00000000030fbed0 code [0x00000000030fc100, 0x00000000030fc8b8]
Event: 25.318 Thread 0x0000000018140000 7392   !   4       com.google.common.cache.LocalCache$Segment::get (210 bytes)

GC Heap History (10 events):
Event: 13.170 GC heap before
{Heap before GC invocations=11 (full 2):
 PSYoungGen      total 113664K, used 10549K [0x00000000e0000000, 0x00000000e9f00000, 0x0000000100000000)
  eden space 101888K, 0% used [0x00000000e0000000,0x00000000e0000000,0x00000000e6380000)
  from space 11776K, 89% used [0x00000000e6380000,0x00000000e6dcd7c8,0x00000000e6f00000)
  to   space 12800K, 0% used [0x00000000e9280000,0x00000000e9280000,0x00000000e9f00000)
 ParOldGen       total 63488K, used 12166K [0x00000000a0000000, 0x00000000a3e00000, 0x00000000e0000000)
  object space 63488K, 19% used [0x00000000a0000000,0x00000000a0be1a18,0x00000000a3e00000)
 Metaspace       used 34574K, capacity 35374K, committed 35456K, reserved 1079296K
  class space    used 4738K, capacity 4960K, committed 4992K, reserved 1048576K
Event: 13.322 GC heap after
Heap after GC invocations=11 (full 2):
 PSYoungGen      total 113664K, used 0K [0x00000000e0000000, 0x00000000e9f00000, 0x0000000100000000)
  eden space 101888K, 0% used [0x00000000e0000000,0x00000000e0000000,0x00000000e6380000)
  from space 11776K, 0% used [0x00000000e6380000,0x00000000e6380000,0x00000000e6f00000)
  to   space 12800K, 0% used [0x00000000e9280000,0x00000000e9280000,0x00000000e9f00000)
 ParOldGen       total 98816K, used 17342K [0x00000000a0000000, 0x00000000a6080000, 0x00000000e0000000)
  object space 98816K, 17% used [0x00000000a0000000,0x00000000a10ef9f0,0x00000000a6080000)
 Metaspace       used 34561K, capacity 35332K, committed 35456K, reserved 1079296K
  class space    used 4734K, capacity 4953K, committed 4992K, reserved 1048576K
}
Event: 16.770 GC heap before
{Heap before GC invocations=12 (full 2):
 PSYoungGen      total 113664K, used 101888K [0x00000000e0000000, 0x00000000e9f00000, 0x0000000100000000)
  eden space 101888K, 100% used [0x00000000e0000000,0x00000000e6380000,0x00000000e6380000)
  from space 11776K, 0% used [0x00000000e6380000,0x00000000e6380000,0x00000000e6f00000)
  to   space 12800K, 0% used [0x00000000e9280000,0x00000000e9280000,0x00000000e9f00000)
 ParOldGen       total 98816K, used 17342K [0x00000000a0000000, 0x00000000a6080000, 0x00000000e0000000)
  object space 98816K, 17% used [0x00000000a0000000,0x00000000a10ef9f0,0x00000000a6080000)
 Metaspace       used 44829K, capacity 45912K, committed 46336K, reserved 1089536K
  class space    used 6028K, capacity 6314K, committed 6400K, reserved 1048576K
Event: 16.792 GC heap after
Heap after GC invocations=12 (full 2):
 PSYoungGen      total 135680K, used 12776K [0x00000000e0000000, 0x00000000e9f00000, 0x0000000100000000)
  eden space 122880K, 0% used [0x00000000e0000000,0x00000000e0000000,0x00000000e7800000)
  from space 12800K, 99% used [0x00000000e9280000,0x00000000e9efa258,0x00000000e9f00000)
  to   space 14848K, 0% used [0x00000000e8200000,0x00000000e8200000,0x00000000e9080000)
 ParOldGen       total 98816K, used 18687K [0x00000000a0000000, 0x00000000a6080000, 0x00000000e0000000)
  object space 98816K, 18% used [0x00000000a0000000,0x00000000a123fe58,0x00000000a6080000)
 Metaspace       used 44829K, capacity 45912K, committed 46336K, reserved 1089536K
  class space    used 6028K, capacity 6314K, committed 6400K, reserved 1048576K
}
Event: 19.973 GC heap before
{Heap before GC invocations=13 (full 2):
 PSYoungGen      total 135680K, used 135656K [0x00000000e0000000, 0x00000000e9f00000, 0x0000000100000000)
  eden space 122880K, 100% used [0x00000000e0000000,0x00000000e7800000,0x00000000e7800000)
  from space 12800K, 99% used [0x00000000e9280000,0x00000000e9efa258,0x00000000e9f00000)
  to   space 14848K, 0% used [0x00000000e8200000,0x00000000e8200000,0x00000000e9080000)
 ParOldGen       total 98816K, used 18687K [0x00000000a0000000, 0x00000000a6080000, 0x00000000e0000000)
  object space 98816K, 18% used [0x00000000a0000000,0x00000000a123fe58,0x00000000a6080000)
 Metaspace       used 54883K, capacity 56580K, committed 56704K, reserved 1097728K
  class space    used 7543K, capacity 7943K, committed 8064K, reserved 1048576K
Event: 20.005 GC heap after
Heap after GC invocations=13 (full 2):
 PSYoungGen      total 147968K, used 13792K [0x00000000e0000000, 0x00000000eb080000, 0x0000000100000000)
  eden space 133120K, 0% used [0x00000000e0000000,0x00000000e0000000,0x00000000e8200000)
  from space 14848K, 92% used [0x00000000e8200000,0x00000000e8f78010,0x00000000e9080000)
  to   space 16384K, 0% used [0x00000000ea080000,0x00000000ea080000,0x00000000eb080000)
 ParOldGen       total 98816K, used 24715K [0x00000000a0000000, 0x00000000a6080000, 0x00000000e0000000)
  object space 98816K, 25% used [0x00000000a0000000,0x00000000a1822ee0,0x00000000a6080000)
 Metaspace       used 54883K, capacity 56580K, committed 56704K, reserved 1097728K
  class space    used 7543K, capacity 7943K, committed 8064K, reserved 1048576K
}
Event: 22.381 GC heap before
{Heap before GC invocations=14 (full 2):
 PSYoungGen      total 147968K, used 66601K [0x00000000e0000000, 0x00000000eb080000, 0x0000000100000000)
  eden space 133120K, 39% used [0x00000000e0000000,0x00000000e33924d0,0x00000000e8200000)
  from space 14848K, 92% used [0x00000000e8200000,0x00000000e8f78010,0x00000000e9080000)
  to   space 16384K, 0% used [0x00000000ea080000,0x00000000ea080000,0x00000000eb080000)
 ParOldGen       total 98816K, used 24715K [0x00000000a0000000, 0x00000000a6080000, 0x00000000e0000000)
  object space 98816K, 25% used [0x00000000a0000000,0x00000000a1822ee0,0x00000000a6080000)
 Metaspace       used 57297K, capacity 59080K, committed 59096K, reserved 1099776K
  class space    used 7888K, capacity 8309K, committed 8320K, reserved 1048576K
Event: 22.414 GC heap after
Heap after GC invocations=14 (full 2):
 PSYoungGen      total 163328K, used 13604K [0x00000000e0000000, 0x00000000ec000000, 0x0000000100000000)
  eden space 146944K, 0% used [0x00000000e0000000,0x00000000e0000000,0x00000000e8f80000)
  from space 16384K, 83% used [0x00000000ea080000,0x00000000eadc91c0,0x00000000eb080000)
  to   space 17408K, 0% used [0x00000000e8f80000,0x00000000e8f80000,0x00000000ea080000)
 ParOldGen       total 98816K, used 24723K [0x00000000a0000000, 0x00000000a6080000, 0x00000000e0000000)
  object space 98816K, 25% used [0x00000000a0000000,0x00000000a1824ee0,0x00000000a6080000)
 Metaspace       used 57297K, capacity 59080K, committed 59096K, reserved 1099776K
  class space    used 7888K, capacity 8309K, committed 8320K, reserved 1048576K
}
Event: 22.414 GC heap before
{Heap before GC invocations=15 (full 3):
 PSYoungGen      total 163328K, used 13604K [0x00000000e0000000, 0x00000000ec000000, 0x0000000100000000)
  eden space 146944K, 0% used [0x00000000e0000000,0x00000000e0000000,0x00000000e8f80000)
  from space 16384K, 83% used [0x00000000ea080000,0x00000000eadc91c0,0x00000000eb080000)
  to   space 17408K, 0% used [0x00000000e8f80000,0x00000000e8f80000,0x00000000ea080000)
 ParOldGen       total 98816K, used 24723K [0x00000000a0000000, 0x00000000a6080000, 0x00000000e0000000)
  object space 98816K, 25% used [0x00000000a0000000,0x00000000a1824ee0,0x00000000a6080000)
 Metaspace       used 57297K, capacity 59080K, committed 59096K, reserved 1099776K
  class space    used 7888K, capacity 8309K, committed 8320K, reserved 1048576K
Event: 23.068 GC heap after
Heap after GC invocations=15 (full 3):
 PSYoungGen      total 163328K, used 0K [0x00000000e0000000, 0x00000000ec000000, 0x0000000100000000)
  eden space 146944K, 0% used [0x00000000e0000000,0x00000000e0000000,0x00000000e8f80000)
  from space 16384K, 0% used [0x00000000ea080000,0x00000000ea080000,0x00000000eb080000)
  to   space 17408K, 0% used [0x00000000e8f80000,0x00000000e8f80000,0x00000000ea080000)
 ParOldGen       total 152576K, used 33798K [0x00000000a0000000, 0x00000000a9500000, 0x00000000e0000000)
  object space 152576K, 22% used [0x00000000a0000000,0x00000000a2101aa0,0x00000000a9500000)
 Metaspace       used 57282K, capacity 59046K, committed 59096K, reserved 1099776K
  class space    used 7884K, capacity 8302K, committed 8320K, reserved 1048576K
}

Deoptimization events (10 events):
Event: 24.784 Thread 0x000000001b1e9000 Uncommon trap: reason=unstable_if action=reinterpret pc=0x00000000035c8368 method=java.util.regex.Pattern$GroupTail.match(Ljava/util/regex/Matcher;ILjava/lang/CharSequence;)Z @ 73
Event: 24.784 Thread 0x000000001b1e9000 Uncommon trap: reason=unstable_if action=reinterpret pc=0x00000000035cc2ac method=com.sun.org.apache.xerces.internal.impl.XMLEntityScanner.peekChar()I @ 51
Event: 24.804 Thread 0x000000001b1e9000 Uncommon trap: reason=bimorphic action=maybe_recompile pc=0x00000000038b156c method=com.google.common.collect.NaturalOrdering.compare(Ljava/lang/Comparable;Ljava/lang/Comparable;)I @ 12
Event: 24.804 Thread 0x000000001b1e9000 Uncommon trap: reason=bimorphic action=maybe_recompile pc=0x00000000038b156c method=com.google.common.collect.NaturalOrdering.compare(Ljava/lang/Comparable;Ljava/lang/Comparable;)I @ 12
Event: 24.804 Thread 0x000000001b1e9000 Uncommon trap: reason=bimorphic action=maybe_recompile pc=0x00000000038b156c method=com.google.common.collect.NaturalOrdering.compare(Ljava/lang/Comparable;Ljava/lang/Comparable;)I @ 12
Event: 24.804 Thread 0x000000001b1e9000 Uncommon trap: reason=bimorphic action=maybe_recompile pc=0x00000000038b156c method=com.google.common.collect.NaturalOrdering.compare(Ljava/lang/Comparable;Ljava/lang/Comparable;)I @ 12
Event: 24.805 Thread 0x000000001b1e7800 Uncommon trap: reason=unstable_if action=reinterpret pc=0x0000000002724688 method=org.gradle.cache.internal.btree.BlockPointer.isNull()Z @ 6
Event: 24.813 Thread 0x000000001b1e9000 Uncommon trap: reason=null_assert action=make_not_entrant pc=0x000000000376ed00 method=com.google.common.cache.LocalCache.processPendingNotifications()V @ 9
Event: 24.860 Thread 0x000000001b1e9000 Uncommon trap: reason=predicate action=maybe_recompile pc=0x0000000002ae6c08 method=com.google.common.base.CharMatcher.indexIn(Ljava/lang/CharSequence;I)I @ 22
Event: 24.967 Thread 0x000000001ebb6000 Uncommon trap: reason=unstable_if action=reinterpret pc=0x0000000003972998 method=com.google.common.cache.LongAdder.add(J)V @ 95

Classes redefined (0 events):
No events

Internal exceptions (10 events):
Event: 17.781 Thread 0x000000001ab59000 Exception <a 'java/lang/ClassNotFoundException': org/gradle/api/internal/file/collections/DefaultConfigurableFileTreeCustomizer> (0x00000000e28b53b0) thrown at [D:\src\AOSP-openjdk-cygwin\jdk8u\hotspot\src\share\vm\classfile\systemDictionary.cpp, line 210
Event: 18.216 Thread 0x000000001ab59000 Exception <a 'java/lang/NoSuchMethodError': java.lang.Object.lambda$comparingInt$7b0bb60$1(Ljava/util/function/ToIntFunction;Ljava/lang/Object;Ljava/lang/Object;)I> (0x00000000e3333608) thrown at [D:\src\AOSP-openjdk-cygwin\jdk8u\hotspot\src\share\vm\inte
Event: 18.782 Thread 0x000000001ab59000 Exception <a 'java/lang/ClassNotFoundException': com/android/build/gradle/internal/api/ApkVariantOutputImpl_DecoratedBeanInfo> (0x00000000e4480a88) thrown at [D:\src\AOSP-openjdk-cygwin\jdk8u\hotspot\src\share\vm\classfile\systemDictionary.cpp, line 210]
Event: 18.783 Thread 0x000000001ab59000 Exception <a 'java/lang/ClassNotFoundException': com/android/build/gradle/internal/api/ApkVariantOutputImplBeanInfo> (0x00000000e449c8f8) thrown at [D:\src\AOSP-openjdk-cygwin\jdk8u\hotspot\src\share\vm\classfile\systemDictionary.cpp, line 210]
Event: 18.783 Thread 0x000000001ab59000 Exception <a 'java/lang/ClassNotFoundException': com/android/build/gradle/internal/api/BaseVariantOutputImplBeanInfo> (0x00000000e44b9a80) thrown at [D:\src\AOSP-openjdk-cygwin\jdk8u\hotspot\src\share\vm\classfile\systemDictionary.cpp, line 210]
Event: 18.784 Thread 0x000000001ab59000 Exception <a 'java/lang/ClassNotFoundException': com/android/build/gradle/internal/api/BaseVariantOutputImplCustomizer> (0x00000000e44d7120) thrown at [D:\src\AOSP-openjdk-cygwin\jdk8u\hotspot\src\share\vm\classfile\systemDictionary.cpp, line 210]
Event: 18.785 Thread 0x000000001ab59000 Exception <a 'java/lang/ClassNotFoundException': com/android/build/gradle/internal/api/ApkVariantOutputImplCustomizer> (0x00000000e450e430) thrown at [D:\src\AOSP-openjdk-cygwin\jdk8u\hotspot\src\share\vm\classfile\systemDictionary.cpp, line 210]
Event: 18.787 Thread 0x000000001ab59000 Exception <a 'java/lang/ClassNotFoundException': com/android/build/gradle/internal/api/ApkVariantOutputImpl_DecoratedCustomizer> (0x00000000e4540b40) thrown at [D:\src\AOSP-openjdk-cygwin\jdk8u\hotspot\src\share\vm\classfile\systemDictionary.cpp, line 210
Event: 19.230 Thread 0x000000001ab59000 Exception <a 'java/lang/ClassNotFoundException': com/sun/org/glassfish/hk2/osgiresourcelocator/ServiceLoader> (0x00000000e5e38730) thrown at [D:\src\AOSP-openjdk-cygwin\jdk8u\hotspot\src\share\vm\classfile\systemDictionary.cpp, line 210]
Event: 19.335 Thread 0x000000001ab59000 Exception <a 'java/lang/NullPointerException'> (0x00000000e63037d8) thrown at [D:\src\AOSP-openjdk-cygwin\jdk8u\hotspot\src\share\vm\interpreter\linkResolver.cpp, line 1287]

Events (10 events):
Event: 25.031 Thread 0x0000000018143800 flushing nmethod 0x00000000030fb310
Event: 25.031 Thread 0x0000000018143800 flushing nmethod 0x0000000003122790
Event: 25.050 Thread 0x0000000018132000 flushing nmethod 0x00000000031c2290
Event: 25.050 Thread 0x0000000018132000 flushing nmethod 0x00000000032bb6d0
Event: 25.055 Thread 0x0000000018132000 flushing nmethod 0x00000000033e0210
Event: 25.059 Thread 0x0000000018143800 flushing nmethod 0x00000000036505d0
Event: 25.096 loading class com/android/build/FilterData
Event: 25.096 loading class com/android/build/FilterData done
Event: 25.286 loading class org/gradle/internal/snapshot/impl/SetValueSnapshot
Event: 25.286 loading class org/gradle/internal/snapshot/impl/SetValueSnapshot done


Dynamic libraries:
0x00007ff7645c0000 - 0x00007ff7645f1000 	C:\Program Files\Android\Android Studio\jre\bin\java.exe
0x00007ffb60960000 - 0x00007ffb60b50000 	C:\WINDOWS\SYSTEM32\ntdll.dll
0x00007ffb5f9e0000 - 0x00007ffb5fa92000 	C:\WINDOWS\System32\KERNEL32.DLL
0x00007ffb5e460000 - 0x00007ffb5e703000 	C:\WINDOWS\System32\KERNELBASE.dll
0x00007ffb60330000 - 0x00007ffb603d3000 	C:\WINDOWS\System32\ADVAPI32.dll
0x00007ffb5fe20000 - 0x00007ffb5febe000 	C:\WINDOWS\System32\msvcrt.dll
0x00007ffb60880000 - 0x00007ffb60917000 	C:\WINDOWS\System32\sechost.dll
0x00007ffb5faa0000 - 0x00007ffb5fbc0000 	C:\WINDOWS\System32\RPCRT4.dll
0x00007ffb5f300000 - 0x00007ffb5f494000 	C:\WINDOWS\System32\USER32.dll
0x00007ffb5e790000 - 0x00007ffb5e7b1000 	C:\WINDOWS\System32\win32u.dll
0x00007ffb5fc40000 - 0x00007ffb5fc66000 	C:\WINDOWS\System32\GDI32.dll
0x00007ffb5daa0000 - 0x00007ffb5dc34000 	C:\WINDOWS\System32\gdi32full.dll
0x00007ffb5e8c0000 - 0x00007ffb5e95e000 	C:\WINDOWS\System32\msvcp_win.dll
0x00007ffb5e7c0000 - 0x00007ffb5e8ba000 	C:\WINDOWS\System32\ucrtbase.dll
0x00007ffb4d1a0000 - 0x00007ffb4d425000 	C:\WINDOWS\WinSxS\amd64_microsoft.windows.common-controls_6595b64144ccf1df_6.0.18362.720_none_e6beb5c51314836b\COMCTL32.dll
0x00007ffb603e0000 - 0x00007ffb60716000 	C:\WINDOWS\System32\combase.dll
0x00007ffb5e3e0000 - 0x00007ffb5e460000 	C:\WINDOWS\System32\bcryptPrimitives.dll
0x00007ffb60720000 - 0x00007ffb6074e000 	C:\WINDOWS\System32\IMM32.DLL
0x00000000584e0000 - 0x00000000585b2000 	C:\Program Files\Android\Android Studio\jre\jre\bin\msvcr100.dll
0x0000000058940000 - 0x0000000059186000 	C:\Program Files\Android\Android Studio\jre\jre\bin\server\jvm.dll
0x00007ffb60150000 - 0x00007ffb60158000 	C:\WINDOWS\System32\PSAPI.DLL
0x00007ffb5b770000 - 0x00007ffb5b794000 	C:\WINDOWS\SYSTEM32\WINMM.dll
0x00007ffb4cd80000 - 0x00007ffb4cd89000 	C:\WINDOWS\SYSTEM32\WSOCK32.dll
0x00007ffb54fe0000 - 0x00007ffb54fea000 	C:\WINDOWS\SYSTEM32\VERSION.dll
0x00007ffb5f500000 - 0x00007ffb5f56f000 	C:\WINDOWS\System32\WS2_32.dll
0x00007ffb5b520000 - 0x00007ffb5b54d000 	C:\WINDOWS\SYSTEM32\WINMMBASE.dll
0x00007ffb5e740000 - 0x00007ffb5e78a000 	C:\WINDOWS\System32\cfgmgr32.dll
0x00007ffb56e20000 - 0x00007ffb56e2f000 	C:\Program Files\Android\Android Studio\jre\jre\bin\verify.dll
0x00007ffb56ca0000 - 0x00007ffb56cc9000 	C:\Program Files\Android\Android Studio\jre\jre\bin\java.dll
0x00007ffb4ec00000 - 0x00007ffb4ec16000 	C:\Program Files\Android\Android Studio\jre\jre\bin\zip.dll
0x00007ffb5ec10000 - 0x00007ffb5f2f5000 	C:\WINDOWS\System32\SHELL32.dll
0x00007ffb5eb60000 - 0x00007ffb5ec09000 	C:\WINDOWS\System32\shcore.dll
0x00007ffb5dc60000 - 0x00007ffb5e3e0000 	C:\WINDOWS\System32\windows.storage.dll
0x00007ffb5d8c0000 - 0x00007ffb5d8e3000 	C:\WINDOWS\System32\profapi.dll
0x00007ffb5d830000 - 0x00007ffb5d87a000 	C:\WINDOWS\System32\powrprof.dll
0x00007ffb5d820000 - 0x00007ffb5d830000 	C:\WINDOWS\System32\UMPDC.dll
0x00007ffb60820000 - 0x00007ffb60872000 	C:\WINDOWS\System32\shlwapi.dll
0x00007ffb5d8a0000 - 0x00007ffb5d8b1000 	C:\WINDOWS\System32\kernel.appcore.dll
0x00007ffb5dc40000 - 0x00007ffb5dc57000 	C:\WINDOWS\System32\cryptsp.dll
0x00007ffb4e800000 - 0x00007ffb4e81a000 	C:\Program Files\Android\Android Studio\jre\jre\bin\net.dll
0x00007ffb4b930000 - 0x00007ffb4bb05000 	C:\WINDOWS\SYSTEM32\urlmon.dll
0x00007ffb4b260000 - 0x00007ffb4b506000 	C:\WINDOWS\SYSTEM32\iertutil.dll
0x00007ffb5d200000 - 0x00007ffb5d20c000 	C:\WINDOWS\SYSTEM32\CRYPTBASE.DLL
0x00007ffb5d030000 - 0x00007ffb5d097000 	C:\WINDOWS\system32\mswsock.dll
0x00007ffb4e7e0000 - 0x00007ffb4e7f3000 	C:\Program Files\Android\Android Studio\jre\jre\bin\nio.dll
0x00007ffb57900000 - 0x00007ffb57926000 	C:\Users\Aagam Shah\.gradle\native\30\windows-amd64\native-platform.dll
0x00007ffb56bd0000 - 0x00007ffb56bdd000 	C:\Program Files\Android\Android Studio\jre\jre\bin\management.dll
0x00007ffb5cba0000 - 0x00007ffb5cbd3000 	C:\WINDOWS\system32\rsaenh.dll
0x00007ffb5e710000 - 0x00007ffb5e736000 	C:\WINDOWS\System32\bcrypt.dll
0x00007ffb5d710000 - 0x00007ffb5d735000 	C:\WINDOWS\SYSTEM32\USERENV.dll
0x00007ffb5cd40000 - 0x00007ffb5cd7a000 	C:\WINDOWS\SYSTEM32\IPHLPAPI.DLL
0x00007ffb602a0000 - 0x00007ffb602a8000 	C:\WINDOWS\System32\NSI.dll
0x00007ffb55bd0000 - 0x00007ffb55be6000 	C:\WINDOWS\SYSTEM32\dhcpcsvc6.DLL
0x00007ffb57390000 - 0x00007ffb573ac000 	C:\WINDOWS\SYSTEM32\dhcpcsvc.DLL
0x00007ffb5cd80000 - 0x00007ffb5ce4a000 	C:\WINDOWS\SYSTEM32\DNSAPI.dll

VM Arguments:
jvm_args: -Xmx1536m -Dfile.encoding=windows-1252 -Duser.country=IN -Duser.language=en -Duser.variant 
java_command: org.gradle.launcher.daemon.bootstrap.GradleDaemon 5.6.4
java_class_path (initial): C:\Users\Aagam Shah\.gradle\wrapper\dists\gradle-5.6.4-all\ankdp27end7byghfw1q2sw75f\gradle-5.6.4\lib\gradle-launcher-5.6.4.jar
Launcher Type: SUN_STANDARD

Environment Variables:
PATH=C:\ProgramData\Anaconda3;C:\ProgramData\Anaconda3\Library\mingw-w64\bin;C:\ProgramData\Anaconda3\Library\usr\bin;C:\ProgramData\Anaconda3\Library\bin;C:\ProgramData\Anaconda3\Scripts;C:\Program Files (x86)\Intel\Intel(R) Management Engine Components\iCLS\;C:\Program Files\Intel\Intel(R) Management Engine Components\iCLS\;C:\WINDOWS\system32;C:\WINDOWS;C:\WINDOWS\System32\Wbem;C:\WINDOWS\System32\WindowsPowerShell\v1.0\;C:\WINDOWS\System32\OpenSSH\;C:\Program Files (x86)\Intel\Intel(R) Management Engine Components\DAL;C:\Program Files\Intel\Intel(R) Management Engine Components\DAL;C:\Program Files (x86)\Intel\Intel(R) Management Engine Components\IPT;C:\Program Files\Intel\Intel(R) Management Engine Components\IPT;C:\Program Files\Java\jdk-12.0.2\bin;C:\Android;C:\Windows\System32;C:\Program Files\Git\cmd;C:\Program Files\MySQL\MySQL Shell 8.0\bin\;C:\Users\Aagam Shah\AppData\Local\Programs\Python\Python37-32\Scripts\;C:\Users\Aagam Shah\AppData\Local\Programs\Python\Python37-32\;C:\Users\Aagam Shah\AppData\Local\Microsoft\WindowsApps;C:\Users\Aagam Shah\AppData\Local\atom\bin;C:\Program Files\JetBrains\PyCharm Community Edition 2019.2\bin;C:\Users\Aagam Shah\AppData\Local\GitHubDesktop\bin
USERNAME=Aagam Shah
OS=Windows_NT
PROCESSOR_IDENTIFIER=Intel64 Family 6 Model 142 Stepping 10, GenuineIntel



---------------  S Y S T E M  ---------------

OS: Windows 10.0 , 64 bit Build 18362 (10.0.18362.329)

CPU:total 8 (initial active 8) (4 cores per cpu, 2 threads per core) family 6 model 142 stepping 10, cmov, cx8, fxsr, mmx, sse, sse2, sse3, ssse3, sse4.1, sse4.2, popcnt, avx, avx2, aes, clmul, erms, 3dnowpref, lzcnt, ht, tsc, tscinvbit, bmi1, bmi2, adx

Memory: 4k page, physical 8286588k(362792k free), swap 12480892k(5228k free)

vm_info: OpenJDK 64-Bit Server VM (25.212-b04) for windows-amd64 JRE (1.8.0_212-release-1586-b04), built by "builder" with MS VC++ 10.0 (VS2010)

time: Fri Apr 03 15:30:13 2020
timezone: India Standard Time
elapsed time: 25 seconds (0d 0h 0m 25s)

