#
# There is insufficient memory for the Java Runtime Environment to continue.
# Native memory allocation (malloc) failed to allocate 32744 bytes for ChunkPool::allocate
# Possible reasons:
#   The system is out of physical RAM or swap space
#   The process is running with CompressedOops enabled, and the Java Heap may be blocking the growth of the native heap
# Possible solutions:
#   Reduce memory load on the system
#   Increase physical memory or swap space
#   Check if swap backing store is full
#   Decrease Java heap size (-Xmx/-Xms)
#   Decrease number of Java threads
#   Decrease Java thread stack sizes (-Xss)
#   Set larger code cache with -XX:ReservedCodeCacheSize=
#   JVM is running with Unscaled Compressed Oops mode in which the Java heap is
#     placed in the first 4GB address space. The Java Heap base address is the
#     maximum limit for the native heap growth. Please use -XX:HeapBaseMinAddress
#     to set the Java Heap base and to place the Java Heap above 4GB virtual address.
# This output file may be truncated or incomplete.
#
#  Out of Memory Error (allocation.cpp:272), pid=5440, tid=0x0000000000004bb8
#
# JRE version: OpenJDK Runtime Environment (8.0_212-b04) (build 1.8.0_212-release-1586-b04)
# Java VM: OpenJDK 64-Bit Server VM (25.212-b04 mixed mode windows-amd64 compressed oops)
# Failed to write core dump. Minidumps are not enabled by default on client versions of Windows
#

---------------  T H R E A D  ---------------

Current thread (0x000000001847d800):  JavaThread "C2 CompilerThread0" daemon [_thread_in_native, id=19384, stack(0x0000000018d50000,0x0000000018e50000)]

Stack: [0x0000000018d50000,0x0000000018e50000]
[error occurred during error reporting (printing stack bounds), id 0xc0000005]

Native frames: (J=compiled Java code, j=interpreted, Vv=VM code, C=native code)


Current CompileTask:
C2:   2557 1406       4       java.net.URLClassLoader$1::run (5 bytes)


---------------  P R O C E S S  ---------------

Java Threads: ( => current thread )
  0x0000000019a3c800 JavaThread "Cache worker for file hash cache (C:\Users\Aagam Shah\AndroidStudioProjects\BuyAndSell\.gradle\5.6.4\fileHashes)" [_thread_blocked, id=25140, stack(0x000000001fa40000,0x000000001fb40000)]
  0x0000000019a3b800 JavaThread "Cache worker for journal cache (C:\Users\Aagam Shah\.gradle\caches\journal-1)" [_thread_blocked, id=43496, stack(0x000000001d270000,0x000000001d370000)]
  0x0000000019533000 JavaThread "File lock request listener" [_thread_in_native, id=38320, stack(0x000000001cf70000,0x000000001d070000)]
  0x000000001a90f000 JavaThread "Cache worker for file hash cache (C:\Users\Aagam Shah\.gradle\caches\5.6.4\fileHashes)" [_thread_blocked, id=32764, stack(0x000000001ce70000,0x000000001cf70000)]
  0x000000001ae79800 JavaThread "Thread-9" [_thread_blocked, id=15996, stack(0x000000001cd70000,0x000000001ce70000)]
  0x000000001ae72000 JavaThread "Stdin handler" [_thread_blocked, id=25644, stack(0x000000001cc70000,0x000000001cd70000)]
  0x000000001aea8000 JavaThread "Asynchronous log dispatcher for DefaultDaemonConnection: socket connection from /127.0.0.1:55380 to /127.0.0.1:55381" [_thread_blocked, id=42992, stack(0x000000001ca70000,0x000000001cb70000)]
  0x000000001ae70000 JavaThread "Daemon worker" [_thread_in_native, id=22132, stack(0x000000001c970000,0x000000001ca70000)]
  0x000000001ae5d000 JavaThread "Cancel handler" [_thread_blocked, id=1328, stack(0x000000001c870000,0x000000001c970000)]
  0x000000001ade6000 JavaThread "Handler for socket connection from /127.0.0.1:55380 to /127.0.0.1:55381" [_thread_in_native, id=10048, stack(0x000000001c570000,0x000000001c670000)]
  0x000000001ade4000 JavaThread "Daemon" [_thread_blocked, id=31364, stack(0x000000001c470000,0x000000001c570000)]
  0x000000001a6e6000 JavaThread "Daemon periodic checks" [_thread_blocked, id=32108, stack(0x000000001c370000,0x000000001c470000)]
  0x000000001aca4000 JavaThread "Incoming local TCP Connector on port 55380" [_thread_in_native, id=30012, stack(0x000000001c130000,0x000000001c230000)]
  0x000000001ac4d800 JavaThread "Daemon health stats" [_thread_blocked, id=46416, stack(0x000000001baf0000,0x000000001bbf0000)]
  0x0000000018519800 JavaThread "Service Thread" daemon [_thread_blocked, id=32244, stack(0x0000000019150000,0x0000000019250000)]
  0x000000001848b000 JavaThread "C1 CompilerThread3" daemon [_thread_blocked, id=27340, stack(0x0000000019050000,0x0000000019150000)]
  0x0000000018485800 JavaThread "C2 CompilerThread2" daemon [_thread_blocked, id=39908, stack(0x0000000018f50000,0x0000000019050000)]
  0x0000000018481000 JavaThread "C2 CompilerThread1" daemon [_thread_in_native, id=4152, stack(0x0000000018e50000,0x0000000018f50000)]
=>0x000000001847d800 JavaThread "C2 CompilerThread0" daemon [_thread_in_native, id=19384, stack(0x0000000018d50000,0x0000000018e50000)]
  0x000000001847c800 JavaThread "Attach Listener" daemon [_thread_blocked, id=22392, stack(0x0000000018c50000,0x0000000018d50000)]
  0x0000000018479000 JavaThread "Signal Dispatcher" daemon [_thread_blocked, id=40200, stack(0x0000000018b50000,0x0000000018c50000)]
  0x0000000018471000 JavaThread "Finalizer" daemon [_thread_blocked, id=7324, stack(0x0000000018950000,0x0000000018a50000)]
  0x0000000018470800 JavaThread "Reference Handler" daemon [_thread_blocked, id=27332, stack(0x0000000018850000,0x0000000018950000)]
  0x00000000027b2800 JavaThread "main" [_thread_blocked, id=22636, stack(0x00000000026b0000,0x00000000027b0000)]

Other Threads:
  0x0000000016666000 VMThread [stack: 0x0000000018350000,0x0000000018450000] [id=20108]
  0x000000001851a800 WatcherThread [stack: 0x0000000019250000,0x0000000019350000] [id=23932]

VM state:not at safepoint (normal execution)

VM Mutex/Monitor currently owned by a thread: None

heap address: 0x00000000a0000000, size: 1536 MB, Compressed Oops mode: 32-bit
Narrow klass base: 0x0000000000000000, Narrow klass shift: 3
Compressed class space size: 1073741824 Address: 0x0000000100000000

Heap:
 PSYoungGen      total 38400K, used 35402K [0x00000000e0000000, 0x00000000e4b00000, 0x0000000100000000)
  eden space 33280K, 91% used [0x00000000e0000000,0x00000000e1d9a9c8,0x00000000e2080000)
  from space 5120K, 99% used [0x00000000e2580000,0x00000000e2a78020,0x00000000e2a80000)
  to   space 5120K, 0% used [0x00000000e2080000,0x00000000e2080000,0x00000000e2580000)
 ParOldGen       total 87552K, used 3936K [0x00000000a0000000, 0x00000000a5580000, 0x00000000e0000000)
  object space 87552K, 4% used [0x00000000a0000000,0x00000000a03d80e0,0x00000000a5580000)
 Metaspace       used 17278K, capacity 17706K, committed 18048K, reserved 1064960K
  class space    used 2479K, capacity 2627K, committed 2688K, reserved 1048576K

Card table byte_map: [0x0000000011c70000,0x0000000011f80000] byte_map_base: 0x0000000011770000

Marking Bits: (ParMarkBitMap*) 0x0000000059109f30
 Begin Bits: [0x0000000012980000, 0x0000000014180000)
 End Bits:   [0x0000000014180000, 0x0000000015980000)

Polling page: 0x00000000009d0000

CodeCache: size=245760Kb used=5500Kb max_used=5509Kb free=240259Kb
 bounds [0x00000000028b0000, 0x0000000002e20000, 0x00000000118b0000]
 total_blobs=1980 nmethods=1579 adapters=314
 compilation: enabled

Compilation events (10 events):
Event: 2.471 Thread 0x000000001848b000 1578  s    3       java.io.ExpiringCache::get (39 bytes)
Event: 2.471 Thread 0x000000001848b000 nmethod 1578 0x0000000002e0dd50 code [0x0000000002e0dee0, 0x0000000002e0e318]
Event: 2.490 Thread 0x000000001848b000 1579       3       org.gradle.internal.service.DefaultServiceRegistry$ParentServices::getService (11 bytes)
Event: 2.490 Thread 0x000000001848b000 nmethod 1579 0x0000000002e0d8d0 code [0x0000000002e0da40, 0x0000000002e0dc68]
Event: 2.496 Thread 0x000000001848b000 1580       3       java.io.File::<init> (20 bytes)
Event: 2.497 Thread 0x000000001848b000 nmethod 1580 0x0000000002e0d4d0 code [0x0000000002e0d620, 0x0000000002e0d810]
Event: 2.500 Thread 0x0000000018485800 1581       4       java.lang.ReflectiveOperationException::<init> (7 bytes)
Event: 2.502 Thread 0x0000000018485800 nmethod 1581 0x0000000002e13a90 code [0x0000000002e13be0, 0x0000000002e13f48]
Event: 2.507 Thread 0x000000001848b000 1582       3       java.lang.reflect.Method::setMethodAccessor (21 bytes)
Event: 2.508 Thread 0x000000001848b000 nmethod 1582 0x0000000002e13450 code [0x0000000002e135c0, 0x0000000002e13968]

GC Heap History (8 events):
Event: 0.616 GC heap before
{Heap before GC invocations=1 (full 0):
 PSYoungGen      total 38400K, used 33280K [0x00000000e0000000, 0x00000000e2a80000, 0x0000000100000000)
  eden space 33280K, 100% used [0x00000000e0000000,0x00000000e2080000,0x00000000e2080000)
  from space 5120K, 0% used [0x00000000e2580000,0x00000000e2580000,0x00000000e2a80000)
  to   space 5120K, 0% used [0x00000000e2080000,0x00000000e2080000,0x00000000e2580000)
 ParOldGen       total 87552K, used 0K [0x00000000a0000000, 0x00000000a5580000, 0x00000000e0000000)
  object space 87552K, 0% used [0x00000000a0000000,0x00000000a0000000,0x00000000a5580000)
 Metaspace       used 7027K, capacity 7276K, committed 7424K, reserved 1056768K
  class space    used 857K, capacity 940K, committed 1024K, reserved 1048576K
Event: 0.620 GC heap after
Heap after GC invocations=1 (full 0):
 PSYoungGen      total 38400K, used 4340K [0x00000000e0000000, 0x00000000e2a80000, 0x0000000100000000)
  eden space 33280K, 0% used [0x00000000e0000000,0x00000000e0000000,0x00000000e2080000)
  from space 5120K, 84% used [0x00000000e2080000,0x00000000e24bd300,0x00000000e2580000)
  to   space 5120K, 0% used [0x00000000e2580000,0x00000000e2580000,0x00000000e2a80000)
 ParOldGen       total 87552K, used 16K [0x00000000a0000000, 0x00000000a5580000, 0x00000000e0000000)
  object space 87552K, 0% used [0x00000000a0000000,0x00000000a0004000,0x00000000a5580000)
 Metaspace       used 7027K, capacity 7276K, committed 7424K, reserved 1056768K
  class space    used 857K, capacity 940K, committed 1024K, reserved 1048576K
}
Event: 0.851 GC heap before
{Heap before GC invocations=2 (full 0):
 PSYoungGen      total 38400K, used 37620K [0x00000000e0000000, 0x00000000e2a80000, 0x0000000100000000)
  eden space 33280K, 100% used [0x00000000e0000000,0x00000000e2080000,0x00000000e2080000)
  from space 5120K, 84% used [0x00000000e2080000,0x00000000e24bd300,0x00000000e2580000)
  to   space 5120K, 0% used [0x00000000e2580000,0x00000000e2580000,0x00000000e2a80000)
 ParOldGen       total 87552K, used 16K [0x00000000a0000000, 0x00000000a5580000, 0x00000000e0000000)
  object space 87552K, 0% used [0x00000000a0000000,0x00000000a0004000,0x00000000a5580000)
 Metaspace       used 7264K, capacity 7524K, committed 7680K, reserved 1056768K
  class space    used 889K, capacity 980K, committed 1024K, reserved 1048576K
Event: 0.853 GC heap after
Heap after GC invocations=2 (full 0):
 PSYoungGen      total 38400K, used 3313K [0x00000000e0000000, 0x00000000e2a80000, 0x0000000100000000)
  eden space 33280K, 0% used [0x00000000e0000000,0x00000000e0000000,0x00000000e2080000)
  from space 5120K, 64% used [0x00000000e2580000,0x00000000e28bc500,0x00000000e2a80000)
  to   space 5120K, 0% used [0x00000000e2080000,0x00000000e2080000,0x00000000e2580000)
 ParOldGen       total 87552K, used 24K [0x00000000a0000000, 0x00000000a5580000, 0x00000000e0000000)
  object space 87552K, 0% used [0x00000000a0000000,0x00000000a0006000,0x00000000a5580000)
 Metaspace       used 7264K, capacity 7524K, committed 7680K, reserved 1056768K
  class space    used 889K, capacity 980K, committed 1024K, reserved 1048576K
}
Event: 1.713 GC heap before
{Heap before GC invocations=3 (full 0):
 PSYoungGen      total 38400K, used 36593K [0x00000000e0000000, 0x00000000e2a80000, 0x0000000100000000)
  eden space 33280K, 100% used [0x00000000e0000000,0x00000000e2080000,0x00000000e2080000)
  from space 5120K, 64% used [0x00000000e2580000,0x00000000e28bc500,0x00000000e2a80000)
  to   space 5120K, 0% used [0x00000000e2080000,0x00000000e2080000,0x00000000e2580000)
 ParOldGen       total 87552K, used 24K [0x00000000a0000000, 0x00000000a5580000, 0x00000000e0000000)
  object space 87552K, 0% used [0x00000000a0000000,0x00000000a0006000,0x00000000a5580000)
 Metaspace       used 12264K, capacity 12662K, committed 12800K, reserved 1060864K
  class space    used 1640K, capacity 1771K, committed 1792K, reserved 1048576K
Event: 1.718 GC heap after
Heap after GC invocations=3 (full 0):
 PSYoungGen      total 38400K, used 5108K [0x00000000e0000000, 0x00000000e2a80000, 0x0000000100000000)
  eden space 33280K, 0% used [0x00000000e0000000,0x00000000e0000000,0x00000000e2080000)
  from space 5120K, 99% used [0x00000000e2080000,0x00000000e257d0b0,0x00000000e2580000)
  to   space 5120K, 0% used [0x00000000e2580000,0x00000000e2580000,0x00000000e2a80000)
 ParOldGen       total 87552K, used 1426K [0x00000000a0000000, 0x00000000a5580000, 0x00000000e0000000)
  object space 87552K, 1% used [0x00000000a0000000,0x00000000a0164908,0x00000000a5580000)
 Metaspace       used 12264K, capacity 12662K, committed 12800K, reserved 1060864K
  class space    used 1640K, capacity 1771K, committed 1792K, reserved 1048576K
}
Event: 2.107 GC heap before
{Heap before GC invocations=4 (full 0):
 PSYoungGen      total 38400K, used 38388K [0x00000000e0000000, 0x00000000e2a80000, 0x0000000100000000)
  eden space 33280K, 100% used [0x00000000e0000000,0x00000000e2080000,0x00000000e2080000)
  from space 5120K, 99% used [0x00000000e2080000,0x00000000e257d0b0,0x00000000e2580000)
  to   space 5120K, 0% used [0x00000000e2580000,0x00000000e2580000,0x00000000e2a80000)
 ParOldGen       total 87552K, used 1426K [0x00000000a0000000, 0x00000000a5580000, 0x00000000e0000000)
  object space 87552K, 1% used [0x00000000a0000000,0x00000000a0164908,0x00000000a5580000)
 Metaspace       used 14587K, capacity 14974K, committed 15232K, reserved 1062912K
  class space    used 2039K, capacity 2159K, committed 2176K, reserved 1048576K
Event: 2.115 GC heap after
Heap after GC invocations=4 (full 0):
 PSYoungGen      total 38400K, used 5088K [0x00000000e0000000, 0x00000000e4b00000, 0x0000000100000000)
  eden space 33280K, 0% used [0x00000000e0000000,0x00000000e0000000,0x00000000e2080000)
  from space 5120K, 99% used [0x00000000e2580000,0x00000000e2a78020,0x00000000e2a80000)
  to   space 5120K, 0% used [0x00000000e2080000,0x00000000e2080000,0x00000000e2580000)
 ParOldGen       total 87552K, used 3936K [0x00000000a0000000, 0x00000000a5580000, 0x00000000e0000000)
  object space 87552K, 4% used [0x00000000a0000000,0x00000000a03d80e0,0x00000000a5580000)
 Metaspace       used 14587K, capacity 14974K, committed 15232K, reserved 1062912K
  class space    used 2039K, capacity 2159K, committed 2176K, reserved 1048576K
}

Deoptimization events (10 events):
Event: 1.661 Thread 0x000000001ae70000 Uncommon trap: reason=bimorphic action=maybe_recompile pc=0x0000000002afa4c0 method=java.util.HashMap.putVal(ILjava/lang/Object;Ljava/lang/Object;ZZ)Ljava/lang/Object; @ 253
Event: 1.661 Thread 0x000000001ae70000 Uncommon trap: reason=bimorphic action=maybe_recompile pc=0x0000000002afa4c0 method=java.util.HashMap.putVal(ILjava/lang/Object;Ljava/lang/Object;ZZ)Ljava/lang/Object; @ 253
Event: 1.661 Thread 0x000000001ae70000 Uncommon trap: reason=bimorphic action=maybe_recompile pc=0x0000000002afa4c0 method=java.util.HashMap.putVal(ILjava/lang/Object;Ljava/lang/Object;ZZ)Ljava/lang/Object; @ 253
Event: 1.661 Thread 0x000000001ae70000 Uncommon trap: reason=bimorphic action=maybe_recompile pc=0x0000000002afb620 method=java.util.HashMap.putVal(ILjava/lang/Object;Ljava/lang/Object;ZZ)Ljava/lang/Object; @ 253
Event: 1.912 Thread 0x000000001ae70000 Uncommon trap: reason=class_check action=maybe_recompile pc=0x0000000002b956d8 method=java.util.regex.Matcher.match(II)Z @ 86
Event: 1.927 Thread 0x000000001ae70000 Uncommon trap: reason=class_check action=maybe_recompile pc=0x0000000002b956d8 method=java.util.regex.Matcher.match(II)Z @ 86
Event: 1.927 Thread 0x000000001ae70000 Uncommon trap: reason=class_check action=maybe_recompile pc=0x0000000002b956d8 method=java.util.regex.Matcher.match(II)Z @ 86
Event: 1.927 Thread 0x000000001ae70000 Uncommon trap: reason=class_check action=maybe_recompile pc=0x0000000002a1dd5c method=java.util.regex.Matcher.match(II)Z @ 86
Event: 2.229 Thread 0x000000001ae70000 Uncommon trap: reason=unstable_if action=reinterpret pc=0x0000000002d43c34 method=java.lang.String.lastIndexOf([CII[CIII)I @ 66
Event: 2.361 Thread 0x000000001ae70000 Uncommon trap: reason=unstable_if action=reinterpret pc=0x0000000002d46f74 method=java.util.HashMap.putVal(ILjava/lang/Object;Ljava/lang/Object;ZZ)Ljava/lang/Object; @ 236

Classes redefined (0 events):
No events

Internal exceptions (10 events):
Event: 1.622 Thread 0x000000001ade6000 Exception <a 'java/lang/NoSuchMethodError': <clinit>> (0x00000000e1a97ba0) thrown at [D:\src\AOSP-openjdk-cygwin\jdk8u\hotspot\src\share\vm\prims\jni.cpp, line 1614]
Event: 1.623 Thread 0x000000001ade6000 Exception <a 'java/lang/NoSuchMethodError': <clinit>> (0x00000000e1aa0830) thrown at [D:\src\AOSP-openjdk-cygwin\jdk8u\hotspot\src\share\vm\prims\jni.cpp, line 1614]
Event: 1.624 Thread 0x000000001ade6000 Exception <a 'java/lang/NoSuchMethodError': <clinit>> (0x00000000e1ab6f00) thrown at [D:\src\AOSP-openjdk-cygwin\jdk8u\hotspot\src\share\vm\prims\jni.cpp, line 1614]
Event: 1.631 Thread 0x000000001ade6000 Exception <a 'java/lang/NoSuchMethodError': <clinit>> (0x00000000e1b15170) thrown at [D:\src\AOSP-openjdk-cygwin\jdk8u\hotspot\src\share\vm\prims\jni.cpp, line 1614]
Event: 1.634 Thread 0x000000001ade6000 Exception <a 'java/lang/NoSuchMethodError': <clinit>> (0x00000000e1b41ec8) thrown at [D:\src\AOSP-openjdk-cygwin\jdk8u\hotspot\src\share\vm\prims\jni.cpp, line 1614]
Event: 1.637 Thread 0x000000001ade6000 Exception <a 'java/lang/NoSuchMethodError': <clinit>> (0x00000000e1b70328) thrown at [D:\src\AOSP-openjdk-cygwin\jdk8u\hotspot\src\share\vm\prims\jni.cpp, line 1614]
Event: 1.638 Thread 0x000000001ade6000 Exception <a 'java/lang/NoSuchMethodError': <clinit>> (0x00000000e1b7b730) thrown at [D:\src\AOSP-openjdk-cygwin\jdk8u\hotspot\src\share\vm\prims\jni.cpp, line 1614]
Event: 2.190 Thread 0x000000001ae70000 Exception <a 'java/lang/NoSuchMethodError': java.lang.Object.lambda$and$0(Ljava/util/function/Predicate;Ljava/lang/Object;)Z> (0x00000000e073c148) thrown at [D:\src\AOSP-openjdk-cygwin\jdk8u\hotspot\src\share\vm\interpreter\linkResolver.cpp, line 620]
Event: 2.201 Thread 0x000000001ae70000 Exception <a 'java/lang/IncompatibleClassChangeError': Found class java.lang.Object, but interface was expected> (0x00000000e0752438) thrown at [D:\src\AOSP-openjdk-cygwin\jdk8u\hotspot\src\share\vm\interpreter\linkResolver.cpp, line 653]
Event: 2.205 Thread 0x000000001ae70000 Exception <a 'java/lang/NoSuchMethodError': java.lang.Object.lambda$or$2(Ljava/util/function/Predicate;Ljava/lang/Object;)Z> (0x00000000e0757348) thrown at [D:\src\AOSP-openjdk-cygwin\jdk8u\hotspot\src\share\vm\interpreter\linkResolver.cpp, line 620]

Events (10 events):
Event: 2.552 loading class kotlin/reflect/jvm/internal/KClassImpl
Event: 2.552 loading class kotlin/reflect/jvm/internal/KClassImpl done
Event: 2.553 loading class kotlin/reflect/jvm/internal/KClassifierImpl
Event: 2.553 loading class kotlin/reflect/jvm/internal/KClassifierImpl done
Event: 2.553 loading class kotlin/reflect/jvm/internal/impl/resolve/scopes/ResolutionScope
Event: 2.553 loading class kotlin/reflect/jvm/internal/impl/resolve/scopes/ResolutionScope done
Event: 2.554 loading class kotlin/TypeCastException
Event: 2.554 loading class kotlin/TypeCastException done
Event: 2.555 loading class kotlin/NoWhenBranchMatchedException
Event: 2.555 loading class kotlin/NoWhenBranchMatchedException done


Dynamic libraries:
0x00007ff67e680000 - 0x00007ff67e6b1000 	C:\Program Files\Android\Android Studio\jre\bin\java.exe
0x00007ffb60960000 - 0x00007ffb60b50000 	C:\WINDOWS\SYSTEM32\ntdll.dll
0x00007ffb5f9e0000 - 0x00007ffb5fa92000 	C:\WINDOWS\System32\KERNEL32.DLL
0x00007ffb5e460000 - 0x00007ffb5e703000 	C:\WINDOWS\System32\KERNELBASE.dll
0x00007ffb60330000 - 0x00007ffb603d3000 	C:\WINDOWS\System32\ADVAPI32.dll
0x00007ffb5fe20000 - 0x00007ffb5febe000 	C:\WINDOWS\System32\msvcrt.dll
0x00007ffb60880000 - 0x00007ffb60917000 	C:\WINDOWS\System32\sechost.dll
0x00007ffb5faa0000 - 0x00007ffb5fbc0000 	C:\WINDOWS\System32\RPCRT4.dll
0x00007ffb5f300000 - 0x00007ffb5f494000 	C:\WINDOWS\System32\USER32.dll
0x00007ffb5e790000 - 0x00007ffb5e7b1000 	C:\WINDOWS\System32\win32u.dll
0x00007ffb5fc40000 - 0x00007ffb5fc66000 	C:\WINDOWS\System32\GDI32.dll
0x00007ffb5daa0000 - 0x00007ffb5dc34000 	C:\WINDOWS\System32\gdi32full.dll
0x00007ffb5e8c0000 - 0x00007ffb5e95e000 	C:\WINDOWS\System32\msvcp_win.dll
0x00007ffb5e7c0000 - 0x00007ffb5e8ba000 	C:\WINDOWS\System32\ucrtbase.dll
0x00007ffb4d1a0000 - 0x00007ffb4d425000 	C:\WINDOWS\WinSxS\amd64_microsoft.windows.common-controls_6595b64144ccf1df_6.0.18362.720_none_e6beb5c51314836b\COMCTL32.dll
0x00007ffb603e0000 - 0x00007ffb60716000 	C:\WINDOWS\System32\combase.dll
0x00007ffb5e3e0000 - 0x00007ffb5e460000 	C:\WINDOWS\System32\bcryptPrimitives.dll
0x00007ffb60720000 - 0x00007ffb6074e000 	C:\WINDOWS\System32\IMM32.DLL
0x00000000584e0000 - 0x00000000585b2000 	C:\Program Files\Android\Android Studio\jre\jre\bin\msvcr100.dll
0x0000000058940000 - 0x0000000059186000 	C:\Program Files\Android\Android Studio\jre\jre\bin\server\jvm.dll
0x00007ffb60150000 - 0x00007ffb60158000 	C:\WINDOWS\System32\PSAPI.DLL
0x00007ffb54fe0000 - 0x00007ffb54fea000 	C:\WINDOWS\SYSTEM32\VERSION.dll
0x00007ffb5b770000 - 0x00007ffb5b794000 	C:\WINDOWS\SYSTEM32\WINMM.dll
0x00007ffb4cd80000 - 0x00007ffb4cd89000 	C:\WINDOWS\SYSTEM32\WSOCK32.dll
0x00007ffb5f500000 - 0x00007ffb5f56f000 	C:\WINDOWS\System32\WS2_32.dll
0x00007ffb5b520000 - 0x00007ffb5b54d000 	C:\WINDOWS\SYSTEM32\winmmbase.dll
0x00007ffb5e740000 - 0x00007ffb5e78a000 	C:\WINDOWS\System32\cfgmgr32.dll
0x00007ffb56e20000 - 0x00007ffb56e2f000 	C:\Program Files\Android\Android Studio\jre\jre\bin\verify.dll
0x00007ffb56ca0000 - 0x00007ffb56cc9000 	C:\Program Files\Android\Android Studio\jre\jre\bin\java.dll
0x00007ffb4ec00000 - 0x00007ffb4ec16000 	C:\Program Files\Android\Android Studio\jre\jre\bin\zip.dll
0x00007ffb5ec10000 - 0x00007ffb5f2f5000 	C:\WINDOWS\System32\SHELL32.dll
0x00007ffb5eb60000 - 0x00007ffb5ec09000 	C:\WINDOWS\System32\shcore.dll
0x00007ffb5dc60000 - 0x00007ffb5e3e0000 	C:\WINDOWS\System32\windows.storage.dll
0x00007ffb5d8c0000 - 0x00007ffb5d8e3000 	C:\WINDOWS\System32\profapi.dll
0x00007ffb5d830000 - 0x00007ffb5d87a000 	C:\WINDOWS\System32\powrprof.dll
0x00007ffb5d820000 - 0x00007ffb5d830000 	C:\WINDOWS\System32\UMPDC.dll
0x00007ffb60820000 - 0x00007ffb60872000 	C:\WINDOWS\System32\shlwapi.dll
0x00007ffb5d8a0000 - 0x00007ffb5d8b1000 	C:\WINDOWS\System32\kernel.appcore.dll
0x00007ffb5dc40000 - 0x00007ffb5dc57000 	C:\WINDOWS\System32\cryptsp.dll
0x00007ffb4e800000 - 0x00007ffb4e81a000 	C:\Program Files\Android\Android Studio\jre\jre\bin\net.dll
0x00007ffb4b930000 - 0x00007ffb4bb05000 	C:\WINDOWS\SYSTEM32\urlmon.dll
0x00007ffb4b260000 - 0x00007ffb4b506000 	C:\WINDOWS\SYSTEM32\iertutil.dll
0x00007ffb5d200000 - 0x00007ffb5d20c000 	C:\WINDOWS\SYSTEM32\CRYPTBASE.DLL
0x00007ffb5d030000 - 0x00007ffb5d097000 	C:\WINDOWS\system32\mswsock.dll
0x00007ffb4e7e0000 - 0x00007ffb4e7f3000 	C:\Program Files\Android\Android Studio\jre\jre\bin\nio.dll
0x00007ffb57900000 - 0x00007ffb57926000 	C:\Users\Aagam Shah\.gradle\native\30\windows-amd64\native-platform.dll
0x00007ffb56bd0000 - 0x00007ffb56bdd000 	C:\Program Files\Android\Android Studio\jre\jre\bin\management.dll
0x00007ffb5cba0000 - 0x00007ffb5cbd3000 	C:\WINDOWS\system32\rsaenh.dll
0x00007ffb5e710000 - 0x00007ffb5e736000 	C:\WINDOWS\System32\bcrypt.dll
0x00007ffb5d710000 - 0x00007ffb5d735000 	C:\WINDOWS\SYSTEM32\USERENV.dll
0x00007ffb5cd40000 - 0x00007ffb5cd7a000 	C:\WINDOWS\SYSTEM32\IPHLPAPI.DLL
0x00007ffb602a0000 - 0x00007ffb602a8000 	C:\WINDOWS\System32\NSI.dll
0x00007ffb55bd0000 - 0x00007ffb55be6000 	C:\WINDOWS\SYSTEM32\dhcpcsvc6.DLL
0x00007ffb57390000 - 0x00007ffb573ac000 	C:\WINDOWS\SYSTEM32\dhcpcsvc.DLL
0x00007ffb5cd80000 - 0x00007ffb5ce4a000 	C:\WINDOWS\SYSTEM32\DNSAPI.dll

VM Arguments:
jvm_args: -Xmx1536m -Dfile.encoding=windows-1252 -Duser.country=IN -Duser.language=en -Duser.variant 
java_command: org.gradle.launcher.daemon.bootstrap.GradleDaemon 5.6.4
java_class_path (initial): C:\Users\Aagam Shah\.gradle\wrapper\dists\gradle-5.6.4-all\ankdp27end7byghfw1q2sw75f\gradle-5.6.4\lib\gradle-launcher-5.6.4.jar
Launcher Type: SUN_STANDARD

Environment Variables:
PATH=C:\ProgramData\Anaconda3;C:\ProgramData\Anaconda3\Library\mingw-w64\bin;C:\ProgramData\Anaconda3\Library\usr\bin;C:\ProgramData\Anaconda3\Library\bin;C:\ProgramData\Anaconda3\Scripts;C:\Program Files (x86)\Intel\Intel(R) Management Engine Components\iCLS\;C:\Program Files\Intel\Intel(R) Management Engine Components\iCLS\;C:\WINDOWS\system32;C:\WINDOWS;C:\WINDOWS\System32\Wbem;C:\WINDOWS\System32\WindowsPowerShell\v1.0\;C:\WINDOWS\System32\OpenSSH\;C:\Program Files (x86)\Intel\Intel(R) Management Engine Components\DAL;C:\Program Files\Intel\Intel(R) Management Engine Components\DAL;C:\Program Files (x86)\Intel\Intel(R) Management Engine Components\IPT;C:\Program Files\Intel\Intel(R) Management Engine Components\IPT;C:\Program Files\Java\jdk-12.0.2\bin;C:\Android;C:\Windows\System32;C:\Program Files\Git\cmd;C:\Program Files\MySQL\MySQL Shell 8.0\bin\;C:\Users\Aagam Shah\AppData\Local\Programs\Python\Python37-32\Scripts\;C:\Users\Aagam Shah\AppData\Local\Programs\Python\Python37-32\;C:\Users\Aagam Shah\AppData\Local\Microsoft\WindowsApps;C:\Users\Aagam Shah\AppData\Local\atom\bin;C:\Program Files\JetBrains\PyCharm Community Edition 2019.2\bin;C:\Users\Aagam Shah\AppData\Local\GitHubDesktop\bin
USERNAME=Aagam Shah
OS=Windows_NT
PROCESSOR_IDENTIFIER=Intel64 Family 6 Model 142 Stepping 10, GenuineIntel



---------------  S Y S T E M  ---------------

OS: Windows 10.0 , 64 bit Build 18362 (10.0.18362.329)

CPU:total 8 (initial active 8) (4 cores per cpu, 2 threads per core) family 6 model 142 stepping 10, cmov, cx8, fxsr, mmx, sse, sse2, sse3, ssse3, sse4.1, sse4.2, popcnt, avx, avx2, aes, clmul, erms, 3dnowpref, lzcnt, ht, tsc, tscinvbit, bmi1, bmi2, adx

Memory: 4k page, physical 8286588k(482732k free), swap 12480892k(2436k free)

vm_info: OpenJDK 64-Bit Server VM (25.212-b04) for windows-amd64 JRE (1.8.0_212-release-1586-b04), built by "builder" with MS VC++ 10.0 (VS2010)

time: Fri Apr 03 16:48:31 2020
timezone: India Standard Time
elapsed time: 2 seconds (0d 0h 0m 2s)

